#
# A fatal error has been detected by the Java Runtime Environment:
#
#  EXCEPTION_ACCESS_VIOLATION (0xc0000005) at pc=0x00007ff983e27d30, pid=15892, tid=16352
#
# JRE version: Java(TM) SE Runtime Environment Oracle GraalVM 22.0.2+9.1 (22.0.2+9) (build 22.0.2+9-jvmci-b01)
# Java VM: Java HotSpot(TM) 64-Bit Server VM Oracle GraalVM 22.0.2+9.1 (22.0.2+9-jvmci-b01, mixed mode, sharing, tiered, jvmci, jvmci compiler, compressed oops, compressed class ptrs, g1 gc, windows-amd64)
# Problematic frame:
# C  [VkLayer_khronos_validation.dll+0x6b7d30]
#
# No core dump will be written. Minidumps are not enabled by default on client versions of Windows
#
# If you would like to submit a bug report, please visit:
#   https://bugreport.java.com/bugreport/crash.jsp
# The crash happened outside the Java Virtual Machine in native code.
# See problematic frame for where to report the bug.
#

---------------  S U M M A R Y ------------

Command Line: -XX:ThreadPriorityPolicy=1 -XX:+UnlockExperimentalVMOptions -XX:+EnableJVMCIProduct -XX:-UnlockExperimentalVMOptions -javaagent:C:\Program Files\JetBrains\IntelliJ IDEA Community Edition 2024.1.4\lib\idea_rt.jar=50925:C:\Program Files\JetBrains\IntelliJ IDEA Community Edition 2024.1.4\bin -Dfile.encoding=UTF-8 -Dsun.stdout.encoding=UTF-8 -Dsun.stderr.encoding=UTF-8 com.kgaft.VulkanLib.Main

Host: 12th Gen Intel(R) Core(TM) i7-12700H, 20 cores, 31G,  Windows 10 , 64 bit Build 19041 (10.0.19041.4597)
Time: Thu Aug  8 22:48:41 2024 Russia TZ 2 Standard Time elapsed time: 1.036872 seconds (0d 0h 0m 1s)

---------------  T H R E A D  ---------------

Current thread (0x000001d04506b850):  JavaThread "main"             [_thread_in_native, id=16352, stack(0x000000954ce00000,0x000000954cf00000) (1024K)]

Stack: [0x000000954ce00000,0x000000954cf00000],  sp=0x000000954cefdac0,  free space=1014k
Native frames: (J=compiled Java code, j=interpreted, Vv=VM code, C=native code)
C  [VkLayer_khronos_validation.dll+0x6b7d30]  StatelessValidation::ValidateRangedEnumArray<enum VkFormat>+0x80  (stateless_validation.h:447)
C  [VkLayer_khronos_validation.dll+0x7f663b]  StatelessValidation::ValidatePipelineRenderingCreateInfo+0x32b  (sl_pipeline.cpp:153)
C  [VkLayer_khronos_validation.dll+0x7f7557]  StatelessValidation::manual_PreCallValidateCreateGraphicsPipelines+0x387  (sl_pipeline.cpp:328)
C  [VkLayer_khronos_validation.dll+0x6450fa]  StatelessValidation::PreCallValidateCreateGraphicsPipelines+0x58a  (stateless_validation_helper.cpp:11200)
C  [VkLayer_khronos_validation.dll+0x53bac4]  vulkan_layer_chassis::CreateGraphicsPipelines+0x244  (chassis.cpp:802)
C  [lwjgl.dll+0x1171c]  (no source info available)
C  0x000001d055f9cb27  (no source info available)

The last pc belongs to native method entry point (kind = native) (printed below).
Java frames: (J=compiled Java code, j=interpreted, Vv=VM code)
j  org.lwjgl.system.JNI.callPJPPPI(JJIJJ[JJ)I+0
j  org.lwjgl.vulkan.VK10.vkCreateGraphicsPipelines(Lorg/lwjgl/vulkan/VkDevice;JLorg/lwjgl/vulkan/VkGraphicsPipelineCreateInfo$Buffer;Lorg/lwjgl/vulkan/VkAllocationCallbacks;[J)I+65
j  com.kgaft.VulkanLib.Pipelines.GraphicsPipeline.GraphicsPipeline.create(IIILcom/kgaft/VulkanLib/Shader/Shader;Ljava/util/List;I)V+528
j  com.kgaft.VulkanLib.Pipelines.GraphicsPipeline.GraphicsPipeline.<init>(Lcom/kgaft/VulkanLib/Pipelines/GraphicsPipeline/Configuration/GraphicsPipelineBuilder;ILcom/kgaft/VulkanLib/Device/LogicalDevice/LogicalDevice;Lcom/kgaft/VulkanLib/Shader/Shader;II)V+79
j  com.kgaft.VulkanLib.RenderPipeline.GraphicsRenderPipeline.<init>(Lcom/kgaft/VulkanLib/Device/LogicalDevice/LogicalDevice;Lcom/kgaft/VulkanLib/Device/SwapChain;Lcom/kgaft/VulkanLib/Pipelines/GraphicsPipeline/Configuration/GraphicsPipelineBuilder;Lcom/kgaft/VulkanLib/Shader/Shader;Lcom/kgaft/VulkanLib/Utils/LwjglObject;I)V+223
j  com.kgaft.VulkanLib.Main.main([Ljava/lang/String;)V+503
v  ~StubRoutines::call_stub 0x000001d055f9100d

siginfo: EXCEPTION_ACCESS_VIOLATION (0xc0000005), reading address 0x0000000000000010


Registers:
RAX=0x0000000000000001, RBX=0x000001e073aaca00, RCX=0x00000595580d7800, RDX=0x000000954cefdd40
RSP=0x000000954cefdac0, RBP=0x000000954cefdbc0, RSI=0x00007ff98444ce80, RDI=0xffffffffffffffff
R8 =0x000000954cefdd20, R9 =0x000000954cefdd20, R10=0x00007ff98444dbd8, R11=0x000000954cefe7b0
R12=0x0000000000000010, R13=0x0000000000000000, R14=0x000001d873001740, R15=0x00000595580d7800
RIP=0x00007ff983e27d30, EFLAGS=0x0000000000010202


Register to memory mapping:

RAX=0x0000000000000001 is an unknown value
RBX=0x000001e073aaca00 points into unknown readable memory: 0x0000000000000000 | 00 00 00 00 00 00 00 00
RCX=0x00000595580d7800 points into unknown readable memory: 0x00007ff9843c4e10 | 10 4e 3c 84 f9 7f 00 00
RDX=0x000000954cefdd40 is pointing into the stack for thread: 0x000001d04506b850
RSP=0x000000954cefdac0 is pointing into the stack for thread: 0x000001d04506b850
RBP=0x000000954cefdbc0 is pointing into the stack for thread: 0x000001d04506b850
RSI=0x00007ff98444ce80 VkLayer_khronos_validation.dll::`string' + 0x0
RDI=0xffffffffffffffff is an unknown value
R8 =0x000000954cefdd20 is pointing into the stack for thread: 0x000001d04506b850
R9 =0x000000954cefdd20 is pointing into the stack for thread: 0x000001d04506b850
R10=0x00007ff98444dbd8 VkLayer_khronos_validation.dll::`string' + 0x0
R11=0x000000954cefe7b0 is pointing into the stack for thread: 0x000001d04506b850
R12=0x0000000000000010 is an unknown value
R13=0x0 is null
R14=0x000001d873001740 points into unknown readable memory: 0x000000003b9b75e2 | e2 75 9b 3b 00 00 00 00
R15=0x00000595580d7800 points into unknown readable memory: 0x00007ff9843c4e10 | 10 4e 3c 84 f9 7f 00 00

Top of Stack: (sp=0x000000954cefdac0)
0x000000954cefdac0:   000000954cefe0d0 000000954cefe0c8
0x000000954cefdad0:   0000000000000000 000000954cefdae0
0x000000954cefdae0:   000000954cefe088 000000954cefe080
0x000000954cefdaf0:   0000000000000000 0000000000000206
0x000000954cefdb00:   000000954cefdb00 000000954cefdd20
0x000000954cefdb10:   0000000000000007 000000954cefe0a0
0x000000954cefdb20:   0000000000000008 0000000000000000
0x000000954cefdb30:   0000000000000001 00007ff9f59e4980
0x000000954cefdb40:   0000000000000001 00007ff9f5970000
0x000000954cefdb50:   00007ff9f59c2154 000000954cefdcd0
0x000000954cefdb60:   0000000000000000 00007ffa040a1040
0x000000954cefdb70:   00007ff9f5970000 00007ff9f598171c
0x000000954cefdb80:   00007ff9f598171c 00007ffa00000001
0x000000954cefdb90:   000000954cefdcd0 00007ff983e2904d
0x000000954cefdba0:   000000954cefdc08 00007ff983f89ce4
0x000000954cefdbb0:   0000000000000003 0000000000000000
0x000000954cefdbc0:   0000000000000003 0000000000000000
0x000000954cefdbd0:   00007ff986770c90 0000000000000023
0x000000954cefdbe0:   00007ff9f59e4980 000000954cefe1d0
0x000000954cefdbf0:   000000950000004e 00000595580d7800
0x000000954cefdc00:   000000954cefe538 00007ff900000000
0x000000954cefdc10:   000000954cefdcd0 000000954cefe1d0
0x000000954cefdc20:   000000954cefe230 000000954cefe228
0x000000954cefdc30:   0000000000000000 000000954cefdc40
0x000000954cefdc40:   000000954cefe1e8 000000954cefe1e0
0x000000954cefdc50:   0000000000000000 0000000000000206
0x000000954cefdc60:   000000954cefdcd0 00007ffa040c2a31
0x000000954cefdc70:   000054cd3a053229 000000954cefe200
0x000000954cefdc80:   000054cd3a053359 0000000000000000
0x000000954cefdc90:   000000954cefdf18 000001d873001740
0x000000954cefdca0:   00000595580d7800 00000595580d7800
0x000000954cefdcb0:   0000000000000000 0000000000000000 

Instructions: (pc=0x00007ff983e27d30)
0x00007ff983e27c30:   44 24 40 48 8d 05 26 9f 60 00 48 89 44 24 30 48
0x00007ff983e27c40:   c7 44 24 38 2f 00 00 00 0f 28 44 24 30 66 0f 7f
0x00007ff983e27c50:   44 24 30 48 8d 05 36 46 4e 00 48 89 44 24 20 4c
0x00007ff983e27c60:   8b ce 4c 8d 44 24 40 48 8d 54 24 30 48 8b cf e8
0x00007ff983e27c70:   dc c9 c8 ff 0f b6 d8 48 8d 4c 24 40 e8 df 20 c5
0x00007ff983e27c80:   ff 0f b6 c3 eb 02 32 c0 48 8b 8c 24 a0 00 00 00
0x00007ff983e27c90:   48 33 cc e8 88 3f 33 00 4c 8d 9c 24 b0 00 00 00
0x00007ff983e27ca0:   49 8b 5b 20 49 8b 73 28 49 8b e3 5f c3 cc cc cc
0x00007ff983e27cb0:   48 89 5c 24 20 55 56 57 41 54 41 55 41 56 41 57
0x00007ff983e27cc0:   48 8d ac 24 30 ff ff ff 48 81 ec d0 01 00 00 48
0x00007ff983e27cd0:   8b 05 3a ac 8c 00 48 33 c4 48 89 85 c0 00 00 00
0x00007ff983e27ce0:   4d 8b c8 4c 89 44 24 48 48 8b f2 4c 8b f9 4c 8b
0x00007ff983e27cf0:   a5 38 01 00 00 32 db 88 5c 24 40 8b 85 30 01 00
0x00007ff983e27d00:   00 4d 85 e4 0f 84 99 02 00 00 85 c0 0f 84 91 02
0x00007ff983e27d10:   00 00 45 33 ed 85 c0 0f 84 ce 03 00 00 49 8d 7d
0x00007ff983e27d20:   ff 48 8b b5 58 01 00 00 0f 1f 84 00 00 00 00 00
0x00007ff983e27d30:   45 8b 34 24 41 8b d6 49 8b cf e8 c1 92 f0 ff 83
0x00007ff983e27d40:   f8 01 0f 85 ca 00 00 00 48 8b 05 b1 fb 7f 00 48
0x00007ff983e27d50:   89 44 24 60 41 8b 51 08 41 8b 49 04 41 8b 01 89
0x00007ff983e27d60:   45 80 89 4d 84 89 55 88 44 89 6d 8c c6 45 90 00
0x00007ff983e27d70:   4c 89 4d 98 49 8b 9f a0 16 00 00 48 8d 4d b0 e8
0x00007ff983e27d80:   4c 20 c5 ff 90 8b 55 b0 ff c2 48 8d 4d b0 e8 4d
0x00007ff983e27d90:   3a c5 ff 8b 45 b0 48 c1 e0 04 48 03 45 00 48 89
0x00007ff983e27da0:   18 c7 40 08 05 00 00 00 ff 45 b0 48 89 75 a0 48
0x00007ff983e27db0:   8b c7 48 ff c0 80 3c 06 00 75 f7 48 89 45 a8 0f
0x00007ff983e27dc0:   28 45 a0 66 0f 7f 44 24 70 48 8b 44 24 60 48 89
0x00007ff983e27dd0:   44 24 30 44 89 74 24 28 48 8d 05 f1 9c 60 00 48
0x00007ff983e27de0:   89 44 24 20 4c 8d 4d 80 4c 8d 45 b0 48 8d 54 24
0x00007ff983e27df0:   70 49 8b cf e8 57 c8 c8 ff 0f b6 5c 24 40 0a d8
0x00007ff983e27e00:   88 5c 24 40 48 8d 4d b0 e8 53 1f c5 ff e9 73 01
0x00007ff983e27e10:   00 00 83 f8 02 0f 85 6f 01 00 00 49 83 bf a0 16
0x00007ff983e27e20:   00 00 00 0f 84 61 01 00 00 45 8b c6 48 8d 55 10 


Stack slot to memory mapping:

stack at sp + 0 slots: 0x000000954cefe0d0 is pointing into the stack for thread: 0x000001d04506b850
stack at sp + 1 slots: 0x000000954cefe0c8 is pointing into the stack for thread: 0x000001d04506b850
stack at sp + 2 slots: 0x0 is null
stack at sp + 3 slots: 0x000000954cefdae0 is pointing into the stack for thread: 0x000001d04506b850
stack at sp + 4 slots: 0x000000954cefe088 is pointing into the stack for thread: 0x000001d04506b850
stack at sp + 5 slots: 0x000000954cefe080 is pointing into the stack for thread: 0x000001d04506b850
stack at sp + 6 slots: 0x0 is null
stack at sp + 7 slots: 0x0000000000000206 is an unknown value

native method entry point (kind = native)  [0x000001d055f9c700, 0x000001d055f9d220]  2848 bytes
[MachCode]
  0x000001d055f9c700: 488b 4b08 | 0fb7 492e | 584c 8d74 | ccf8 6800 | 0000 0068 | 0000 0000 | 5055 488b | ec41 5568 
  0x000001d055f9c720: 0000 0000 | 4c8b 6b08 | 4d8d 6d38 | 5348 8b53 | 0848 8b52 | 0848 8b52 | 1848 8b52 | 7048 8b12 
  0x000001d055f9c740: 5248 8b53 | 1048 85d2 | 0f84 0700 | 0000 4881 | c210 0100 | 0052 488b | 5308 488b | 5208 488b 
  0x000001d055f9c760: 5210 5249 | 8bc6 482b | c548 c1e8 | 0350 6800 | 0000 0068 | f7ff ffff | 41c6 8781 | 0400 0001 
  0x000001d055f9c780: 488b 4310 | 4885 c074 | 208b 88cc | 0000 0083 | c102 8988 | cc00 0000 | 2388 e000 | 0000 0f84 
  0x000001d055f9c7a0: cb09 0000 | e9cf 0000 | 0048 8b43 | 1848 85c0 | 0f85 b000 | 0000 e805 | 0000 00e9 | 9900 0000 
  0x000001d055f9c7c0: 488b d348 | 8d44 2408 | 4c89 6dc0 | 498b cfc5 | f877 4989 | afb0 0300 | 0049 8987 | a003 0000 
  0x000001d055f9c7e0: 4883 ec20 | 40f6 c40f | 0f84 1900 | 0000 4883 | ec08 48b8 | 00a7 d689 | f97f 0000 | ffd0 4883 
  0x000001d055f9c800: c408 e90c | 0000 0048 | b800 a7d6 | 89f9 7f00 | 00ff d048 | 83c4 2049 | c787 a003 | 0000 0000 
  0x000001d055f9c820: 0000 49c7 | 87b0 0300 | 0000 0000 | 0049 c787 | a803 0000 | 0000 0000 | c5f8 7749 | 837f 0800 
  0x000001d055f9c840: 0f84 0500 | 0000 e9b5 | 46ff ff4c | 8b6d c04c | 8b75 c84e | 8d74 f500 | c348 8b43 | 1848 85c0 
  0x000001d055f9c860: 0f84 1200 | 0000 8b48 | 0883 c102 | 8948 0823 | 481c 0f84 | f708 0000 | 493b a7f0 | 0400 000f 
  0x000001d055f9c880: 8748 0000 | 0089 8424 | 00f0 ffff | 8984 2400 | e0ff ff89 | 8424 00d0 | ffff 8984 | 2400 c0ff 
  0x000001d055f9c8a0: ff89 8424 | 00b0 ffff | 8984 2400 | a0ff ff89 | 8424 0090 | ffff 8984 | 2400 80ff | ff49 3ba7 
  0x000001d055f9c8c0: e804 0000 | 7607 4989 | a7f0 0400 | 0041 c687 | 8104 0000 | 0049 ba6c | 405d 8af9 | 7f00 0041 
  0x000001d055f9c8e0: 803a 000f | 843e 0000 | 0048 8b55 | e849 8bcf | 4883 ec20 | 40f6 c40f | 0f84 1900 | 0000 4883 
  0x000001d055f9c900: ec08 48b8 | 80b9 0d8a | f97f 0000 | ffd0 4883 | c408 e90c | 0000 0048 | b880 b90d | 8af9 7f00 
  0x000001d055f9c920: 00ff d048 | 83c4 2048 | 8b5d e84c | 8b5b 0845 | 0fb7 5b2e | 41c1 e303 | 492b e348 | 83ec 2048 
  0x000001d055f9c940: 83e4 f04c | 8b5b 604d | 85db 0f85 | ab00 0000 | e805 0000 | 00e9 9900 | 0000 488b | d348 8d44 
  0x000001d055f9c960: 2408 4c89 | 6dc0 498b | cfc5 f877 | 4989 afb0 | 0300 0049 | 8987 a003 | 0000 4883 | ec20 40f6 
  0x000001d055f9c980: c40f 0f84 | 1900 0000 | 4883 ec08 | 48b8 20ce | d689 f97f | 0000 ffd0 | 4883 c408 | e90c 0000 
  0x000001d055f9c9a0: 0048 b820 | ced6 89f9 | 7f00 00ff | d048 83c4 | 2049 c787 | a003 0000 | 0000 0000 | 49c7 87b0 
  0x000001d055f9c9c0: 0300 0000 | 0000 0049 | c787 a803 | 0000 0000 | 0000 c5f8 | 7749 837f | 0800 0f84 | 0500 0000 
  0x000001d055f9c9e0: e91b 45ff | ff4c 8b6d | c04c 8b75 | c84e 8d74 | f500 c348 | 8b5d e84c | 8b5b 6041 | ffd3 488b 
  0x000001d055f9ca00: 5de8 4889 | 4518 448b | 5b28 41f6 | c308 0f84 | 1b00 0000 | 4c8b 5b08 | 4d8b 5b08 | 4d8b 5b18 
  0x000001d055f9ca20: 4d8b 5b70 | 4d8b 1b4c | 895d 1048 | 8d55 1048 | 8b43 5849 | ba80 100e | 8af9 7f00 | 0049 3bc2 
  0x000001d055f9ca40: 0f85 ab00 | 0000 e805 | 0000 00e9 | 9900 0000 | 488b d348 | 8d44 2408 | 4c89 6dc0 | 498b cfc5 
  0x000001d055f9ca60: f877 4989 | afb0 0300 | 0049 8987 | a003 0000 | 4883 ec20 | 40f6 c40f | 0f84 1900 | 0000 4883 
  0x000001d055f9ca80: ec08 48b8 | 20ce d689 | f97f 0000 | ffd0 4883 | c408 e90c | 0000 0048 | b820 ced6 | 89f9 7f00 
  0x000001d055f9caa0: 00ff d048 | 83c4 2049 | c787 a003 | 0000 0000 | 0000 49c7 | 87b0 0300 | 0000 0000 | 0049 c787 
  0x000001d055f9cac0: a803 0000 | 0000 0000 | c5f8 7749 | 837f 0800 | 0f84 0500 | 0000 e925 | 44ff ff4c | 8b6d c04c 
  0x000001d055f9cae0: 8b75 c84e | 8d74 f500 | c348 8b5d | e848 8b43 | 5849 8d8f | c003 0000 | c5f8 7749 | 89af b003 
  0x000001d055f9cb00: 0000 49ba | f8ca f955 | d001 0000 | 4d89 97a8 | 0300 0049 | 89a7 a003 | 0000 41c7 | 8754 0400 
  0x000001d055f9cb20: 0004 0000 | 00ff d0c5 | f877 4883 | ec10 c5fb | 1104 2448 | 83ec 1048 | 8904 2448 | c744 2408 
  0x000001d055f9cb40: 0000 0000 | 41c7 8754 | 0400 0005 | 0000 00f0 | 8344 24c0 | 0049 3baf | 5804 0000 | 0f87 0e00 
  0x000001d055f9cb60: 0000 4183 | bf50 0400 | 0000 0f84 | 2000 0000 | 498b cf4c | 8be4 4883 | ec20 4883 | e4f0 48b8 
  0x000001d055f9cb80: 4023 d889 | f97f 0000 | ffd0 498b | e44d 33e4 | 41c7 8754 | 0400 0008 | 0000 0049 | c787 a003 
  0x000001d055f9cba0: 0000 0000 | 0000 49c7 | 87b0 0300 | 0000 0000 | 0049 c787 | a803 0000 | 0000 0000 | c5f8 774d 
  0x000001d055f9cbc0: 8b9f 3004 | 0000 41c7 | 8300 0100 | 0000 0000 | 0049 bbba | a1f9 55d0 | 0100 004c | 3b5d 180f 
  0x000001d055f9cbe0: 8524 0200 | 0048 8b04 | 2448 83c4 | 1048 85c0 | 0f84 fe01 | 0000 a803 | 0f85 0800 | 0000 488b 
  0x000001d055f9cc00: 00e9 ee01 | 0000 a801 | 0f85 0900 | 0000 488b | 40fe e9dd | 0100 0048 | 8b40 ff41 | 807f 3800 
  0x000001d055f9cc20: 0f84 ce01 | 0000 4883 | f800 0f84 | c401 0000 | 4d8b 5f28 | 4983 fb00 | 0f84 1400 | 0000 4983 
  0x000001d055f9cc40: eb08 4d89 | 5f28 4d03 | 5f30 4989 | 03e9 a201 | 0000 4881 | ecd0 0000 | 0048 8904 | 2448 894c 
  0x000001d055f9cc60: 2408 4889 | 5424 1048 | 8974 2418 | 4889 7c24 | 204c 8944 | 2428 4c89 | 4c24 304c | 8954 2438 
  0x000001d055f9cc80: 4c89 5c24 | 40c5 fb11 | 4424 50c5 | fb11 4c24 | 58c5 fb11 | 5424 60c5 | fb11 5c24 | 68c5 fb11 
  0x000001d055f9cca0: 6424 70c5 | fb11 6c24 | 78c5 fb11 | b424 8000 | 0000 c5fb | 11bc 2488 | 0000 00c5 | 7b11 8424 
  0x000001d055f9ccc0: 9000 0000 | c57b 118c | 2498 0000 | 00c5 7b11 | 9424 a000 | 0000 c57b | 119c 24a8 | 0000 00c5 
  0x000001d055f9cce0: 7b11 a424 | b000 0000 | c57b 11ac | 24b8 0000 | 00c5 7b11 | b424 c000 | 0000 c57b | 11bc 24c8 
  0x000001d055f9cd00: 0000 0049 | 8bd7 488b | c848 83ec | 2040 f6c4 | 0f0f 8419 | 0000 0048 | 83ec 0848 | b830 3fcb 
  0x000001d055f9cd20: 89f9 7f00 | 00ff d048 | 83c4 08e9 | 0c00 0000 | 48b8 303f | cb89 f97f | 0000 ffd0 | 4883 c420 
  0x000001d055f9cd40: c57b 10bc | 24c8 0000 | 00c5 7b10 | b424 c000 | 0000 c57b | 10ac 24b8 | 0000 00c5 | 7b10 a424 
  0x000001d055f9cd60: b000 0000 | c57b 109c | 24a8 0000 | 00c5 7b10 | 9424 a000 | 0000 c57b | 108c 2498 | 0000 00c5 
  0x000001d055f9cd80: 7b10 8424 | 9000 0000 | c5fb 10bc | 2488 0000 | 00c5 fb10 | b424 8000 | 0000 c5fb | 106c 2478 
  0x000001d055f9cda0: c5fb 1064 | 2470 c5fb | 105c 2468 | c5fb 1054 | 2460 c5fb | 104c 2458 | c5fb 1044 | 2450 4c8b 
  0x000001d055f9cdc0: 5c24 404c | 8b54 2438 | 4c8b 4c24 | 304c 8b44 | 2428 488b | 7c24 2048 | 8b74 2418 | 488b 5424 
  0x000001d055f9cde0: 1048 8b4c | 2408 488b | 0424 4881 | c4d0 0000 | 00c5 f877 | 4889 4510 | 4883 ec10 | 4889 0424 
  0x000001d055f9ce00: 48c7 4424 | 0800 0000 | 0041 83bf | d004 0000 | 020f 85bf | 0000 0048 | 81ec 8000 | 0000 4889 
  0x000001d055f9ce20: 4424 7848 | 894c 2470 | 4889 5424 | 6848 895c | 2460 4889 | 6c24 5048 | 8974 2448 | 4889 7c24 
  0x000001d055f9ce40: 404c 8944 | 2438 4c89 | 4c24 304c | 8954 2428 | 4c89 5c24 | 204c 8964 | 2418 4c89 | 6c24 104c 
  0x000001d055f9ce60: 8974 2408 | 4c89 3c24 | 4c8b e448 | 83ec 2048 | 83e4 f048 | b8d0 f10d | 8af9 7f00 | 00ff d049 
  0x000001d055f9ce80: 8be4 4c8b | 3c24 4c8b | 7424 084c | 8b6c 2410 | 4c8b 6424 | 184c 8b5c | 2420 4c8b | 5424 284c 
  0x000001d055f9cea0: 8b4c 2430 | 4c8b 4424 | 3848 8b7c | 2440 488b | 7424 4848 | 8b6c 2450 | 488b 5c24 | 6048 8b54 
  0x000001d055f9cec0: 2468 488b | 4c24 7048 | 8b44 2478 | 4881 c480 | 0000 004d | 33e4 488b | 5de8 4c8b | 6b08 4d8d 
  0x000001d055f9cee0: 6d38 4983 | 7f08 000f | 84bb 0000 | 00e8 0500 | 0000 e996 | 0000 0048 | 8d44 2408 | 4c89 6dc0 
  0x000001d055f9cf00: 498b cfc5 | f877 4989 | afb0 0300 | 0049 8987 | a003 0000 | 4883 ec20 | 40f6 c40f | 0f84 1900 
  0x000001d055f9cf20: 0000 4883 | ec08 48b8 | 60ec d689 | f97f 0000 | ffd0 4883 | c408 e90c | 0000 0048 | b860 ecd6 
  0x000001d055f9cf40: 89f9 7f00 | 00ff d048 | 83c4 2049 | c787 a003 | 0000 0000 | 0000 49c7 | 87b0 0300 | 0000 0000 
  0x000001d055f9cf60: 0049 c787 | a803 0000 | 0000 0000 | c5f8 7749 | 837f 0800 | 0f84 0500 | 0000 e981 | 3fff ff4c 
  0x000001d055f9cf80: 8b6d c04c | 8b75 c84e | 8d74 f500 | c348 b9e0 | 2835 8af9 | 7f00 0048 | 83e4 f048 | b830 99fc 
  0x000001d055f9cfa0: 89f9 7f00 | 00ff d0f4 | 448b 5b28 | 41f6 c320 | 0f84 4401 | 0000 488d | 55a8 4c8b | 5a08 4d85 
  0x000001d055f9cfc0: db0f 85bb | 0000 00e8 | 0500 0000 | e996 0000 | 0048 8d44 | 2408 4c89 | 6dc0 498b | cfc5 f877 
  0x000001d055f9cfe0: 4989 afb0 | 0300 0049 | 8987 a003 | 0000 4883 | ec20 40f6 | c40f 0f84 | 1900 0000 | 4883 ec08 
  0x000001d055f9d000: 48b8 90eb | d689 f97f | 0000 ffd0 | 4883 c408 | e90c 0000 | 0048 b890 | ebd6 89f9 | 7f00 00ff 
  0x000001d055f9d020: d048 83c4 | 2049 c787 | a003 0000 | 0000 0000 | 49c7 87b0 | 0300 0000 | 0000 0049 | c787 a803 
  0x000001d055f9d040: 0000 0000 | 0000 c5f8 | 7749 837f | 0800 0f84 | 0500 0000 | e9a7 3eff | ff4c 8b6d | c04c 8b75 
  0x000001d055f9d060: c84e 8d74 | f500 c348 | b9e0 2835 | 8af9 7f00 | 0048 83e4 | f048 b830 | 99fc 89f9 | 7f00 00ff 
  0x000001d055f9d080: d0f4 4c89 | 6dc0 488d | 024c 8b4a | 0848 c742 | 0800 0000 | 004c 8b00 | 4d85 c00f | 840b 0000 
  0x000001d055f9d0a0: 00f0 4d0f | b101 0f85 | 0c00 0000 | 49ff 8f58 | 0500 00e9 | 3e00 0000 | 4c89 4a08 | 488b ca48 
  0x000001d055f9d0c0: 83ec 2040 | f6c4 0f0f | 8419 0000 | 0048 83ec | 0848 b820 | bed6 89f9 | 7f00 00ff | d048 83c4 
  0x000001d055f9d0e0: 08e9 0c00 | 0000 48b8 | 20be d689 | f97f 0000 | ffd0 4883 | c420 4c8b | 6dc0 49ba | 6c40 5d8a 
  0x000001d055f9d100: f97f 0000 | 4180 3a00 | 0f84 3e00 | 0000 488b | 55e8 498b | cf48 83ec | 2040 f6c4 | 0f0f 8419 
  0x000001d055f9d120: 0000 0048 | 83ec 0848 | b880 b90d | 8af9 7f00 | 00ff d048 | 83c4 08e9 | 0c00 0000 | 48b8 80b9 
  0x000001d055f9d140: 0d8a f97f | 0000 ffd0 | 4883 c420 | 488b 0424 | 4883 c410 | c5fb 1004 | 2448 83c4 | 104c 8b5d 
  0x000001d055f9d160: 1841 ffd3 | 4c8b 5df8 | c95f 498b | e3ff e7ba | 0000 0000 | e805 0000 | 00e9 9600 | 0000 488d 
  0x000001d055f9d180: 4424 084c | 896d c049 | 8bcf c5f8 | 7749 89af | b003 0000 | 4989 87a0 | 0300 0048 | 83ec 2040 
  0x000001d055f9d1a0: f6c4 0f0f | 8419 0000 | 0048 83ec | 0848 b8e0 | b1d6 89f9 | 7f00 00ff | d048 83c4 | 08e9 0c00 
  0x000001d055f9d1c0: 0000 48b8 | e0b1 d689 | f97f 0000 | ffd0 4883 | c420 49c7 | 87a0 0300 | 0000 0000 | 0049 c787 
  0x000001d055f9d1e0: b003 0000 | 0000 0000 | 49c7 87a8 | 0300 0000 | 0000 00c5 | f877 4983 | 7f08 000f | 8405 0000 
  0x000001d055f9d200: 00e9 fa3c | ffff 4c8b | 6dc0 4c8b | 75c8 4e8d | 74f5 00c3 | 488b 5de8 | e95b f6ff | ff66 6690 
[/MachCode]

---------------  P R O C E S S  ---------------

Threads class SMR info:
_java_thread_list=0x000001e070e51840, length=16, elements={
0x000001d04506b850, 0x000001d0410fdfb0, 0x000001d0410fe660, 0x000001d0410ff7e0,
0x000001d0411011a0, 0x000001d041103aa0, 0x000001d0411062d0, 0x000001d041106ce0,
0x000001d0411073e0, 0x000001d041188aa0, 0x000001d0412faff0, 0x000001d0412ffb50,
0x000001d041300250, 0x000001d041300b30, 0x000001d04163c2f0, 0x000001d04163c9a0
}

Java Threads: ( => current thread )
=>0x000001d04506b850 JavaThread "main"                              [_thread_in_native, id=16352, stack(0x000000954ce00000,0x000000954cf00000) (1024K)]
  0x000001d0410fdfb0 JavaThread "Reference Handler"          daemon [_thread_blocked, id=5616, stack(0x000000954d600000,0x000000954d700000) (1024K)]
  0x000001d0410fe660 JavaThread "Finalizer"                  daemon [_thread_blocked, id=6320, stack(0x000000954d700000,0x000000954d800000) (1024K)]
  0x000001d0410ff7e0 JavaThread "Signal Dispatcher"          daemon [_thread_blocked, id=9820, stack(0x000000954d800000,0x000000954d900000) (1024K)]
  0x000001d0411011a0 JavaThread "Attach Listener"            daemon [_thread_blocked, id=3512, stack(0x000000954d900000,0x000000954da00000) (1024K)]
  0x000001d041103aa0 JavaThread "Service Thread"             daemon [_thread_blocked, id=15344, stack(0x000000954da00000,0x000000954db00000) (1024K)]
  0x000001d0411062d0 JavaThread "Monitor Deflation Thread"   daemon [_thread_blocked, id=8512, stack(0x000000954db00000,0x000000954dc00000) (1024K)]
  0x000001d041106ce0 JavaThread "JVMCI-native CompilerThread0" daemon [_thread_blocked, id=4948, stack(0x000000954dc00000,0x000000954dd00000) (1024K)]
  0x000001d0411073e0 JavaThread "C1 CompilerThread0"         daemon [_thread_blocked, id=2176, stack(0x000000954dd00000,0x000000954de00000) (1024K)]
  0x000001d041188aa0 JavaThread "C1 CompilerThread1"         daemon [_thread_blocked, id=10336, stack(0x000000954de00000,0x000000954df00000) (1024K)]
  0x000001d0412faff0 JavaThread "Common-Cleaner"             daemon [_thread_blocked, id=15852, stack(0x000000954df00000,0x000000954e000000) (1024K)]
  0x000001d0412ffb50 JavaThread "C1 CompilerThread2"         daemon [_thread_blocked, id=7064, stack(0x000000954e000000,0x000000954e100000) (1024K)]
  0x000001d041300250 JavaThread "C1 CompilerThread3"         daemon [_thread_blocked, id=3224, stack(0x000000954e100000,0x000000954e200000) (1024K)]
  0x000001d041300b30 JavaThread "C1 CompilerThread4"         daemon [_thread_blocked, id=12564, stack(0x000000954e200000,0x000000954e300000) (1024K)]
  0x000001d04163c2f0 JavaThread "Monitor Ctrl-Break"         daemon [_thread_in_native, id=13812, stack(0x000000954e400000,0x000000954e500000) (1024K)]
  0x000001d04163c9a0 JavaThread "Notification Thread"        daemon [_thread_blocked, id=3160, stack(0x000000954e500000,0x000000954e600000) (1024K)]
Total: 16

Other Threads:
  0x000001d05e90bef0 VMThread "VM Thread"                           [id=6944, stack(0x000000954d500000,0x000000954d600000) (1024K)]
  0x000001d0410dba30 WatcherThread "VM Periodic Task Thread"        [id=16288, stack(0x000000954d400000,0x000000954d500000) (1024K)]
  0x000001d05e7b0440 WorkerThread "GC Thread#0"                     [id=15296, stack(0x000000954cf00000,0x000000954d000000) (1024K)]
  0x000001e071148860 WorkerThread "GC Thread#1"                     [id=11252, stack(0x000000954f200000,0x000000954f300000) (1024K)]
  0x000001d873539c30 WorkerThread "GC Thread#2"                     [id=10828, stack(0x000000954f300000,0x000000954f400000) (1024K)]
  0x000001e080e12c20 WorkerThread "GC Thread#3"                     [id=8496, stack(0x000000954f400000,0x000000954f500000) (1024K)]
  0x000001e071419830 WorkerThread "GC Thread#4"                     [id=11864, stack(0x000000954f500000,0x000000954f600000) (1024K)]
  0x000001e071123080 WorkerThread "GC Thread#5"                     [id=15148, stack(0x000000954f600000,0x000000954f700000) (1024K)]
  0x000001e071123460 WorkerThread "GC Thread#6"                     [id=2876, stack(0x000000954f700000,0x000000954f800000) (1024K)]
  0x000001e0806b9850 WorkerThread "GC Thread#7"                     [id=1412, stack(0x000000954f800000,0x000000954f900000) (1024K)]
  0x000001e0806ba3f0 WorkerThread "GC Thread#8"                     [id=15820, stack(0x000000954f900000,0x000000954fa00000) (1024K)]
  0x000001e0806b9c30 WorkerThread "GC Thread#9"                     [id=6916, stack(0x000000954fa00000,0x000000954fb00000) (1024K)]
  0x000001e0806babb0 WorkerThread "GC Thread#10"                    [id=14544, stack(0x000000954fb00000,0x000000954fc00000) (1024K)]
  0x000001e0806ba7d0 WorkerThread "GC Thread#11"                    [id=3508, stack(0x000000954fc00000,0x000000954fd00000) (1024K)]
  0x000001d0450b4a10 ConcurrentGCThread "G1 Main Marker"            [id=15872, stack(0x000000954d000000,0x000000954d100000) (1024K)]
  0x000001d0450b9250 WorkerThread "G1 Conc#0"                       [id=3916, stack(0x000000954d100000,0x000000954d200000) (1024K)]
  0x000001d05e88ba00 ConcurrentGCThread "G1 Refine#0"               [id=16340, stack(0x000000954d200000,0x000000954d300000) (1024K)]
  0x000001d05e892020 ConcurrentGCThread "G1 Service"                [id=6244, stack(0x000000954d300000,0x000000954d400000) (1024K)]
Total: 18

Threads with active compile tasks:
Total: 0

VM state: not at safepoint (normal execution)

VM Mutex/Monitor currently owned by a thread: None

Heap address: 0x0000000605c00000, size: 8100 MB, Compressed Oops mode: Zero based, Oop shift amount: 3

CDS archive(s) mapped at: [0x000001d000000000-0x000001d000c60000-0x000001d000c60000), size 12976128, SharedBaseAddress: 0x000001d000000000, ArchiveRelocationMode: 1.
Compressed class space mapped at: 0x000001d001000000-0x000001d041000000, reserved size: 1073741824
Narrow klass base: 0x000001d000000000, Narrow klass shift: 0, Narrow klass range: 0x41000000

GC Precious Log:
 CardTable entry size: 512
 Card Set container configuration: InlinePtr #cards 4 size 8 Array Of Cards #cards 32 size 80 Howl #buckets 8 coarsen threshold 7372 Howl Bitmap #cards 1024 size 144 coarsen threshold 921 Card regions per heap region 1 cards per card region 8192
 CPUs: 20 total, 20 available
 Memory: 32395M
 Large Page Support: Disabled
 NUMA Support: Disabled
 Compressed Oops: Enabled (Zero based)
 Heap Region Size: 4M
 Heap Min Capacity: 8M
 Heap Initial Capacity: 508M
 Heap Max Capacity: 8100M
 Pre-touch: Disabled
 Parallel Workers: 15
 Concurrent Workers: 4
 Concurrent Refinement Workers: 15
 Periodic GC: Disabled

Heap:
 garbage-first heap   total reserved 8294400K, committed 520192K, used 7477K [0x0000000605c00000, 0x0000000800000000)
  region size 4096K, 3 young (12288K), 1 survivors (4096K)
 Metaspace       used 9705K, committed 9920K, reserved 1114112K
  class space    used 661K, committed 768K, reserved 1048576K

Heap Regions: E=young(eden), S=young(survivor), O=old, HS=humongous(starts), HC=humongous(continues), CS=collection set, F=free, TAMS=top-at-mark-start, PB=parsable bottom
|   0|0x0000000605c00000, 0x0000000605c00000, 0x0000000606000000|  0%| F|  |TAMS 0x0000000605c00000| PB 0x0000000605c00000| Untracked |  0
|   1|0x0000000606000000, 0x0000000606000000, 0x0000000606400000|  0%| F|  |TAMS 0x0000000606000000| PB 0x0000000606000000| Untracked |  0
|   2|0x0000000606400000, 0x0000000606400000, 0x0000000606800000|  0%| F|  |TAMS 0x0000000606400000| PB 0x0000000606400000| Untracked |  0
|   3|0x0000000606800000, 0x0000000606800000, 0x0000000606c00000|  0%| F|  |TAMS 0x0000000606800000| PB 0x0000000606800000| Untracked |  0
|   4|0x0000000606c00000, 0x0000000606c00000, 0x0000000607000000|  0%| F|  |TAMS 0x0000000606c00000| PB 0x0000000606c00000| Untracked |  0
|   5|0x0000000607000000, 0x0000000607000000, 0x0000000607400000|  0%| F|  |TAMS 0x0000000607000000| PB 0x0000000607000000| Untracked |  0
|   6|0x0000000607400000, 0x0000000607400000, 0x0000000607800000|  0%| F|  |TAMS 0x0000000607400000| PB 0x0000000607400000| Untracked |  0
|   7|0x0000000607800000, 0x0000000607800000, 0x0000000607c00000|  0%| F|  |TAMS 0x0000000607800000| PB 0x0000000607800000| Untracked |  0
|   8|0x0000000607c00000, 0x0000000607c00000, 0x0000000608000000|  0%| F|  |TAMS 0x0000000607c00000| PB 0x0000000607c00000| Untracked |  0
|   9|0x0000000608000000, 0x0000000608000000, 0x0000000608400000|  0%| F|  |TAMS 0x0000000608000000| PB 0x0000000608000000| Untracked |  0
|  10|0x0000000608400000, 0x0000000608400000, 0x0000000608800000|  0%| F|  |TAMS 0x0000000608400000| PB 0x0000000608400000| Untracked |  0
|  11|0x0000000608800000, 0x0000000608800000, 0x0000000608c00000|  0%| F|  |TAMS 0x0000000608800000| PB 0x0000000608800000| Untracked |  0
|  12|0x0000000608c00000, 0x0000000608c00000, 0x0000000609000000|  0%| F|  |TAMS 0x0000000608c00000| PB 0x0000000608c00000| Untracked |  0
|  13|0x0000000609000000, 0x0000000609000000, 0x0000000609400000|  0%| F|  |TAMS 0x0000000609000000| PB 0x0000000609000000| Untracked |  0
|  14|0x0000000609400000, 0x0000000609400000, 0x0000000609800000|  0%| F|  |TAMS 0x0000000609400000| PB 0x0000000609400000| Untracked |  0
|  15|0x0000000609800000, 0x0000000609800000, 0x0000000609c00000|  0%| F|  |TAMS 0x0000000609800000| PB 0x0000000609800000| Untracked |  0
|  16|0x0000000609c00000, 0x0000000609c00000, 0x000000060a000000|  0%| F|  |TAMS 0x0000000609c00000| PB 0x0000000609c00000| Untracked |  0
|  17|0x000000060a000000, 0x000000060a000000, 0x000000060a400000|  0%| F|  |TAMS 0x000000060a000000| PB 0x000000060a000000| Untracked |  0
|  18|0x000000060a400000, 0x000000060a400000, 0x000000060a800000|  0%| F|  |TAMS 0x000000060a400000| PB 0x000000060a400000| Untracked |  0
|  19|0x000000060a800000, 0x000000060a800000, 0x000000060ac00000|  0%| F|  |TAMS 0x000000060a800000| PB 0x000000060a800000| Untracked |  0
|  20|0x000000060ac00000, 0x000000060ac00000, 0x000000060b000000|  0%| F|  |TAMS 0x000000060ac00000| PB 0x000000060ac00000| Untracked |  0
|  21|0x000000060b000000, 0x000000060b000000, 0x000000060b400000|  0%| F|  |TAMS 0x000000060b000000| PB 0x000000060b000000| Untracked |  0
|  22|0x000000060b400000, 0x000000060b400000, 0x000000060b800000|  0%| F|  |TAMS 0x000000060b400000| PB 0x000000060b400000| Untracked |  0
|  23|0x000000060b800000, 0x000000060b800000, 0x000000060bc00000|  0%| F|  |TAMS 0x000000060b800000| PB 0x000000060b800000| Untracked |  0
|  24|0x000000060bc00000, 0x000000060bc00000, 0x000000060c000000|  0%| F|  |TAMS 0x000000060bc00000| PB 0x000000060bc00000| Untracked |  0
|  25|0x000000060c000000, 0x000000060c000000, 0x000000060c400000|  0%| F|  |TAMS 0x000000060c000000| PB 0x000000060c000000| Untracked |  0
|  26|0x000000060c400000, 0x000000060c400000, 0x000000060c800000|  0%| F|  |TAMS 0x000000060c400000| PB 0x000000060c400000| Untracked |  0
|  27|0x000000060c800000, 0x000000060c800000, 0x000000060cc00000|  0%| F|  |TAMS 0x000000060c800000| PB 0x000000060c800000| Untracked |  0
|  28|0x000000060cc00000, 0x000000060cc00000, 0x000000060d000000|  0%| F|  |TAMS 0x000000060cc00000| PB 0x000000060cc00000| Untracked |  0
|  29|0x000000060d000000, 0x000000060d000000, 0x000000060d400000|  0%| F|  |TAMS 0x000000060d000000| PB 0x000000060d000000| Untracked |  0
|  30|0x000000060d400000, 0x000000060d400000, 0x000000060d800000|  0%| F|  |TAMS 0x000000060d400000| PB 0x000000060d400000| Untracked |  0
|  31|0x000000060d800000, 0x000000060d800000, 0x000000060dc00000|  0%| F|  |TAMS 0x000000060d800000| PB 0x000000060d800000| Untracked |  0
|  32|0x000000060dc00000, 0x000000060dc00000, 0x000000060e000000|  0%| F|  |TAMS 0x000000060dc00000| PB 0x000000060dc00000| Untracked |  0
|  33|0x000000060e000000, 0x000000060e000000, 0x000000060e400000|  0%| F|  |TAMS 0x000000060e000000| PB 0x000000060e000000| Untracked |  0
|  34|0x000000060e400000, 0x000000060e400000, 0x000000060e800000|  0%| F|  |TAMS 0x000000060e400000| PB 0x000000060e400000| Untracked |  0
|  35|0x000000060e800000, 0x000000060e800000, 0x000000060ec00000|  0%| F|  |TAMS 0x000000060e800000| PB 0x000000060e800000| Untracked |  0
|  36|0x000000060ec00000, 0x000000060ec00000, 0x000000060f000000|  0%| F|  |TAMS 0x000000060ec00000| PB 0x000000060ec00000| Untracked |  0
|  37|0x000000060f000000, 0x000000060f000000, 0x000000060f400000|  0%| F|  |TAMS 0x000000060f000000| PB 0x000000060f000000| Untracked |  0
|  38|0x000000060f400000, 0x000000060f400000, 0x000000060f800000|  0%| F|  |TAMS 0x000000060f400000| PB 0x000000060f400000| Untracked |  0
|  39|0x000000060f800000, 0x000000060f800000, 0x000000060fc00000|  0%| F|  |TAMS 0x000000060f800000| PB 0x000000060f800000| Untracked |  0
|  40|0x000000060fc00000, 0x000000060fc00000, 0x0000000610000000|  0%| F|  |TAMS 0x000000060fc00000| PB 0x000000060fc00000| Untracked |  0
|  41|0x0000000610000000, 0x0000000610000000, 0x0000000610400000|  0%| F|  |TAMS 0x0000000610000000| PB 0x0000000610000000| Untracked |  0
|  42|0x0000000610400000, 0x0000000610400000, 0x0000000610800000|  0%| F|  |TAMS 0x0000000610400000| PB 0x0000000610400000| Untracked |  0
|  43|0x0000000610800000, 0x0000000610800000, 0x0000000610c00000|  0%| F|  |TAMS 0x0000000610800000| PB 0x0000000610800000| Untracked |  0
|  44|0x0000000610c00000, 0x0000000610c00000, 0x0000000611000000|  0%| F|  |TAMS 0x0000000610c00000| PB 0x0000000610c00000| Untracked |  0
|  45|0x0000000611000000, 0x0000000611000000, 0x0000000611400000|  0%| F|  |TAMS 0x0000000611000000| PB 0x0000000611000000| Untracked |  0
|  46|0x0000000611400000, 0x0000000611400000, 0x0000000611800000|  0%| F|  |TAMS 0x0000000611400000| PB 0x0000000611400000| Untracked |  0
|  47|0x0000000611800000, 0x0000000611800000, 0x0000000611c00000|  0%| F|  |TAMS 0x0000000611800000| PB 0x0000000611800000| Untracked |  0
|  48|0x0000000611c00000, 0x0000000611c00000, 0x0000000612000000|  0%| F|  |TAMS 0x0000000611c00000| PB 0x0000000611c00000| Untracked |  0
|  49|0x0000000612000000, 0x0000000612000000, 0x0000000612400000|  0%| F|  |TAMS 0x0000000612000000| PB 0x0000000612000000| Untracked |  0
|  50|0x0000000612400000, 0x0000000612400000, 0x0000000612800000|  0%| F|  |TAMS 0x0000000612400000| PB 0x0000000612400000| Untracked |  0
|  51|0x0000000612800000, 0x0000000612800000, 0x0000000612c00000|  0%| F|  |TAMS 0x0000000612800000| PB 0x0000000612800000| Untracked |  0
|  52|0x0000000612c00000, 0x0000000612c00000, 0x0000000613000000|  0%| F|  |TAMS 0x0000000612c00000| PB 0x0000000612c00000| Untracked |  0
|  53|0x0000000613000000, 0x0000000613000000, 0x0000000613400000|  0%| F|  |TAMS 0x0000000613000000| PB 0x0000000613000000| Untracked |  0
|  54|0x0000000613400000, 0x0000000613400000, 0x0000000613800000|  0%| F|  |TAMS 0x0000000613400000| PB 0x0000000613400000| Untracked |  0
|  55|0x0000000613800000, 0x0000000613800000, 0x0000000613c00000|  0%| F|  |TAMS 0x0000000613800000| PB 0x0000000613800000| Untracked |  0
|  56|0x0000000613c00000, 0x0000000613c00000, 0x0000000614000000|  0%| F|  |TAMS 0x0000000613c00000| PB 0x0000000613c00000| Untracked |  0
|  57|0x0000000614000000, 0x0000000614000000, 0x0000000614400000|  0%| F|  |TAMS 0x0000000614000000| PB 0x0000000614000000| Untracked |  0
|  58|0x0000000614400000, 0x0000000614400000, 0x0000000614800000|  0%| F|  |TAMS 0x0000000614400000| PB 0x0000000614400000| Untracked |  0
|  59|0x0000000614800000, 0x0000000614800000, 0x0000000614c00000|  0%| F|  |TAMS 0x0000000614800000| PB 0x0000000614800000| Untracked |  0
|  60|0x0000000614c00000, 0x0000000614c00000, 0x0000000615000000|  0%| F|  |TAMS 0x0000000614c00000| PB 0x0000000614c00000| Untracked |  0
|  61|0x0000000615000000, 0x0000000615000000, 0x0000000615400000|  0%| F|  |TAMS 0x0000000615000000| PB 0x0000000615000000| Untracked |  0
|  62|0x0000000615400000, 0x0000000615400000, 0x0000000615800000|  0%| F|  |TAMS 0x0000000615400000| PB 0x0000000615400000| Untracked |  0
|  63|0x0000000615800000, 0x0000000615800000, 0x0000000615c00000|  0%| F|  |TAMS 0x0000000615800000| PB 0x0000000615800000| Untracked |  0
|  64|0x0000000615c00000, 0x0000000615c00000, 0x0000000616000000|  0%| F|  |TAMS 0x0000000615c00000| PB 0x0000000615c00000| Untracked |  0
|  65|0x0000000616000000, 0x0000000616000000, 0x0000000616400000|  0%| F|  |TAMS 0x0000000616000000| PB 0x0000000616000000| Untracked |  0
|  66|0x0000000616400000, 0x0000000616400000, 0x0000000616800000|  0%| F|  |TAMS 0x0000000616400000| PB 0x0000000616400000| Untracked |  0
|  67|0x0000000616800000, 0x0000000616800000, 0x0000000616c00000|  0%| F|  |TAMS 0x0000000616800000| PB 0x0000000616800000| Untracked |  0
|  68|0x0000000616c00000, 0x0000000616c00000, 0x0000000617000000|  0%| F|  |TAMS 0x0000000616c00000| PB 0x0000000616c00000| Untracked |  0
|  69|0x0000000617000000, 0x0000000617000000, 0x0000000617400000|  0%| F|  |TAMS 0x0000000617000000| PB 0x0000000617000000| Untracked |  0
|  70|0x0000000617400000, 0x0000000617400000, 0x0000000617800000|  0%| F|  |TAMS 0x0000000617400000| PB 0x0000000617400000| Untracked |  0
|  71|0x0000000617800000, 0x0000000617800000, 0x0000000617c00000|  0%| F|  |TAMS 0x0000000617800000| PB 0x0000000617800000| Untracked |  0
|  72|0x0000000617c00000, 0x0000000617c00000, 0x0000000618000000|  0%| F|  |TAMS 0x0000000617c00000| PB 0x0000000617c00000| Untracked |  0
|  73|0x0000000618000000, 0x0000000618000000, 0x0000000618400000|  0%| F|  |TAMS 0x0000000618000000| PB 0x0000000618000000| Untracked |  0
|  74|0x0000000618400000, 0x0000000618400000, 0x0000000618800000|  0%| F|  |TAMS 0x0000000618400000| PB 0x0000000618400000| Untracked |  0
|  75|0x0000000618800000, 0x0000000618800000, 0x0000000618c00000|  0%| F|  |TAMS 0x0000000618800000| PB 0x0000000618800000| Untracked |  0
|  76|0x0000000618c00000, 0x0000000618c00000, 0x0000000619000000|  0%| F|  |TAMS 0x0000000618c00000| PB 0x0000000618c00000| Untracked |  0
|  77|0x0000000619000000, 0x0000000619000000, 0x0000000619400000|  0%| F|  |TAMS 0x0000000619000000| PB 0x0000000619000000| Untracked |  0
|  78|0x0000000619400000, 0x0000000619400000, 0x0000000619800000|  0%| F|  |TAMS 0x0000000619400000| PB 0x0000000619400000| Untracked |  0
|  79|0x0000000619800000, 0x0000000619800000, 0x0000000619c00000|  0%| F|  |TAMS 0x0000000619800000| PB 0x0000000619800000| Untracked |  0
|  80|0x0000000619c00000, 0x0000000619c00000, 0x000000061a000000|  0%| F|  |TAMS 0x0000000619c00000| PB 0x0000000619c00000| Untracked |  0
|  81|0x000000061a000000, 0x000000061a000000, 0x000000061a400000|  0%| F|  |TAMS 0x000000061a000000| PB 0x000000061a000000| Untracked |  0
|  82|0x000000061a400000, 0x000000061a400000, 0x000000061a800000|  0%| F|  |TAMS 0x000000061a400000| PB 0x000000061a400000| Untracked |  0
|  83|0x000000061a800000, 0x000000061a800000, 0x000000061ac00000|  0%| F|  |TAMS 0x000000061a800000| PB 0x000000061a800000| Untracked |  0
|  84|0x000000061ac00000, 0x000000061ac00000, 0x000000061b000000|  0%| F|  |TAMS 0x000000061ac00000| PB 0x000000061ac00000| Untracked |  0
|  85|0x000000061b000000, 0x000000061b000000, 0x000000061b400000|  0%| F|  |TAMS 0x000000061b000000| PB 0x000000061b000000| Untracked |  0
|  86|0x000000061b400000, 0x000000061b400000, 0x000000061b800000|  0%| F|  |TAMS 0x000000061b400000| PB 0x000000061b400000| Untracked |  0
|  87|0x000000061b800000, 0x000000061b800000, 0x000000061bc00000|  0%| F|  |TAMS 0x000000061b800000| PB 0x000000061b800000| Untracked |  0
|  88|0x000000061bc00000, 0x000000061bc00000, 0x000000061c000000|  0%| F|  |TAMS 0x000000061bc00000| PB 0x000000061bc00000| Untracked |  0
|  89|0x000000061c000000, 0x000000061c000000, 0x000000061c400000|  0%| F|  |TAMS 0x000000061c000000| PB 0x000000061c000000| Untracked |  0
|  90|0x000000061c400000, 0x000000061c400000, 0x000000061c800000|  0%| F|  |TAMS 0x000000061c400000| PB 0x000000061c400000| Untracked |  0
|  91|0x000000061c800000, 0x000000061c800000, 0x000000061cc00000|  0%| F|  |TAMS 0x000000061c800000| PB 0x000000061c800000| Untracked |  0
|  92|0x000000061cc00000, 0x000000061cc00000, 0x000000061d000000|  0%| F|  |TAMS 0x000000061cc00000| PB 0x000000061cc00000| Untracked |  0
|  93|0x000000061d000000, 0x000000061d000000, 0x000000061d400000|  0%| F|  |TAMS 0x000000061d000000| PB 0x000000061d000000| Untracked |  0
|  94|0x000000061d400000, 0x000000061d400000, 0x000000061d800000|  0%| F|  |TAMS 0x000000061d400000| PB 0x000000061d400000| Untracked |  0
|  95|0x000000061d800000, 0x000000061d800000, 0x000000061dc00000|  0%| F|  |TAMS 0x000000061d800000| PB 0x000000061d800000| Untracked |  0
|  96|0x000000061dc00000, 0x000000061dc00000, 0x000000061e000000|  0%| F|  |TAMS 0x000000061dc00000| PB 0x000000061dc00000| Untracked |  0
|  97|0x000000061e000000, 0x000000061e000000, 0x000000061e400000|  0%| F|  |TAMS 0x000000061e000000| PB 0x000000061e000000| Untracked |  0
|  98|0x000000061e400000, 0x000000061e400000, 0x000000061e800000|  0%| F|  |TAMS 0x000000061e400000| PB 0x000000061e400000| Untracked |  0
|  99|0x000000061e800000, 0x000000061e800000, 0x000000061ec00000|  0%| F|  |TAMS 0x000000061e800000| PB 0x000000061e800000| Untracked |  0
| 100|0x000000061ec00000, 0x000000061ec00000, 0x000000061f000000|  0%| F|  |TAMS 0x000000061ec00000| PB 0x000000061ec00000| Untracked |  0
| 101|0x000000061f000000, 0x000000061f000000, 0x000000061f400000|  0%| F|  |TAMS 0x000000061f000000| PB 0x000000061f000000| Untracked |  0
| 102|0x000000061f400000, 0x000000061f400000, 0x000000061f800000|  0%| F|  |TAMS 0x000000061f400000| PB 0x000000061f400000| Untracked |  0
| 103|0x000000061f800000, 0x000000061f800000, 0x000000061fc00000|  0%| F|  |TAMS 0x000000061f800000| PB 0x000000061f800000| Untracked |  0
| 104|0x000000061fc00000, 0x000000061fc00000, 0x0000000620000000|  0%| F|  |TAMS 0x000000061fc00000| PB 0x000000061fc00000| Untracked |  0
| 105|0x0000000620000000, 0x0000000620000000, 0x0000000620400000|  0%| F|  |TAMS 0x0000000620000000| PB 0x0000000620000000| Untracked |  0
| 106|0x0000000620400000, 0x0000000620400000, 0x0000000620800000|  0%| F|  |TAMS 0x0000000620400000| PB 0x0000000620400000| Untracked |  0
| 107|0x0000000620800000, 0x0000000620800000, 0x0000000620c00000|  0%| F|  |TAMS 0x0000000620800000| PB 0x0000000620800000| Untracked |  0
| 108|0x0000000620c00000, 0x0000000620c00000, 0x0000000621000000|  0%| F|  |TAMS 0x0000000620c00000| PB 0x0000000620c00000| Untracked |  0
| 109|0x0000000621000000, 0x0000000621000000, 0x0000000621400000|  0%| F|  |TAMS 0x0000000621000000| PB 0x0000000621000000| Untracked |  0
| 110|0x0000000621400000, 0x0000000621400000, 0x0000000621800000|  0%| F|  |TAMS 0x0000000621400000| PB 0x0000000621400000| Untracked |  0
| 111|0x0000000621800000, 0x0000000621800000, 0x0000000621c00000|  0%| F|  |TAMS 0x0000000621800000| PB 0x0000000621800000| Untracked |  0
| 112|0x0000000621c00000, 0x0000000621c00000, 0x0000000622000000|  0%| F|  |TAMS 0x0000000621c00000| PB 0x0000000621c00000| Untracked |  0
| 113|0x0000000622000000, 0x0000000622000000, 0x0000000622400000|  0%| F|  |TAMS 0x0000000622000000| PB 0x0000000622000000| Untracked |  0
| 114|0x0000000622400000, 0x0000000622400000, 0x0000000622800000|  0%| F|  |TAMS 0x0000000622400000| PB 0x0000000622400000| Untracked |  0
| 115|0x0000000622800000, 0x0000000622800000, 0x0000000622c00000|  0%| F|  |TAMS 0x0000000622800000| PB 0x0000000622800000| Untracked |  0
| 116|0x0000000622c00000, 0x0000000622c00000, 0x0000000623000000|  0%| F|  |TAMS 0x0000000622c00000| PB 0x0000000622c00000| Untracked |  0
| 117|0x0000000623000000, 0x0000000623000000, 0x0000000623400000|  0%| F|  |TAMS 0x0000000623000000| PB 0x0000000623000000| Untracked |  0
| 118|0x0000000623400000, 0x0000000623400000, 0x0000000623800000|  0%| F|  |TAMS 0x0000000623400000| PB 0x0000000623400000| Untracked |  0
| 119|0x0000000623800000, 0x0000000623800000, 0x0000000623c00000|  0%| F|  |TAMS 0x0000000623800000| PB 0x0000000623800000| Untracked |  0
| 120|0x0000000623c00000, 0x0000000623f4d470, 0x0000000624000000| 82%| S|CS|TAMS 0x0000000623c00000| PB 0x0000000623c00000| Complete |  0
| 121|0x0000000624000000, 0x0000000624000000, 0x0000000624400000|  0%| F|  |TAMS 0x0000000624000000| PB 0x0000000624000000| Untracked |  0
| 122|0x0000000624400000, 0x0000000624400000, 0x0000000624800000|  0%| F|  |TAMS 0x0000000624400000| PB 0x0000000624400000| Untracked |  0
| 123|0x0000000624800000, 0x0000000624800000, 0x0000000624c00000|  0%| F|  |TAMS 0x0000000624800000| PB 0x0000000624800000| Untracked |  0
| 124|0x0000000624c00000, 0x0000000624c00000, 0x0000000625000000|  0%| F|  |TAMS 0x0000000624c00000| PB 0x0000000624c00000| Untracked |  0
| 125|0x0000000625000000, 0x0000000625117ef8, 0x0000000625400000| 27%| E|  |TAMS 0x0000000625000000| PB 0x0000000625000000| Complete |  0
| 126|0x0000000625400000, 0x0000000625800000, 0x0000000625800000|100%| E|CS|TAMS 0x0000000625400000| PB 0x0000000625400000| Complete |  0

Card table byte_map: [0x000001d05f910000,0x000001d0608f0000] _byte_map_base: 0x000001d05c8e2000

Marking Bits: (CMBitMap*) 0x000001d0450a4620
 Bits: [0x000001d0608f0000, 0x000001d068780000)

Polling page: 0x000001d042f70000

Metaspace:

Usage:
  Non-class:      8.83 MB used.
      Class:    661.88 KB used.
       Both:      9.48 MB used.

Virtual space:
  Non-class space:       64.00 MB reserved,       8.94 MB ( 14%) committed,  1 nodes.
      Class space:        1.00 GB reserved,     768.00 KB ( <1%) committed,  1 nodes.
             Both:        1.06 GB reserved,       9.69 MB ( <1%) committed. 

Chunk freelists:
   Non-Class:  5.81 MB
       Class:  15.23 MB
        Both:  21.05 MB

MaxMetaspaceSize: unlimited
CompressedClassSpaceSize: 1.00 GB
Initial GC threshold: 21.00 MB
Current GC threshold: 21.00 MB
CDS: on
 - commit_granule_bytes: 65536.
 - commit_granule_words: 8192.
 - virtual_space_node_default_size: 8388608.
 - enlarge_chunks_in_place: 1.
 - use_allocation_guard: 0.


Internal statistics:

num_allocs_failed_limit: 0.
num_arena_births: 166.
num_arena_deaths: 0.
num_vsnodes_births: 2.
num_vsnodes_deaths: 0.
num_space_committed: 155.
num_space_uncommitted: 0.
num_chunks_returned_to_freelist: 0.
num_chunks_taken_from_freelist: 472.
num_chunk_merges: 0.
num_chunk_splits: 321.
num_chunks_enlarged: 236.
num_inconsistent_stats: 0.

CodeHeap 'non-profiled nmethods': size=117760Kb used=412Kb max_used=412Kb free=117347Kb
 bounds [0x000001d056990000, 0x000001d056c00000, 0x000001d05dc90000]
CodeHeap 'profiled nmethods': size=117760Kb used=2678Kb max_used=2678Kb free=115081Kb
 bounds [0x000001d04ec90000, 0x000001d04ef30000, 0x000001d055f90000]
CodeHeap 'non-nmethods': size=10240Kb used=4473Kb max_used=4475Kb free=5766Kb
 bounds [0x000001d055f90000, 0x000001d0563f0000, 0x000001d056990000]
 total_blobs=2546 nmethods=1436 adapters=1017
 compilation: enabled
              stopped_count=0, restarted_count=0
 full_count=0

JVMCI Events (20 events):
Event: 0.043 Thread 0x000001d04133f7f0 initializing JVMCI runtime 1
Event: 0.043 Thread 0x000001d04133f7f0 done waiting for JavaVM references initialization in JVMCI runtime 1
Event: 0.043 Thread 0x000001d04133f7f0 initialized JVMCI runtime 1
Event: 0.403 Thread 0x000001d04133f7f0 detaching from JVMCI runtime 1: stopping idle compiler thread (0 other threads still attached)
Event: 0.403 Thread 0x000001d04133f7f0 shutting down HotSpotJVMCIRuntime for JVMCI runtime 1
Event: 0.403 Thread 0x000001d04133f7f0 shut down JVMCI runtime 1
Event: 0.405 Thread 0x000001d04133f7f0 destroyed JavaVM[2]@0x000001d8709a4280 for JVMCI runtime 1
Event: 0.405 Thread 0x000001d04133f7f0 releasing handles for JVMCI runtime 1: oop handles=80, metadata handles={total=203, live=201, blocks=7}
Event: 0.405 Thread 0x000001d04133f7f0 detached from JVMCI runtime 1
Event: 0.420 Thread 0x000001d041b02670 attached to JVMCI runtime 1
Event: 0.422 Thread 0x000001d041b02670 created JavaVM[3]@0x000001d8709a4280 for JVMCI runtime 1
Event: 0.422 Thread 0x000001d041b02670 initializing JVMCI runtime 1
Event: 0.422 Thread 0x000001d041b02670 done waiting for JavaVM references initialization in JVMCI runtime 1
Event: 0.422 Thread 0x000001d041b02670 initialized JVMCI runtime 1
Event: 0.623 Thread 0x000001d041b02670 detaching from JVMCI runtime 1: stopping idle compiler thread (0 other threads still attached)
Event: 0.623 Thread 0x000001d041b02670 shutting down HotSpotJVMCIRuntime for JVMCI runtime 1
Event: 0.623 Thread 0x000001d041b02670 shut down JVMCI runtime 1
Event: 0.624 Thread 0x000001d041b02670 destroyed JavaVM[3]@0x000001d8709a4280 for JVMCI runtime 1
Event: 0.624 Thread 0x000001d041b02670 releasing handles for JVMCI runtime 1: oop handles=70, metadata handles={total=120, live=110, blocks=7}
Event: 0.624 Thread 0x000001d041b02670 detached from JVMCI runtime 1

Compilation events (20 events):
Event: 1.015 Thread 0x000001d0412ffb50 nmethod 1429 0x000001d04ef2b210 code [0x000001d04ef2b3c0, 0x000001d04ef2b518]
Event: 1.015 Thread 0x000001d041300250 nmethod 1428 0x000001d04ef2b610 code [0x000001d04ef2b7c0, 0x000001d04ef2bbb0]
Event: 1.015 Thread 0x000001d041106ce0 nmethod 1408% 0x000001d0569f5210 code [0x000001d0569f53a0, 0x000001d0569f58e8]
Event: 1.015 Thread 0x000001d041106ce0 1409       4       java.lang.ref.Reference::refersToImpl (6 bytes)
Event: 1.015 Thread 0x000001d041106ce0 nmethod 1409 0x000001d0569f5b90 code [0x000001d0569f5d00, 0x000001d0569f5d90]
Event: 1.017 Thread 0x000001d041188aa0 1430       3       com.kgaft.VulkanLib.Utils.SeriesObject$$Lambda/0x000001d0010911e8::test (8 bytes)
Event: 1.017 Thread 0x000001d041300b30 1431       3       com.kgaft.VulkanLib.Utils.SeriesObject::lambda$new$5 (10 bytes)
Event: 1.017 Thread 0x000001d041300b30 nmethod 1431 0x000001d04ef2bd10 code [0x000001d04ef2bec0, 0x000001d04ef2c018]
Event: 1.017 Thread 0x000001d041188aa0 nmethod 1430 0x000001d04ef2c110 code [0x000001d04ef2c2c0, 0x000001d04ef2c6b0]
Event: 1.020 Thread 0x000001d041188aa0 1432       3       java.util.Arrays::equals (43 bytes)
Event: 1.020 Thread 0x000001d041188aa0 nmethod 1432 0x000001d04ef2c810 code [0x000001d04ef2c9e0, 0x000001d04ef2cca8]
Event: 1.020 Thread 0x000001d041300b30 1433       3       java.lang.invoke.BoundMethodHandle$Species_L::<init> (12 bytes)
Event: 1.021 Thread 0x000001d041300b30 nmethod 1433 0x000001d04ef2cd90 code [0x000001d04ef2cf40, 0x000001d04ef2d168]
Event: 1.027 Thread 0x000001d041106ce0 1434       4       java.util.zip.ZipCoder::hash (36 bytes)
Event: 1.028 Thread 0x000001d041106ce0 nmethod 1434 0x000001d0569f5e90 code [0x000001d0569f6000, 0x000001d0569f6250]
Event: 1.029 Thread 0x000001d041106ce0 1435       4       java.util.LinkedHashMap::get (29 bytes)
Event: 1.029 Thread 0x000001d041300250 1436       3       java.lang.invoke.MethodHandleNatives::refKindHasReceiver (33 bytes)
Event: 1.029 Thread 0x000001d041300250 nmethod 1436 0x000001d04ef2d290 code [0x000001d04ef2d420, 0x000001d04ef2d570]
Event: 1.030 Thread 0x000001d0411073e0 1437       3       java.lang.invoke.MethodHandleNatives::refKindIsMethod (19 bytes)
Event: 1.030 Thread 0x000001d0411073e0 nmethod 1437 0x000001d04ef2d610 code [0x000001d04ef2d7c0, 0x000001d04ef2d9e8]

GC Heap History (2 events):
Event: 0.989 GC heap before
{Heap before GC invocations=0 (full 0):
 garbage-first heap   total reserved 8294400K, committed 520192K, used 24576K [0x0000000605c00000, 0x0000000800000000)
  region size 4096K, 6 young (24576K), 0 survivors (0K)
 Metaspace       used 8370K, committed 8576K, reserved 1114112K
  class space    used 573K, committed 640K, reserved 1048576K
}
Event: 0.993 GC heap after
{Heap after GC invocations=1 (full 0):
 garbage-first heap   total reserved 8294400K, committed 520192K, used 3381K [0x0000000605c00000, 0x0000000800000000)
  region size 4096K, 1 young (4096K), 1 survivors (4096K)
 Metaspace       used 8370K, committed 8576K, reserved 1114112K
  class space    used 573K, committed 640K, reserved 1048576K
}

Dll operation events (12 events):
Event: 0.004 Loaded shared library C:\graalvm-jdk-22.0.2+9.1\bin\java.dll
Event: 0.021 Loaded shared library C:\graalvm-jdk-22.0.2+9.1\bin\jsvml.dll
Event: 0.023 Loaded shared library C:\graalvm-jdk-22.0.2+9.1\bin\jvmcicompiler.dll
Event: 0.045 Loaded shared library C:\graalvm-jdk-22.0.2+9.1\bin\zip.dll
Event: 0.047 Loaded shared library C:\graalvm-jdk-22.0.2+9.1\bin\instrument.dll
Event: 0.049 Loaded shared library C:\graalvm-jdk-22.0.2+9.1\bin\net.dll
Event: 0.049 Loaded shared library C:\graalvm-jdk-22.0.2+9.1\bin\nio.dll
Event: 0.052 Loaded shared library C:\graalvm-jdk-22.0.2+9.1\bin\zip.dll
Event: 0.065 Loaded shared library C:\Program Files\JetBrains\IntelliJ IDEA Community Edition 2024.1.4\bin\breakgen64.dll
Event: 0.070 Loaded shared library C:\graalvm-jdk-22.0.2+9.1\bin\extnet.dll
Event: 0.085 Loaded shared library C:\graalvm-jdk-22.0.2+9.1\bin\jimage.dll
Event: 0.096 Loaded shared library C:\!TEMP\lwjgl_kgaft\3.3.3+5\x64\lwjgl.dll

Deoptimization events (20 events):
Event: 0.278 Thread 0x000001d04506b850 Uncommon trap: trap_request=0xfffffff5 fr.pc=0x000001d0569b6df7 relative=0x00000000000001d7
Event: 0.278 Thread 0x000001d04506b850 Uncommon trap: reason=null_check action=reinterpret pc=0x000001d0569b6df7 method=java.lang.invoke.VarHandleGuards.guard_LI_I(Ljava/lang/invoke/VarHandle;Ljava/lang/Object;ILjava/lang/invoke/VarHandle$AccessDescriptor;)I @ 0 jvmci
Event: 0.278 Thread 0x000001d04506b850 DEOPT PACKING pc=0x000001d0569b6df7 sp=0x000000954cef9710
Event: 0.278 Thread 0x000001d04506b850 DEOPT UNPACKING pc=0x000001d055fe4c43 sp=0x000000954cef8b88 mode 3
Event: 0.286 Thread 0x000001d04506b850 Uncommon trap: trap_request=0xffffffed fr.pc=0x000001d0569a1637 relative=0x0000000000000d37
Event: 0.286 Thread 0x000001d04506b850 Uncommon trap: reason=null_assert_or_unreached0 action=reinterpret pc=0x000001d0569a1637 method=java.util.HashMap.resize()[Ljava/util/HashMap$Node; @ 0 jvmci
Event: 0.286 Thread 0x000001d04506b850 DEOPT PACKING pc=0x000001d0569a1637 sp=0x000000954cef96a0
Event: 0.286 Thread 0x000001d04506b850 DEOPT UNPACKING pc=0x000001d055fe4c43 sp=0x000000954cef8af8 mode 3
Event: 0.302 Thread 0x000001d04506b850 DEOPT PACKING pc=0x000001d04ecea7e8 sp=0x000000954cefa9d0
Event: 0.302 Thread 0x000001d04506b850 DEOPT UNPACKING pc=0x000001d055fe4c43 sp=0x000000954cef9ea0 mode 0
Event: 0.450 Thread 0x000001d04506b850 DEOPT PACKING pc=0x000001d04ed22ea5 sp=0x000000954cefdf60
Event: 0.450 Thread 0x000001d04506b850 DEOPT UNPACKING pc=0x000001d055fe4c43 sp=0x000000954cefd3b0 mode 0
Event: 0.717 Thread 0x000001d04506b850 DEOPT PACKING pc=0x000001d04ecff6c3 sp=0x000000954cefda50
Event: 0.717 Thread 0x000001d04506b850 DEOPT UNPACKING pc=0x000001d055fe4c43 sp=0x000000954cefcef0 mode 0
Event: 0.723 Thread 0x000001d04506b850 DEOPT PACKING pc=0x000001d04eefc0bf sp=0x000000954cefdd80
Event: 0.723 Thread 0x000001d04506b850 DEOPT UNPACKING pc=0x000001d055fe4c43 sp=0x000000954cefd1a0 mode 0
Event: 1.012 Thread 0x000001d0411011a0 Uncommon trap: trap_request=0xffffffed fr.pc=0x000001d0569f43a9 relative=0x0000000000000389
Event: 1.012 Thread 0x000001d0411011a0 Uncommon trap: reason=null_assert_or_unreached0 action=reinterpret pc=0x000001d0569f43a9 method=java.lang.StringBuilder.toString()Ljava/lang/String; @ 0 jvmci
Event: 1.012 Thread 0x000001d0411011a0 DEOPT PACKING pc=0x000001d0569f43a9 sp=0x000000954d9ff2b0
Event: 1.012 Thread 0x000001d0411011a0 DEOPT UNPACKING pc=0x000001d055fe4c43 sp=0x000000954d9fe758 mode 3

Classes loaded (20 events):
Event: 0.680 Loading class java/util/stream/LongStream
Event: 0.680 Loading class java/util/stream/LongStream done
Event: 0.681 Loading class java/util/stream/LongPipeline done
Event: 0.681 Loading class java/util/stream/LongPipeline$Head done
Event: 0.694 Loading class java/lang/Thread$ThreadNumbering
Event: 0.694 Loading class java/lang/Thread$ThreadNumbering done
Event: 0.695 Loading class java/io/FileReader
Event: 0.695 Loading class java/io/FileReader done
Event: 0.695 Loading class java/io/BufferedReader$1
Event: 0.695 Loading class java/io/BufferedReader$1 done
Event: 0.996 Loading class java/util/stream/Streams$RangeIntSpliterator
Event: 0.996 Loading class java/util/stream/Streams$RangeIntSpliterator done
Event: 1.011 Loading class jdk/internal/vm/VMSupport
Event: 1.011 Loading class jdk/internal/vm/VMSupport done
Event: 1.011 Loading class sun/nio/cs/ISO_8859_1$Encoder
Event: 1.011 Loading class sun/nio/cs/ISO_8859_1$Encoder done
Event: 1.012 Loading class sun/nio/cs/Surrogate$Parser
Event: 1.012 Loading class sun/nio/cs/Surrogate$Parser done
Event: 1.012 Loading class sun/nio/cs/Surrogate
Event: 1.012 Loading class sun/nio/cs/Surrogate done

Classes unloaded (0 events):
No events

Classes redefined (0 events):
No events

Internal exceptions (20 events):
Event: 0.139 Thread 0x000001d04506b850 Exception <a 'java/lang/NoSuchMethodError'{0x0000000624caec58}: 'java.lang.Object java.lang.invoke.DirectMethodHandle$Holder.newInvokeSpecial(java.lang.Object, java.lang.Object, long)'> (0x0000000624caec58) 
thrown [s\open\src\hotspot\share\interpreter\linkResolver.cpp, line 774]
Event: 0.139 Thread 0x000001d04506b850 Exception <a 'java/lang/NoSuchMethodError'{0x0000000624cb2db0}: 'java.lang.Object java.lang.invoke.Invokers$Holder.linkToTargetMethod(java.lang.Object, long, java.lang.Object)'> (0x0000000624cb2db0) 
thrown [s\open\src\hotspot\share\interpreter\linkResolver.cpp, line 774]
Event: 0.140 Thread 0x000001d04506b850 Exception <a 'java/lang/NoSuchMethodError'{0x0000000624cb9fd8}: 'int java.lang.invoke.DirectMethodHandle$Holder.invokeStaticInit(java.lang.Object, java.lang.Object, java.lang.Object, long)'> (0x0000000624cb9fd8) 
thrown [s\open\src\hotspot\share\interpreter\linkResolver.cpp, line 774]
Event: 0.274 Thread 0x000001d04506b850 Exception <a 'sun/nio/fs/WindowsException'{0x0000000624f522c8}> (0x0000000624f522c8) 
thrown [s\open\src\hotspot\share\prims\jni.cpp, line 520]
Event: 0.274 Thread 0x000001d04506b850 Exception <a 'sun/nio/fs/WindowsException'{0x0000000624f52508}> (0x0000000624f52508) 
thrown [s\open\src\hotspot\share\prims\jni.cpp, line 520]
Event: 0.278 Thread 0x000001d04506b850 Implicit null exception at 0x000001d0569b6c57 to 0x000001d0569b6ddc
Event: 0.406 Thread 0x000001d04506b850 Exception <a 'java/lang/NoSuchMethodError'{0x000000062489a0d8}: 'java.lang.Object java.lang.invoke.DirectMethodHandle$Holder.newInvokeSpecial(java.lang.Object, long)'> (0x000000062489a0d8) 
thrown [s\open\src\hotspot\share\interpreter\linkResolver.cpp, line 774]
Event: 0.415 Thread 0x000001d04506b850 Exception <a 'java/lang/NoSuchMethodError'{0x00000006248ded70}: 'int java.lang.invoke.DirectMethodHandle$Holder.invokeSpecial(java.lang.Object, java.lang.Object, java.lang.Object, int)'> (0x00000006248ded70) 
thrown [s\open\src\hotspot\share\interpreter\linkResolver.cpp, line 774]
Event: 0.416 Thread 0x000001d04506b850 Exception <a 'java/lang/NoSuchMethodError'{0x00000006248f1398}: 'java.lang.Object java.lang.invoke.DirectMethodHandle$Holder.invokeStatic(java.lang.Object, java.lang.Object, java.lang.Object, java.lang.Object, int)'> (0x00000006248f1398) 
thrown [s\open\src\hotspot\share\interpreter\linkResolver.cpp, line 774]
Event: 0.454 Thread 0x000001d04506b850 Exception <a 'java/lang/NoSuchMethodError'{0x00000006244f6f40}: 'void java.lang.invoke.DirectMethodHandle$Holder.invokeStatic(java.lang.Object, java.lang.Object, java.lang.Object, java.lang.Object)'> (0x00000006244f6f40) 
thrown [s\open\src\hotspot\share\interpreter\linkResolver.cpp, line 774]
Event: 0.467 Thread 0x000001d04506b850 Exception <a 'java/lang/NoSuchMethodError'{0x000000062464d180}: 'void java.lang.invoke.DirectMethodHandle$Holder.invokeStatic(java.lang.Object, long)'> (0x000000062464d180) 
thrown [s\open\src\hotspot\share\interpreter\linkResolver.cpp, line 774]
Event: 0.633 Thread 0x000001d04506b850 Exception <a 'java/lang/NoSuchMethodError'{0x00000006246a20d0}: 'java.lang.Object java.lang.invoke.DirectMethodHandle$Holder.newInvokeSpecial(java.lang.Object, long, long)'> (0x00000006246a20d0) 
thrown [s\open\src\hotspot\share\interpreter\linkResolver.cpp, line 774]
Event: 0.665 Thread 0x000001d04506b850 Exception <a 'java/lang/NoSuchMethodError'{0x000000062404e810}: 'java.lang.Object java.lang.invoke.DirectMethodHandle$Holder.invokeVirtual(java.lang.Object, java.lang.Object, int)'> (0x000000062404e810) 
thrown [s\open\src\hotspot\share\interpreter\linkResolver.cpp, line 774]
Event: 0.681 Thread 0x000001d04506b850 Exception <a 'java/lang/NoSuchMethodError'{0x00000006240621a8}: 'void java.lang.invoke.DirectMethodHandle$Holder.invokeSpecial(java.lang.Object, java.lang.Object, long)'> (0x00000006240621a8) 
thrown [s\open\src\hotspot\share\interpreter\linkResolver.cpp, line 774]
Event: 0.690 Thread 0x000001d04506b850 Exception <a 'java/lang/NoSuchMethodError'{0x000000062412aad0}: 'java.lang.Object java.lang.invoke.DirectMethodHandle$Holder.newInvokeSpecial(java.lang.Object, java.lang.Object, java.lang.Object, java.lang.Object, java.lang.Object, java.lang.Object)'> (0x000000062412aad0) 
thrown [s\open\src\hotspot\share\interpreter\linkResolver.cpp, line 774]
Event: 0.717 Thread 0x000001d04506b850 Exception <a 'sun/nio/fs/WindowsException'{0x00000006241db038}> (0x00000006241db038) 
thrown [s\open\src\hotspot\share\prims\jni.cpp, line 520]
Event: 0.717 Thread 0x000001d04506b850 Exception <a 'sun/nio/fs/WindowsException'{0x00000006241db328}> (0x00000006241db328) 
thrown [s\open\src\hotspot\share\prims\jni.cpp, line 520]
Event: 0.850 Thread 0x000001d04506b850 Exception <a 'java/lang/NoSuchMethodError'{0x00000006242020a0}: 'java.lang.Object java.lang.invoke.DirectMethodHandle$Holder.invokeVirtual(java.lang.Object, java.lang.Object, java.lang.Object)'> (0x00000006242020a0) 
thrown [s\open\src\hotspot\share\interpreter\linkResolver.cpp, line 774]
Event: 0.994 Thread 0x000001d0410fe660 Exception <a 'java/lang/NoSuchMethodError'{0x00000006254b0370}: 'void java.lang.invoke.DirectMethodHandle$Holder.invokeVirtual(java.lang.Object, java.lang.Object)'> (0x00000006254b0370) 
thrown [s\open\src\hotspot\share\interpreter\linkResolver.cpp, line 774]
Event: 1.012 Thread 0x000001d0411011a0 Exception <a 'java/lang/NoSuchMethodError'{0x000000062566a3a8}: 'java.lang.Object java.lang.invoke.Invokers$Holder.invokeExact_MT(java.lang.Object, java.lang.Object, java.lang.Object, java.lang.Object, java.lang.Object, java.lang.Object)'> (0x000000062566a3a8) 
thrown [s\open\src\hotspot\share\interpreter\linkResolver.cpp, line 774]

ZGC Phase Switch (0 events):
No events

VM Operations (14 events):
Event: 0.038 Executing VM operation: HandshakeAllThreads (Deoptimize)
Event: 0.038 Executing VM operation: HandshakeAllThreads (Deoptimize) done
Event: 0.201 Executing VM operation: HandshakeAllThreads (Deoptimize)
Event: 0.201 Executing VM operation: HandshakeAllThreads (Deoptimize) done
Event: 0.422 Executing VM operation: HandshakeAllThreads (Deoptimize)
Event: 0.422 Executing VM operation: HandshakeAllThreads (Deoptimize) done
Event: 0.665 Executing VM operation: HandshakeAllThreads (Deoptimize)
Event: 0.665 Executing VM operation: HandshakeAllThreads (Deoptimize) done
Event: 0.694 Executing VM operation: ICBufferFull
Event: 0.694 Executing VM operation: ICBufferFull done
Event: 0.989 Executing VM operation: G1CollectForAllocation (G1 Evacuation Pause)
Event: 0.993 Executing VM operation: G1CollectForAllocation (G1 Evacuation Pause) done
Event: 0.997 Executing VM operation: HandshakeAllThreads (Deoptimize)
Event: 0.997 Executing VM operation: HandshakeAllThreads (Deoptimize) done

Memory protections (0 events):
No events

Nmethod flushes (0 events):
No events

Events (20 events):
Event: 0.013 Thread 0x000001d04506b850 Thread added: 0x000001d04506b850
Event: 0.019 Thread 0x000001d04506b850 Thread added: 0x000001d0410fdfb0
Event: 0.019 Thread 0x000001d04506b850 Thread added: 0x000001d0410fe660
Event: 0.020 Thread 0x000001d04506b850 Thread added: 0x000001d0410ff7e0
Event: 0.020 Thread 0x000001d04506b850 Thread added: 0x000001d0411011a0
Event: 0.020 Thread 0x000001d04506b850 Thread added: 0x000001d041103aa0
Event: 0.020 Thread 0x000001d04506b850 Thread added: 0x000001d0411062d0
Event: 0.020 Thread 0x000001d04506b850 Thread added: 0x000001d041106ce0
Event: 0.020 Thread 0x000001d04506b850 Thread added: 0x000001d0411073e0
Event: 0.022 Thread 0x000001d0411073e0 Thread added: 0x000001d041188aa0
Event: 0.034 Thread 0x000001d04506b850 Thread added: 0x000001d0412faff0
Event: 0.037 Thread 0x000001d0411073e0 Thread added: 0x000001d0412ffb50
Event: 0.038 Thread 0x000001d041188aa0 Thread added: 0x000001d041300250
Event: 0.039 Thread 0x000001d0412ffb50 Thread added: 0x000001d041300b30
Event: 0.041 Thread 0x000001d041188aa0 Thread added: 0x000001d04133f7f0
Event: 0.065 Thread 0x000001d04506b850 Thread added: 0x000001d04163c2f0
Event: 0.065 Thread 0x000001d04506b850 Thread added: 0x000001d04163c9a0
Event: 0.405 Thread 0x000001d04133f7f0 Thread exited: 0x000001d04133f7f0
Event: 0.420 Thread 0x000001d041300250 Thread added: 0x000001d041b02670
Event: 0.624 Thread 0x000001d041b02670 Thread exited: 0x000001d041b02670


Dynamic libraries:
0x00007ff654420000 - 0x00007ff654430000 	C:\graalvm-jdk-22.0.2+9.1\bin\java.exe
0x00007ffa04070000 - 0x00007ffa04268000 	C:\Windows\SYSTEM32\ntdll.dll
0x00007ffa03a40000 - 0x00007ffa03b01000 	C:\Windows\System32\KERNEL32.DLL
0x00007ffa01da0000 - 0x00007ffa02096000 	C:\Windows\System32\KERNELBASE.dll
0x00007ff9fc2e0000 - 0x00007ff9fc374000 	C:\Windows\SYSTEM32\apphelp.dll
0x00007ff986510000 - 0x00007ff9869a6000 	C:\Windows\SYSTEM32\AcLayers.DLL
0x00007ffa039a0000 - 0x00007ffa03a3e000 	C:\Windows\System32\msvcrt.dll
0x00007ffa03b10000 - 0x00007ffa03caf000 	C:\Windows\System32\USER32.dll
0x00007ffa018b0000 - 0x00007ffa018d2000 	C:\Windows\System32\win32u.dll
0x00007ffa02500000 - 0x00007ffa0252b000 	C:\Windows\System32\GDI32.dll
0x00007ffa01c80000 - 0x00007ffa01d97000 	C:\Windows\System32\gdi32full.dll
0x00007ffa01b00000 - 0x00007ffa01b9d000 	C:\Windows\System32\msvcp_win.dll
0x00007ffa017b0000 - 0x00007ffa018b0000 	C:\Windows\System32\ucrtbase.dll
0x00007ffa03080000 - 0x00007ffa037ec000 	C:\Windows\System32\SHELL32.dll
0x00007ffa02140000 - 0x00007ffa02195000 	C:\Windows\System32\SHLWAPI.dll
0x00007ffa03cb0000 - 0x00007ffa03d60000 	C:\Windows\System32\ADVAPI32.dll
0x00007ffa020a0000 - 0x00007ffa02140000 	C:\Windows\System32\sechost.dll
0x00007ffa021a0000 - 0x00007ffa022c3000 	C:\Windows\System32\RPCRT4.dll
0x00007ffa01ba0000 - 0x00007ffa01bc7000 	C:\Windows\System32\bcrypt.dll
0x000001d042e30000 - 0x000001d042e33000 	C:\Windows\SYSTEM32\sfc.dll
0x00007ff9ef060000 - 0x00007ff9ef104000 	C:\Windows\SYSTEM32\WINSPOOL.DRV
0x00007ffa02660000 - 0x00007ffa029b3000 	C:\Windows\System32\combase.dll
0x00007ffa02e30000 - 0x00007ffa02edd000 	C:\Windows\System32\shcore.dll
0x00007ff9e5e70000 - 0x00007ff9e5e82000 	C:\Windows\SYSTEM32\sfc_os.DLL
0x00007ffa022e0000 - 0x00007ffa0230f000 	C:\Windows\System32\IMM32.DLL
0x00007ff9da230000 - 0x00007ff9da247000 	C:\graalvm-jdk-22.0.2+9.1\bin\jli.dll
0x00007ff9d6920000 - 0x00007ff9d693b000 	C:\graalvm-jdk-22.0.2+9.1\bin\VCRUNTIME140.dll
0x00007ffa00ae0000 - 0x00007ffa00d7a000 	C:\Windows\WinSxS\amd64_microsoft.windows.common-controls_6595b64144ccf1df_6.0.19041.4355_none_60b8b9eb71f62e16\COMCTL32.dll
0x00007ff9dfb30000 - 0x00007ff9dfb3c000 	C:\graalvm-jdk-22.0.2+9.1\bin\vcruntime140_1.dll
0x00007ff99be10000 - 0x00007ff99be9e000 	C:\graalvm-jdk-22.0.2+9.1\bin\msvcp140.dll
0x00007ff989990000 - 0x00007ff98a6d9000 	C:\graalvm-jdk-22.0.2+9.1\bin\server\jvm.dll
0x00007ffa02ee0000 - 0x00007ffa02f4b000 	C:\Windows\System32\WS2_32.dll
0x00007ffa01310000 - 0x00007ffa0135b000 	C:\Windows\SYSTEM32\POWRPROF.dll
0x00007ff9ecac0000 - 0x00007ff9ecae7000 	C:\Windows\SYSTEM32\WINMM.dll
0x00007ff9ff180000 - 0x00007ff9ff18a000 	C:\Windows\SYSTEM32\VERSION.dll
0x00007ffa00e70000 - 0x00007ffa00e82000 	C:\Windows\SYSTEM32\UMPDC.dll
0x00007ff9ff110000 - 0x00007ff9ff122000 	C:\Windows\SYSTEM32\kernel.appcore.dll
0x00007ff9d6750000 - 0x00007ff9d675a000 	C:\graalvm-jdk-22.0.2+9.1\bin\jimage.dll
0x00007ffa010a0000 - 0x00007ffa01284000 	C:\Windows\SYSTEM32\DBGHELP.DLL
0x00007ffa01060000 - 0x00007ffa01094000 	C:\Windows\SYSTEM32\dbgcore.DLL
0x00007ffa01720000 - 0x00007ffa017a2000 	C:\Windows\System32\bcryptPrimitives.dll
0x00007ff9fbd20000 - 0x00007ff9fbd2f000 	C:\graalvm-jdk-22.0.2+9.1\bin\instrument.dll
0x00007ff9d5270000 - 0x00007ff9d528e000 	C:\graalvm-jdk-22.0.2+9.1\bin\java.dll
0x00007ffa02530000 - 0x00007ffa0265b000 	C:\Windows\System32\ole32.dll
0x00007ff9fe960000 - 0x00007ff9ff0fe000 	C:\Windows\SYSTEM32\windows.storage.dll
0x00007ffa00a40000 - 0x00007ffa00a6e000 	C:\Windows\SYSTEM32\Wldp.dll
0x00007ffa02320000 - 0x00007ffa023ed000 	C:\Windows\System32\OLEAUT32.dll
0x00007ffa01650000 - 0x00007ffa01674000 	C:\Windows\SYSTEM32\profapi.dll
0x00007ff99bd30000 - 0x00007ff99be07000 	C:\graalvm-jdk-22.0.2+9.1\bin\jsvml.dll
0x00007ff9869b0000 - 0x00007ff989988000 	C:\graalvm-jdk-22.0.2+9.1\bin\jvmcicompiler.dll
0x00007ffa02310000 - 0x00007ffa02318000 	C:\Windows\System32\PSAPI.DLL
0x00007ffa01930000 - 0x00007ffa01a8e000 	C:\Windows\System32\CRYPT32.dll
0x00007ffa01600000 - 0x00007ffa0162e000 	C:\Windows\SYSTEM32\USERENV.dll
0x00007ffa00ab0000 - 0x00007ffa00ad9000 	C:\Windows\SYSTEM32\ncrypt.dll
0x00007ffa00480000 - 0x00007ffa004bb000 	C:\Windows\SYSTEM32\IPHLPAPI.DLL
0x00007ffa00950000 - 0x00007ffa009ba000 	C:\Windows\SYSTEM32\MSWSOCK.dll
0x00007ffa00a70000 - 0x00007ffa00aab000 	C:\Windows\SYSTEM32\NTASN1.dll
0x00007ff9c6c90000 - 0x00007ff9c6ca7000 	C:\graalvm-jdk-22.0.2+9.1\bin\zip.dll
0x00007ff9d5260000 - 0x00007ff9d5270000 	C:\graalvm-jdk-22.0.2+9.1\bin\net.dll
0x00007ff9d49e0000 - 0x00007ff9d49f6000 	C:\graalvm-jdk-22.0.2+9.1\bin\nio.dll
0x00007ff9f9f50000 - 0x00007ff9f9f6a000 	C:\Program Files\JetBrains\IntelliJ IDEA Community Edition 2024.1.4\bin\breakgen64.dll
0x00007ff9d4950000 - 0x00007ff9d4959000 	C:\graalvm-jdk-22.0.2+9.1\bin\extnet.dll
0x00007ff9f5970000 - 0x00007ff9f59eb000 	C:\!TEMP\lwjgl_kgaft\3.3.3+5\x64\lwjgl.dll
0x00007ff9f5810000 - 0x00007ff9f5892000 	C:\!TEMP\lwjgl_kgaft\3.3.3+5\x64\glfw.dll
0x00007ff9e70c0000 - 0x00007ff9e7105000 	C:\Windows\SYSTEM32\dinput8.dll
0x00007ff9f6b00000 - 0x00007ff9f6b11000 	C:\Windows\SYSTEM32\xinput1_4.dll
0x00007ffa018e0000 - 0x00007ffa0192e000 	C:\Windows\System32\cfgmgr32.dll
0x00007ffa014a0000 - 0x00007ffa014d3000 	C:\Windows\SYSTEM32\DEVOBJ.dll
0x00007ff9f26f0000 - 0x00007ff9f2842000 	C:\Windows\SYSTEM32\inputhost.dll
0x00007ff9fc7f0000 - 0x00007ff9fc8e2000 	C:\Windows\SYSTEM32\CoreMessaging.dll
0x00007ff9fd310000 - 0x00007ff9fd467000 	C:\Windows\SYSTEM32\wintypes.dll
0x00007ff9fdb60000 - 0x00007ff9fdc56000 	C:\Windows\SYSTEM32\PROPSYS.dll
0x00007ff9faea0000 - 0x00007ff9fb1fb000 	C:\Windows\SYSTEM32\CoreUIComponents.dll
0x00007ffa01360000 - 0x00007ffa01393000 	C:\Windows\SYSTEM32\ntmarta.dll
0x00007ff9fe270000 - 0x00007ff9fe29f000 	C:\Windows\SYSTEM32\dwmapi.dll
0x00007ff9fe130000 - 0x00007ff9fe1ce000 	C:\Windows\system32\uxtheme.dll
0x00007ffa02f50000 - 0x00007ffa03064000 	C:\Windows\System32\MSCTF.dll
0x00007ff9f2850000 - 0x00007ff9f2949000 	C:\Windows\SYSTEM32\textinputframework.dll
0x00007ff9dfdf0000 - 0x00007ff9dff54000 	C:\Windows\SYSTEM32\vulkan-1.dll
0x00007ff9ff190000 - 0x00007ff9ff285000 	C:\Windows\system32\dxgi.dll
0x00007ff9848b0000 - 0x00007ff985a2b000 	C:\Windows\System32\DriverStore\FileRepository\iigd_dch.inf_amd64_ffe7d9986336312b\igvk64.dll
0x00007ff9a06a0000 - 0x00007ff9a07c8000 	C:\Windows\system32\OpenGL32.dll
0x00007ff9e3660000 - 0x00007ff9e368c000 	C:\Windows\SYSTEM32\GLU32.dll
0x00007ff9cf330000 - 0x00007ff9cf768000 	C:\Windows\System32\DriverStore\FileRepository\iigd_dch.inf_amd64_ffe7d9986336312b\igdgmm64.dll
0x00007ff9bc700000 - 0x00007ff9c05ad000 	C:\Windows\System32\DriverStore\FileRepository\iigd_dch.inf_amd64_ffe7d9986336312b\igc64.dll
0x00007ff99e0b0000 - 0x00007ff9a0698000 	C:\Windows\System32\DriverStore\FileRepository\nvami.inf_amd64_228c2297d67d3a38\nvoglv64.dll
0x00007ffa029c0000 - 0x00007ffa02e2e000 	C:\Windows\System32\SETUPAPI.dll
0x00007ff9f9eb0000 - 0x00007ff9f9ec4000 	C:\Windows\SYSTEM32\WTSAPI32.dll
0x00007ffa00e90000 - 0x00007ffa00ea2000 	C:\Windows\SYSTEM32\msasn1.dll
0x00007ff9f7c40000 - 0x00007ff9f7c71000 	C:\Windows\SYSTEM32\cryptnet.dll
0x00007ffa00a00000 - 0x00007ffa00a0c000 	C:\Windows\SYSTEM32\cryptbase.dll
0x00007ff9f7af0000 - 0x00007ff9f7c37000 	C:\Windows\SYSTEM32\drvstore.dll
0x00007ffa01a90000 - 0x00007ffa01af9000 	C:\Windows\System32\WINTRUST.dll
0x00007ffa03de0000 - 0x00007ffa03dfd000 	C:\Windows\System32\imagehlp.dll
0x00007ffa01480000 - 0x00007ffa01498000 	C:\Windows\SYSTEM32\CRYPTSP.dll
0x00007ffa00120000 - 0x00007ffa00154000 	C:\Windows\system32\rsaenh.dll
0x00007ff9f2f40000 - 0x00007ff9f4f2e000 	C:\Windows\System32\DriverStore\FileRepository\nvami.inf_amd64_228c2297d67d3a38\nvgpucomp64.dll
0x00007ffa02450000 - 0x00007ffa024f9000 	C:\Windows\System32\clbcatq.dll
0x00007ff983770000 - 0x00007ff9848a2000 	C:\VulkanSDK\1.3.290.0\Bin\VkLayer_khronos_validation.dll
0x00007ff9c6dc0000 - 0x00007ff9c6e04000 	C:\Windows\SYSTEM32\ControlLib.dll
0x00007ff9c6d30000 - 0x00007ff9c6dbb000 	C:\Windows\System32\DriverStore\FileRepository\iigd_dch.inf_amd64_ffe7d9986336312b\IntelControlLib.dll
0x00007ff997c10000 - 0x00007ff997d54000 	C:\Windows\System32\DriverStore\FileRepository\iigd_dch.inf_amd64_ffe7d9986336312b\igvkMedia64.dll
0x00007ff9c3ff0000 - 0x00007ff9c51d3000 	C:\Windows\System32\DriverStore\FileRepository\iigd_dch.inf_amd64_ffe7d9986336312b\igddxvacommon64.dll
0x00007ff9c22c0000 - 0x00007ff9c3fe1000 	C:\Windows\System32\DriverStore\FileRepository\iigd_dch.inf_amd64_ffe7d9986336312b\media_bin_64.dll
0x00007ff9f6c50000 - 0x00007ff9f6c8b000 	C:\Windows\SYSTEM32\dxcore.dll
0x00007ff9d3640000 - 0x00007ff9d3910000 	C:\Windows\system32\nvspcap64.dll
0x00007ff982d50000 - 0x00007ff983768000 	C:\Windows\System32\DriverStore\FileRepository\nvami.inf_amd64_228c2297d67d3a38\nvcuda64.dll
0x00007ff9eb440000 - 0x00007ff9ebb33000 	C:\Windows\SYSTEM32\nvapi64.dll
0x00007ff9df5f0000 - 0x00007ff9df684000 	C:\Windows\System32\DriverStore\FileRepository\nvami.inf_amd64_228c2297d67d3a38\nvdxgdmal64.dll
0x00007ff97f0c0000 - 0x00007ff982d44000 	C:\Windows\System32\DriverStore\FileRepository\nvami.inf_amd64_228c2297d67d3a38\nvrtum64.dll
0x00007ff99ae40000 - 0x00007ff99aee8000 	C:\Windows\System32\DriverStore\FileRepository\nvami.inf_amd64_228c2297d67d3a38\NvCamera\NvCameraAllowlisting64.dll
0x00007ff9f8500000 - 0x00007ff9f8603000 	C:\Windows\System32\AppXDeploymentClient.dll
0x00007ff9d2d90000 - 0x00007ff9d2ee5000 	C:\Windows\System32\DriverStore\FileRepository\nvami.inf_amd64_228c2297d67d3a38\nvppex.dll
0x00007ff9ffda0000 - 0x00007ff9ffdfb000 	C:\Windows\SYSTEM32\WINSTA.dll
0x00007ff97e860000 - 0x00007ff97ece1000 	C:\!TEMP\lwjgl_kgaft\3.3.3+5\x64\shaderc.dll

dbghelp: loaded successfully - version: 4.0.5 - missing functions: none
symbol engine: initialized successfully - sym options: 0x614 - pdb path: .;C:\graalvm-jdk-22.0.2+9.1\bin;C:\Windows\SYSTEM32;C:\Windows\WinSxS\amd64_microsoft.windows.common-controls_6595b64144ccf1df_6.0.19041.4355_none_60b8b9eb71f62e16;C:\graalvm-jdk-22.0.2+9.1\bin\server;C:\Program Files\JetBrains\IntelliJ IDEA Community Edition 2024.1.4\bin;C:\!TEMP\lwjgl_kgaft\3.3.3+5\x64;C:\Windows\System32\DriverStore\FileRepository\iigd_dch.inf_amd64_ffe7d9986336312b;C:\Windows\System32\DriverStore\FileRepository\nvami.inf_amd64_228c2297d67d3a38;C:\VulkanSDK\1.3.290.0\Bin;C:\Windows\System32\DriverStore\FileRepository\nvami.inf_amd64_228c2297d67d3a38\NvCamera

VM Arguments:
jvm_args: -XX:ThreadPriorityPolicy=1 -XX:+UnlockExperimentalVMOptions -XX:+EnableJVMCIProduct -XX:-UnlockExperimentalVMOptions -javaagent:C:\Program Files\JetBrains\IntelliJ IDEA Community Edition 2024.1.4\lib\idea_rt.jar=50925:C:\Program Files\JetBrains\IntelliJ IDEA Community Edition 2024.1.4\bin -Dfile.encoding=UTF-8 -Dsun.stdout.encoding=UTF-8 -Dsun.stderr.encoding=UTF-8 
java_command: com.kgaft.VulkanLib.Main
java_class_path (initial): C:\Users\kgaft\Documents\VulkanLib\target\classes;C:\Users\kgaft\.m2\repository\org\lwjgl\lwjgl\3.3.3\lwjgl-3.3.3.jar;C:\Users\kgaft\.m2\repository\org\lwjgl\lwjgl-assimp\3.3.3\lwjgl-assimp-3.3.3.jar;C:\Users\kgaft\.m2\repository\org\lwjgl\lwjgl-glfw\3.3.3\lwjgl-glfw-3.3.3.jar;C:\Users\kgaft\.m2\repository\org\lwjgl\lwjgl-stb\3.3.3\lwjgl-stb-3.3.3.jar;C:\Users\kgaft\.m2\repository\org\lwjgl\lwjgl-vulkan\3.3.3\lwjgl-vulkan-3.3.3.jar;C:\Users\kgaft\.m2\repository\org\lwjgl\lwjgl-shaderc\3.3.3\lwjgl-shaderc-3.3.3.jar;C:\Users\kgaft\.m2\repository\org\lwjgl\lwjgl\3.3.3\lwjgl-3.3.3-natives-windows.jar;C:\Users\kgaft\.m2\repository\org\lwjgl\lwjgl-assimp\3.3.3\lwjgl-assimp-3.3.3-natives-windows.jar;C:\Users\kgaft\.m2\repository\org\lwjgl\lwjgl-glfw\3.3.3\lwjgl-glfw-3.3.3-natives-windows.jar;C:\Users\kgaft\.m2\repository\org\lwjgl\lwjgl-shaderc\3.3.3\lwjgl-shaderc-3.3.3-natives-windows.jar;C:\Users\kgaft\.m2\repository\org\lwjgl\lwjgl-stb\3.3.3\lwjgl-stb-3.3.3-natives-windows.jar;C:\Users\kgaft\.m2\repository\org\joml\joml\1.10.6\joml-1.10.6.jar;C:\Users\kgaft\.m2\repository\org\jetbrains\kotlin\kotlin-stdlib-jdk8\1.8.20\kotlin-stdlib-jdk8-1.8.20.jar;C:\Users\kgaft\.m2\repository\org\jetbrains\kotlin\kotlin-stdlib\1.8.20\kotlin-stdlib-1.8.20.jar;C:\Users\kgaft\.m2\repository\org\jetbrains\kotlin\kotlin-stdlib-common\1.8.20\kotlin-stdlib-common-1.8.20.jar;C:\Users\kgaft\.m2\repository\org\jetbrains\annotations\13.0\annotations-13.0.jar;C:\Users\kgaft\.m2\repository\org\jetbrains\kotlin\kotlin-stdlib-jdk7\1.8.20\kotlin-stdlib-jdk7-1.8.20.jar
Launcher Type: SUN_STANDARD

[Global flags]
     intx CICompilerCount                          = 12                                        {product} {ergonomic}
     uint ConcGCThreads                            = 4                                         {product} {ergonomic}
     bool EnableJVMCIProduct                       = true                                {JVMCI product} {jimage}
     uint G1ConcRefinementThreads                  = 15                                        {product} {ergonomic}
   size_t G1HeapRegionSize                         = 4194304                                   {product} {ergonomic}
   size_t InitialHeapSize                          = 532676608                                 {product} {ergonomic}
   size_t MarkStackSize                            = 4194304                                   {product} {ergonomic}
   size_t MaxHeapSize                              = 8493465600                                {product} {ergonomic}
   size_t MaxNewSize                               = 5096079360                                {product} {ergonomic}
   size_t MinHeapDeltaBytes                        = 4194304                                   {product} {ergonomic}
   size_t MinHeapSize                              = 8388608                                   {product} {ergonomic}
    uintx NonNMethodCodeHeapSize                   = 10453100                               {pd product} {ergonomic}
    uintx NonProfiledCodeHeapSize                  = 120602570                              {pd product} {ergonomic}
    uintx ProfiledCodeHeapSize                     = 120602570                              {pd product} {ergonomic}
    uintx ReservedCodeCacheSize                    = 251658240                              {pd product} {ergonomic}
     bool SegmentedCodeCache                       = true                                      {product} {ergonomic}
   size_t SoftMaxHeapSize                          = 8493465600                             {manageable} {ergonomic}
      int ThreadPriorityPolicy                     = 1                                         {product} {jimage}
     bool UseCompressedOops                        = true                           {product lp64_product} {ergonomic}
     bool UseG1GC                                  = true                                      {product} {ergonomic}
     bool UseLargePagesIndividualAllocation        = false                                  {pd product} {ergonomic}

Logging:
Log output configuration:
 #0: stdout all=warning uptime,level,tags foldmultilines=false
 #1: stderr all=off uptime,level,tags foldmultilines=false

Environment Variables:
JAVA_HOME=C:\graalvm-jdk-22.0.2+9.1
PATH=C:\Windows\system32;C:\Windows;C:\Windows\System32\Wbem;C:\Windows\System32\WindowsPowerShell\v1.0\;C:\Windows\System32\OpenSSH\;C:\Program Files (x86)\NVIDIA Corporation\PhysX\Common;C:\Program Files\NVIDIA Corporation\NVIDIA NvDLISR;C:\Program Files (x86)\Windows Kits\10\Windows Performance Toolkit\;C:\Program Files\CMake\bin;C:\graalvm-jdk-22.0.2+9.1\bin;C:\Program Files\Git\cmd;C:\Users\kgaft\AppData\Local\Microsoft\WindowsApps;;C:\Program Files\JetBrains\IntelliJ IDEA Community Edition 2024.1.4\bin;
USERNAME=kgaft
OS=Windows_NT
PROCESSOR_IDENTIFIER=Intel64 Family 6 Model 154 Stepping 3, GenuineIntel
TMP=C:\!TEMP
TEMP=C:\!TEMP




Periodic native trim disabled

---------------  S Y S T E M  ---------------

OS:
 Windows 10 , 64 bit Build 19041 (10.0.19041.4597)
OS uptime: 0 days 4:16 hours

CPU: total 20 (initial active 20) (10 cores per cpu, 2 threads per core) family 6 model 154 stepping 3 microcode 0x421, cx8, cmov, fxsr, ht, mmx, 3dnowpref, sse, sse2, sse3, ssse3, sse4.1, sse4.2, popcnt, lzcnt, tsc, tscinvbit, avx, avx2, aes, erms, clmul, bmi1, bmi2, adx, sha, fma, vzeroupper, clflush, clflushopt, clwb, serialize, rdtscp, rdpid, fsrm, f16c, pku, cet_ibt, cet_ss
Processor Information for all 20 processors :
  Max Mhz: 2300, Current Mhz: 2300, Mhz Limit: 2300

Memory: 4k page, system-wide physical 32395M (22033M free)
TotalPageFile size 40591M (AvailPageFile size 27712M)
current process WorkingSet (physical memory assigned to process): 382M, peak: 384M
current process commit charge ("private bytes"): 939M, peak: 939M

vm_info: Java HotSpot(TM) 64-Bit Server VM (22.0.2+9-jvmci-b01) for windows-amd64 JRE (22.0.2+9-jvmci-b01), built on 2024-06-05T21:30:56Z by "OCIWIN18Buildbot" with MS VC++ 17.6 (VS2022)

END.
