#
# A fatal error has been detected by the Java Runtime Environment:
#
#  EXCEPTION_ACCESS_VIOLATION (0xc0000005) at pc=0x00007ff983e27d30, pid=14576, tid=9620
#
# JRE version: Java(TM) SE Runtime Environment Oracle GraalVM 22.0.2+9.1 (22.0.2+9) (build 22.0.2+9-jvmci-b01)
# Java VM: Java HotSpot(TM) 64-Bit Server VM Oracle GraalVM 22.0.2+9.1 (22.0.2+9-jvmci-b01, mixed mode, sharing, tiered, jvmci, jvmci compiler, compressed oops, compressed class ptrs, g1 gc, windows-amd64)
# Problematic frame:
# C  [VkLayer_khronos_validation.dll+0x6b7d30]
#
# No core dump will be written. Minidumps are not enabled by default on client versions of Windows
#
# If you would like to submit a bug report, please visit:
#   https://bugreport.java.com/bugreport/crash.jsp
# The crash happened outside the Java Virtual Machine in native code.
# See problematic frame for where to report the bug.
#

---------------  S U M M A R Y ------------

Command Line: -XX:ThreadPriorityPolicy=1 -XX:+UnlockExperimentalVMOptions -XX:+EnableJVMCIProduct -XX:-UnlockExperimentalVMOptions -agentlib:jdwp=transport=dt_socket,address=127.0.0.1:50928,suspend=y,server=n -javaagent:C:\Users\kgaft\AppData\Local\JetBrains\IdeaIC2024.1\captureAgent\debugger-agent.jar -Dfile.encoding=UTF-8 -Dsun.stdout.encoding=UTF-8 -Dsun.stderr.encoding=UTF-8 com.kgaft.VulkanLib.Main

Host: 12th Gen Intel(R) Core(TM) i7-12700H, 20 cores, 31G,  Windows 10 , 64 bit Build 19041 (10.0.19041.4597)
Time: Thu Aug  8 22:48:59 2024 Russia TZ 2 Standard Time elapsed time: 5.059206 seconds (0d 0h 0m 5s)

---------------  T H R E A D  ---------------

Current thread (0x000002221eb8ec20):  JavaThread "main"             [_thread_in_native, id=9620, stack(0x0000005b76500000,0x0000005b76600000) (1024K)]

Stack: [0x0000005b76500000,0x0000005b76600000],  sp=0x0000005b765fdf90,  free space=1015k
Native frames: (J=compiled Java code, j=interpreted, Vv=VM code, C=native code)
C  [VkLayer_khronos_validation.dll+0x6b7d30]  StatelessValidation::ValidateRangedEnumArray<enum VkFormat>+0x80  (stateless_validation.h:447)
C  [VkLayer_khronos_validation.dll+0x7f663b]  StatelessValidation::ValidatePipelineRenderingCreateInfo+0x32b  (sl_pipeline.cpp:153)
C  [VkLayer_khronos_validation.dll+0x7f7557]  StatelessValidation::manual_PreCallValidateCreateGraphicsPipelines+0x387  (sl_pipeline.cpp:328)
C  [VkLayer_khronos_validation.dll+0x6450fa]  StatelessValidation::PreCallValidateCreateGraphicsPipelines+0x58a  (stateless_validation_helper.cpp:11200)
C  [VkLayer_khronos_validation.dll+0x53bac4]  vulkan_layer_chassis::CreateGraphicsPipelines+0x244  (chassis.cpp:802)
C  [lwjgl.dll+0x1171c]  (no source info available)
C  0x000002222fab0492  (no source info available)

The last pc belongs to native method entry point (kind = native) (printed below).
Java frames: (J=compiled Java code, j=interpreted, Vv=VM code)
j  org.lwjgl.system.JNI.callPJPPPI(JJIJJ[JJ)I+0
j  org.lwjgl.vulkan.VK10.vkCreateGraphicsPipelines(Lorg/lwjgl/vulkan/VkDevice;JLorg/lwjgl/vulkan/VkGraphicsPipelineCreateInfo$Buffer;Lorg/lwjgl/vulkan/VkAllocationCallbacks;[J)I+65
j  com.kgaft.VulkanLib.Pipelines.GraphicsPipeline.GraphicsPipeline.create(IIILcom/kgaft/VulkanLib/Shader/Shader;Ljava/util/List;I)V+528
j  com.kgaft.VulkanLib.Pipelines.GraphicsPipeline.GraphicsPipeline.<init>(Lcom/kgaft/VulkanLib/Pipelines/GraphicsPipeline/Configuration/GraphicsPipelineBuilder;ILcom/kgaft/VulkanLib/Device/LogicalDevice/LogicalDevice;Lcom/kgaft/VulkanLib/Shader/Shader;II)V+79
j  com.kgaft.VulkanLib.RenderPipeline.GraphicsRenderPipeline.<init>(Lcom/kgaft/VulkanLib/Device/LogicalDevice/LogicalDevice;Lcom/kgaft/VulkanLib/Device/SwapChain;Lcom/kgaft/VulkanLib/Pipelines/GraphicsPipeline/Configuration/GraphicsPipelineBuilder;Lcom/kgaft/VulkanLib/Shader/Shader;Lcom/kgaft/VulkanLib/Utils/LwjglObject;I)V+223
j  com.kgaft.VulkanLib.Main.main([Ljava/lang/String;)V+503
v  ~StubRoutines::call_stub 0x000002222faa100d

siginfo: EXCEPTION_ACCESS_VIOLATION (0xc0000005), reading address 0x0000000000000010


Registers:
RAX=0x0000000000000001, RBX=0x00000222050caa00, RCX=0x0000050fba0d7800, RDX=0x0000005b765fe210
RSP=0x0000005b765fdf90, RBP=0x0000005b765fe090, RSI=0x00007ff98444ce80, RDI=0xffffffffffffffff
R8 =0x0000005b765fe1f0, R9 =0x0000005b765fe1f0, R10=0x00007ff98444dbd8, R11=0x0000005b765fec80
R12=0x0000000000000010, R13=0x0000000000000000, R14=0x0000022215022610, R15=0x0000050fba0d7800
RIP=0x00007ff983e27d30, EFLAGS=0x0000000000010202


Register to memory mapping:

RAX=0x0000000000000001 is an unknown value
RBX=0x00000222050caa00 points into unknown readable memory: 0x00000222050c8748 | 48 87 0c 05 22 02 00 00
RCX=0x0000050fba0d7800 points into unknown readable memory: 0x00007ff9843c4e10 | 10 4e 3c 84 f9 7f 00 00
RDX=0x0000005b765fe210 is pointing into the stack for thread: 0x000002221eb8ec20
RSP=0x0000005b765fdf90 is pointing into the stack for thread: 0x000002221eb8ec20
RBP=0x0000005b765fe090 is pointing into the stack for thread: 0x000002221eb8ec20
RSI=0x00007ff98444ce80 VkLayer_khronos_validation.dll::`string' + 0x0
RDI=0xffffffffffffffff is an unknown value
R8 =0x0000005b765fe1f0 is pointing into the stack for thread: 0x000002221eb8ec20
R9 =0x0000005b765fe1f0 is pointing into the stack for thread: 0x000002221eb8ec20
R10=0x00007ff98444dbd8 VkLayer_khronos_validation.dll::`string' + 0x0
R11=0x0000005b765fec80 is pointing into the stack for thread: 0x000002221eb8ec20
R12=0x0000000000000010 is an unknown value
R13=0x0 is null
R14=0x0000022215022610 points into unknown readable memory: 0x000000003b9b75e2 | e2 75 9b 3b 00 00 00 00
R15=0x0000050fba0d7800 points into unknown readable memory: 0x00007ff9843c4e10 | 10 4e 3c 84 f9 7f 00 00

Top of Stack: (sp=0x0000005b765fdf90)
0x0000005b765fdf90:   0000000000000008 00007ff989d5e04e
0x0000005b765fdfa0:   0000005b765fdfe0 0000005b765fe4e0
0x0000005b765fdfb0:   0000005b765fe540 0000005b765fe538
0x0000005b765fdfc0:   00000222464466d8 0000005b765fe4f8
0x0000005b765fdfd0:   0000005b765fe400 0000005b765fe1f0
0x0000005b765fdfe0:   0000000000000000 00007ff989f7be60
0x0000005b765fdff0:   0000000000000000 0000000000000000
0x0000005b765fe000:   0000000000000001 00007ff9f5894980
0x0000005b765fe010:   0000000000000001 00007ff9f5820000
0x0000005b765fe020:   00007ff9f5872154 0000005b765fe1a0
0x0000005b765fe030:   0000000000000000 00007ffa040a1040
0x0000005b765fe040:   00007ff9f5820000 00007ff9f583171c
0x0000005b765fe050:   00007ff9f583171c 00007ffa00000001
0x0000005b765fe060:   0000005b765fe1a0 00007ff983e2904d
0x0000005b765fe070:   0000005b765fe0d8 00007ff983f89ce4
0x0000005b765fe080:   0000000000000003 0000000000000000
0x0000005b765fe090:   0000000000000003 0000000000000000
0x0000005b765fe0a0:   00007ff9866aaa10 0000000000000023
0x0000005b765fe0b0:   00007ff9f5894980 0000005b765fe6a0
0x0000005b765fe0c0:   0000005b0000004e 0000050fba0d7800
0x0000005b765fe0d0:   0000005b765fea08 00007ff900000000
0x0000005b765fe0e0:   0000005b765fe1a0 0000005b765fe6a0
0x0000005b765fe0f0:   0000005b765fe700 0000005b765fe6f8
0x0000005b765fe100:   0000000000000000 0000005b765fe110
0x0000005b765fe110:   0000005b765fe6b8 0000005b765fe6b0
0x0000005b765fe120:   0000000000000000 0000000000000202
0x0000005b765fe130:   0000005b765fe1a0 00007ffa040c2a31
0x0000005b765fe140:   000013ea91a80b2d 0000005b765fe6d0
0x0000005b765fe150:   000013ea91a8343d 0000000000000000
0x0000005b765fe160:   0000005b765fe3e8 0000022215022610
0x0000005b765fe170:   0000050fba0d7800 0000050fba0d7800
0x0000005b765fe180:   0000000000000000 0000000000000000 

Instructions: (pc=0x00007ff983e27d30)
0x00007ff983e27c30:   44 24 40 48 8d 05 26 9f 60 00 48 89 44 24 30 48
0x00007ff983e27c40:   c7 44 24 38 2f 00 00 00 0f 28 44 24 30 66 0f 7f
0x00007ff983e27c50:   44 24 30 48 8d 05 36 46 4e 00 48 89 44 24 20 4c
0x00007ff983e27c60:   8b ce 4c 8d 44 24 40 48 8d 54 24 30 48 8b cf e8
0x00007ff983e27c70:   dc c9 c8 ff 0f b6 d8 48 8d 4c 24 40 e8 df 20 c5
0x00007ff983e27c80:   ff 0f b6 c3 eb 02 32 c0 48 8b 8c 24 a0 00 00 00
0x00007ff983e27c90:   48 33 cc e8 88 3f 33 00 4c 8d 9c 24 b0 00 00 00
0x00007ff983e27ca0:   49 8b 5b 20 49 8b 73 28 49 8b e3 5f c3 cc cc cc
0x00007ff983e27cb0:   48 89 5c 24 20 55 56 57 41 54 41 55 41 56 41 57
0x00007ff983e27cc0:   48 8d ac 24 30 ff ff ff 48 81 ec d0 01 00 00 48
0x00007ff983e27cd0:   8b 05 3a ac 8c 00 48 33 c4 48 89 85 c0 00 00 00
0x00007ff983e27ce0:   4d 8b c8 4c 89 44 24 48 48 8b f2 4c 8b f9 4c 8b
0x00007ff983e27cf0:   a5 38 01 00 00 32 db 88 5c 24 40 8b 85 30 01 00
0x00007ff983e27d00:   00 4d 85 e4 0f 84 99 02 00 00 85 c0 0f 84 91 02
0x00007ff983e27d10:   00 00 45 33 ed 85 c0 0f 84 ce 03 00 00 49 8d 7d
0x00007ff983e27d20:   ff 48 8b b5 58 01 00 00 0f 1f 84 00 00 00 00 00
0x00007ff983e27d30:   45 8b 34 24 41 8b d6 49 8b cf e8 c1 92 f0 ff 83
0x00007ff983e27d40:   f8 01 0f 85 ca 00 00 00 48 8b 05 b1 fb 7f 00 48
0x00007ff983e27d50:   89 44 24 60 41 8b 51 08 41 8b 49 04 41 8b 01 89
0x00007ff983e27d60:   45 80 89 4d 84 89 55 88 44 89 6d 8c c6 45 90 00
0x00007ff983e27d70:   4c 89 4d 98 49 8b 9f a0 16 00 00 48 8d 4d b0 e8
0x00007ff983e27d80:   4c 20 c5 ff 90 8b 55 b0 ff c2 48 8d 4d b0 e8 4d
0x00007ff983e27d90:   3a c5 ff 8b 45 b0 48 c1 e0 04 48 03 45 00 48 89
0x00007ff983e27da0:   18 c7 40 08 05 00 00 00 ff 45 b0 48 89 75 a0 48
0x00007ff983e27db0:   8b c7 48 ff c0 80 3c 06 00 75 f7 48 89 45 a8 0f
0x00007ff983e27dc0:   28 45 a0 66 0f 7f 44 24 70 48 8b 44 24 60 48 89
0x00007ff983e27dd0:   44 24 30 44 89 74 24 28 48 8d 05 f1 9c 60 00 48
0x00007ff983e27de0:   89 44 24 20 4c 8d 4d 80 4c 8d 45 b0 48 8d 54 24
0x00007ff983e27df0:   70 49 8b cf e8 57 c8 c8 ff 0f b6 5c 24 40 0a d8
0x00007ff983e27e00:   88 5c 24 40 48 8d 4d b0 e8 53 1f c5 ff e9 73 01
0x00007ff983e27e10:   00 00 83 f8 02 0f 85 6f 01 00 00 49 83 bf a0 16
0x00007ff983e27e20:   00 00 00 0f 84 61 01 00 00 45 8b c6 48 8d 55 10 


Stack slot to memory mapping:

stack at sp + 0 slots: 0x0000000000000008 is an unknown value
stack at sp + 1 slots: 0x00007ff989d5e04e jvm.dll
stack at sp + 2 slots: 0x0000005b765fdfe0 is pointing into the stack for thread: 0x000002221eb8ec20
stack at sp + 3 slots: 0x0000005b765fe4e0 is pointing into the stack for thread: 0x000002221eb8ec20
stack at sp + 4 slots: 0x0000005b765fe540 is pointing into the stack for thread: 0x000002221eb8ec20
stack at sp + 5 slots: 0x0000005b765fe538 is pointing into the stack for thread: 0x000002221eb8ec20
stack at sp + 6 slots: 0x00000222464466d8 is pointing into metadata
stack at sp + 7 slots: 0x0000005b765fe4f8 is pointing into the stack for thread: 0x000002221eb8ec20

native method entry point (kind = native)  [0x000002222faafce0, 0x000002222fab0f18]  4664 bytes
[MachCode]
  0x000002222faafce0: 488b 4b08 | 0fb7 492e | 584c 8d74 | ccf8 6800 | 0000 0068 | 0000 0000 | 5055 488b | ec41 5568 
  0x000002222faafd00: 0000 0000 | 4c8b 6b08 | 4d8d 6d38 | 5348 8b53 | 0848 8b52 | 0848 8b52 | 1848 8b52 | 7048 8b12 
  0x000002222faafd20: 5248 8b53 | 1048 85d2 | 0f84 0700 | 0000 4881 | c210 0100 | 0052 488b | 5308 488b | 5208 488b 
  0x000002222faafd40: 5210 5249 | 8bc6 482b | c548 c1e8 | 0350 6800 | 0000 0068 | f7ff ffff | 41c6 8781 | 0400 0001 
  0x000002222faafd60: 488b 4310 | 4885 c074 | 208b 88cc | 0000 0083 | c102 8988 | cc00 0000 | 2388 e000 | 0000 0f84 
  0x000002222faafd80: 2a10 0000 | e986 0100 | 0048 8b43 | 1848 85c0 | 0f85 6701 | 0000 e805 | 0000 00e9 | 5001 0000 
  0x000002222faafda0: 488b d348 | 8d44 2408 | 4c89 6dc0 | 498b cfc5 | f877 4989 | afb0 0300 | 0049 8987 | a003 0000 
  0x000002222faafdc0: 4883 ec20 | 40f6 c40f | 0f84 1900 | 0000 4883 | ec08 48b8 | 00a7 d689 | f97f 0000 | ffd0 4883 
  0x000002222faafde0: c408 e90c | 0000 0048 | b800 a7d6 | 89f9 7f00 | 00ff d048 | 83c4 2049 | c787 a003 | 0000 0000 
  0x000002222faafe00: 0000 49c7 | 87b0 0300 | 0000 0000 | 0049 c787 | a803 0000 | 0000 0000 | c5f8 7741 | 8b8f 3405 
  0x000002222faafe20: 0000 f6c1 | 010f 8442 | 0000 00f6 | c102 0f85 | 3900 0000 | 4883 ec20 | 40f6 c40f | 0f84 1900 
  0x000002222faafe40: 0000 4883 | ec08 48b8 | c07b d689 | f97f 0000 | ffd0 4883 | c408 e90c | 0000 0048 | b8c0 7bd6 
  0x000002222faafe60: 89f9 7f00 | 00ff d048 | 83c4 20ff | e049 8b8f | e005 0000 | 4885 c90f | 8455 0000 | 008b 899c 
  0x000002222faafe80: 0000 0083 | f901 0f85 | 4600 0000 | 498b 8fe0 | 0500 008b | 89a0 0000 | 0048 83ec | 2040 f6c4 
  0x000002222faafea0: 0f0f 8419 | 0000 0048 | 83ec 0848 | b8b0 7bd6 | 89f9 7f00 | 00ff d048 | 83c4 08e9 | 0c00 0000 
  0x000002222faafec0: 48b8 b07b | d689 f97f | 0000 ffd0 | 4883 c420 | ffe0 4983 | 7f08 000f | 8405 0000 | 00e9 1e10 
  0x000002222faafee0: ffff 4c8b | 6dc0 4c8b | 75c8 4e8d | 74f5 00c3 | 488b 4318 | 4885 c00f | 8412 0000 | 008b 4808 
  0x000002222faaff00: 83c1 0289 | 4808 2348 | 1c0f 849f | 0e00 0049 | 3ba7 f004 | 0000 0f87 | 4800 0000 | 8984 2400 
  0x000002222faaff20: f0ff ff89 | 8424 00e0 | ffff 8984 | 2400 d0ff | ff89 8424 | 00c0 ffff | 8984 2400 | b0ff ff89 
  0x000002222faaff40: 8424 00a0 | ffff 8984 | 2400 90ff | ff89 8424 | 0080 ffff | 493b a7e8 | 0400 0076 | 0749 89a7 
  0x000002222faaff60: f004 0000 | 41c6 8781 | 0400 0000 | 418b 97e8 | 0500 0085 | d20f 8457 | 0100 00e8 | 0500 0000 
  0x000002222faaff80: e94d 0100 | 0048 8d44 | 2408 4c89 | 6dc0 498b | cfc5 f877 | 4989 afb0 | 0300 0049 | 8987 a003 
  0x000002222faaffa0: 0000 4883 | ec20 40f6 | c40f 0f84 | 1900 0000 | 4883 ec08 | 48b8 10cc | d689 f97f | 0000 ffd0 
  0x000002222faaffc0: 4883 c408 | e90c 0000 | 0048 b810 | ccd6 89f9 | 7f00 00ff | d048 83c4 | 2049 c787 | a003 0000 
  0x000002222faaffe0: 0000 0000 | 49c7 87b0 | 0300 0000 | 0000 0049 | c787 a803 | 0000 0000 | 0000 c5f8 | 7741 8b8f 
  0x000002222fab0000: 3405 0000 | f6c1 010f | 8442 0000 | 00f6 c102 | 0f85 3900 | 0000 4883 | ec20 40f6 | c40f 0f84 
  0x000002222fab0020: 1900 0000 | 4883 ec08 | 48b8 c07b | d689 f97f | 0000 ffd0 | 4883 c408 | e90c 0000 | 0048 b8c0 
  0x000002222fab0040: 7bd6 89f9 | 7f00 00ff | d048 83c4 | 20ff e049 | 8b8f e005 | 0000 4885 | c90f 8455 | 0000 008b 
  0x000002222fab0060: 899c 0000 | 0083 f901 | 0f85 4600 | 0000 498b | 8fe0 0500 | 008b 89a0 | 0000 0048 | 83ec 2040 
  0x000002222fab0080: f6c4 0f0f | 8419 0000 | 0048 83ec | 0848 b8b0 | 7bd6 89f9 | 7f00 00ff | d048 83c4 | 08e9 0c00 
  0x000002222fab00a0: 0000 48b8 | b07b d689 | f97f 0000 | ffd0 4883 | c420 ffe0 | 4983 7f08 | 000f 8405 | 0000 00e9 
  0x000002222fab00c0: 3c0e ffff | 4c8b 6dc0 | 4c8b 75c8 | 4e8d 74f5 | 00c3 49ba | 6c40 5d8a | f97f 0000 | 4180 3a00 
  0x000002222fab00e0: 0f84 3e00 | 0000 488b | 55e8 498b | cf48 83ec | 2040 f6c4 | 0f0f 8419 | 0000 0048 | 83ec 0848 
  0x000002222fab0100: b880 b90d | 8af9 7f00 | 00ff d048 | 83c4 08e9 | 0c00 0000 | 48b8 80b9 | 0d8a f97f | 0000 ffd0 
  0x000002222fab0120: 4883 c420 | 488b 5de8 | 4c8b 5b08 | 450f b75b | 2e41 c1e3 | 0349 2be3 | 4883 ec20 | 4883 e4f0 
  0x000002222fab0140: 4c8b 5b60 | 4d85 db0f | 8562 0100 | 00e8 0500 | 0000 e950 | 0100 0048 | 8bd3 488d | 4424 084c 
  0x000002222fab0160: 896d c049 | 8bcf c5f8 | 7749 89af | b003 0000 | 4989 87a0 | 0300 0048 | 83ec 2040 | f6c4 0f0f 
  0x000002222fab0180: 8419 0000 | 0048 83ec | 0848 b820 | ced6 89f9 | 7f00 00ff | d048 83c4 | 08e9 0c00 | 0000 48b8 
  0x000002222fab01a0: 20ce d689 | f97f 0000 | ffd0 4883 | c420 49c7 | 87a0 0300 | 0000 0000 | 0049 c787 | b003 0000 
  0x000002222fab01c0: 0000 0000 | 49c7 87a8 | 0300 0000 | 0000 00c5 | f877 418b | 8f34 0500 | 00f6 c101 | 0f84 4200 
  0x000002222fab01e0: 0000 f6c1 | 020f 8539 | 0000 0048 | 83ec 2040 | f6c4 0f0f | 8419 0000 | 0048 83ec | 0848 b8c0 
  0x000002222fab0200: 7bd6 89f9 | 7f00 00ff | d048 83c4 | 08e9 0c00 | 0000 48b8 | c07b d689 | f97f 0000 | ffd0 4883 
  0x000002222fab0220: c420 ffe0 | 498b 8fe0 | 0500 0048 | 85c9 0f84 | 5500 0000 | 8b89 9c00 | 0000 83f9 | 010f 8546 
  0x000002222fab0240: 0000 0049 | 8b8f e005 | 0000 8b89 | a000 0000 | 4883 ec20 | 40f6 c40f | 0f84 1900 | 0000 4883 
  0x000002222fab0260: ec08 48b8 | b07b d689 | f97f 0000 | ffd0 4883 | c408 e90c | 0000 0048 | b8b0 7bd6 | 89f9 7f00 
  0x000002222fab0280: 00ff d048 | 83c4 20ff | e049 837f | 0800 0f84 | 0500 0000 | e967 0cff | ff4c 8b6d | c04c 8b75 
  0x000002222fab02a0: c84e 8d74 | f500 c348 | 8b5d e84c | 8b5b 6041 | ffd3 488b | 5de8 4889 | 4518 448b | 5b28 41f6 
  0x000002222fab02c0: c308 0f84 | 1b00 0000 | 4c8b 5b08 | 4d8b 5b08 | 4d8b 5b18 | 4d8b 5b70 | 4d8b 1b4c | 895d 1048 
  0x000002222fab02e0: 8d55 1048 | 8b43 5849 | ba80 100e | 8af9 7f00 | 0049 3bc2 | 0f85 6201 | 0000 e805 | 0000 00e9 
  0x000002222fab0300: 5001 0000 | 488b d348 | 8d44 2408 | 4c89 6dc0 | 498b cfc5 | f877 4989 | afb0 0300 | 0049 8987 
  0x000002222fab0320: a003 0000 | 4883 ec20 | 40f6 c40f | 0f84 1900 | 0000 4883 | ec08 48b8 | 20ce d689 | f97f 0000 
  0x000002222fab0340: ffd0 4883 | c408 e90c | 0000 0048 | b820 ced6 | 89f9 7f00 | 00ff d048 | 83c4 2049 | c787 a003 
  0x000002222fab0360: 0000 0000 | 0000 49c7 | 87b0 0300 | 0000 0000 | 0049 c787 | a803 0000 | 0000 0000 | c5f8 7741 
  0x000002222fab0380: 8b8f 3405 | 0000 f6c1 | 010f 8442 | 0000 00f6 | c102 0f85 | 3900 0000 | 4883 ec20 | 40f6 c40f 
  0x000002222fab03a0: 0f84 1900 | 0000 4883 | ec08 48b8 | c07b d689 | f97f 0000 | ffd0 4883 | c408 e90c | 0000 0048 
  0x000002222fab03c0: b8c0 7bd6 | 89f9 7f00 | 00ff d048 | 83c4 20ff | e049 8b8f | e005 0000 | 4885 c90f | 8455 0000 
  0x000002222fab03e0: 008b 899c | 0000 0083 | f901 0f85 | 4600 0000 | 498b 8fe0 | 0500 008b | 89a0 0000 | 0048 83ec 
  0x000002222fab0400: 2040 f6c4 | 0f0f 8419 | 0000 0048 | 83ec 0848 | b8b0 7bd6 | 89f9 7f00 | 00ff d048 | 83c4 08e9 
  0x000002222fab0420: 0c00 0000 | 48b8 b07b | d689 f97f | 0000 ffd0 | 4883 c420 | ffe0 4983 | 7f08 000f | 8405 0000 
  0x000002222fab0440: 00e9 ba0a | ffff 4c8b | 6dc0 4c8b | 75c8 4e8d | 74f5 00c3 | 488b 5de8 | 488b 4358 | 498d 8fc0 
  0x000002222fab0460: 0300 00c5 | f877 4989 | afb0 0300 | 0049 ba63 | 04ab 2f22 | 0200 004d | 8997 a803 | 0000 4989 
  0x000002222fab0480: a7a0 0300 | 0041 c787 | 5404 0000 | 0400 0000 | ffd0 c5f8 | 7748 83ec | 10c5 fb11 | 0424 4883 
  0x000002222fab04a0: ec10 4889 | 0424 48c7 | 4424 0800 | 0000 0041 | c787 5404 | 0000 0500 | 0000 f083 | 4424 c000 
  0x000002222fab04c0: 493b af58 | 0400 000f | 870e 0000 | 0041 83bf | 5004 0000 | 000f 8420 | 0000 0049 | 8bcf 4c8b 
  0x000002222fab04e0: e448 83ec | 2048 83e4 | f048 b840 | 23d8 89f9 | 7f00 00ff | d049 8be4 | 4d33 e441 | c787 5404 
  0x000002222fab0500: 0000 0800 | 0000 49c7 | 87a0 0300 | 0000 0000 | 0049 c787 | b003 0000 | 0000 0000 | 49c7 87a8 
  0x000002222fab0520: 0300 0000 | 0000 00c5 | f877 4d8b | 9f30 0400 | 0041 c783 | 0001 0000 | 0000 0000 | 49bb bac4 
  0x000002222fab0540: aa2f 2202 | 0000 4c3b | 5d18 0f85 | 2402 0000 | 488b 0424 | 4883 c410 | 4885 c00f | 84fe 0100 
  0x000002222fab0560: 00a8 030f | 8508 0000 | 0048 8b00 | e9ee 0100 | 00a8 010f | 8509 0000 | 0048 8b40 | fee9 dd01 
  0x000002222fab0580: 0000 488b | 40ff 4180 | 7f38 000f | 84ce 0100 | 0048 83f8 | 000f 84c4 | 0100 004d | 8b5f 2849 
  0x000002222fab05a0: 83fb 000f | 8414 0000 | 0049 83eb | 084d 895f | 284d 035f | 3049 8903 | e9a2 0100 | 0048 81ec 
  0x000002222fab05c0: d000 0000 | 4889 0424 | 4889 4c24 | 0848 8954 | 2410 4889 | 7424 1848 | 897c 2420 | 4c89 4424 
  0x000002222fab05e0: 284c 894c | 2430 4c89 | 5424 384c | 895c 2440 | c5fb 1144 | 2450 c5fb | 114c 2458 | c5fb 1154 
  0x000002222fab0600: 2460 c5fb | 115c 2468 | c5fb 1164 | 2470 c5fb | 116c 2478 | c5fb 11b4 | 2480 0000 | 00c5 fb11 
  0x000002222fab0620: bc24 8800 | 0000 c57b | 1184 2490 | 0000 00c5 | 7b11 8c24 | 9800 0000 | c57b 1194 | 24a0 0000 
  0x000002222fab0640: 00c5 7b11 | 9c24 a800 | 0000 c57b | 11a4 24b0 | 0000 00c5 | 7b11 ac24 | b800 0000 | c57b 11b4 
  0x000002222fab0660: 24c0 0000 | 00c5 7b11 | bc24 c800 | 0000 498b | d748 8bc8 | 4883 ec20 | 40f6 c40f | 0f84 1900 
  0x000002222fab0680: 0000 4883 | ec08 48b8 | 303f cb89 | f97f 0000 | ffd0 4883 | c408 e90c | 0000 0048 | b830 3fcb 
  0x000002222fab06a0: 89f9 7f00 | 00ff d048 | 83c4 20c5 | 7b10 bc24 | c800 0000 | c57b 10b4 | 24c0 0000 | 00c5 7b10 
  0x000002222fab06c0: ac24 b800 | 0000 c57b | 10a4 24b0 | 0000 00c5 | 7b10 9c24 | a800 0000 | c57b 1094 | 24a0 0000 
  0x000002222fab06e0: 00c5 7b10 | 8c24 9800 | 0000 c57b | 1084 2490 | 0000 00c5 | fb10 bc24 | 8800 0000 | c5fb 10b4 
  0x000002222fab0700: 2480 0000 | 00c5 fb10 | 6c24 78c5 | fb10 6424 | 70c5 fb10 | 5c24 68c5 | fb10 5424 | 60c5 fb10 
  0x000002222fab0720: 4c24 58c5 | fb10 4424 | 504c 8b5c | 2440 4c8b | 5424 384c | 8b4c 2430 | 4c8b 4424 | 2848 8b7c 
  0x000002222fab0740: 2420 488b | 7424 1848 | 8b54 2410 | 488b 4c24 | 0848 8b04 | 2448 81c4 | d000 0000 | c5f8 7748 
  0x000002222fab0760: 8945 1048 | 83ec 1048 | 8904 2448 | c744 2408 | 0000 0000 | 4183 bfd0 | 0400 0002 | 0f85 bf00 
  0x000002222fab0780: 0000 4881 | ec80 0000 | 0048 8944 | 2478 4889 | 4c24 7048 | 8954 2468 | 4889 5c24 | 6048 896c 
  0x000002222fab07a0: 2450 4889 | 7424 4848 | 897c 2440 | 4c89 4424 | 384c 894c | 2430 4c89 | 5424 284c | 895c 2420 
  0x000002222fab07c0: 4c89 6424 | 184c 896c | 2410 4c89 | 7424 084c | 893c 244c | 8be4 4883 | ec20 4883 | e4f0 48b8 
  0x000002222fab07e0: d0f1 0d8a | f97f 0000 | ffd0 498b | e44c 8b3c | 244c 8b74 | 2408 4c8b | 6c24 104c | 8b64 2418 
  0x000002222fab0800: 4c8b 5c24 | 204c 8b54 | 2428 4c8b | 4c24 304c | 8b44 2438 | 488b 7c24 | 4048 8b74 | 2448 488b 
  0x000002222fab0820: 6c24 5048 | 8b5c 2460 | 488b 5424 | 6848 8b4c | 2470 488b | 4424 7848 | 81c4 8000 | 0000 4d33 
  0x000002222fab0840: e448 8b5d | e84c 8b6b | 084d 8d6d | 3849 837f | 0800 0f84 | 7201 0000 | e805 0000 | 00e9 4d01 
  0x000002222fab0860: 0000 488d | 4424 084c | 896d c049 | 8bcf c5f8 | 7749 89af | b003 0000 | 4989 87a0 | 0300 0048 
  0x000002222fab0880: 83ec 2040 | f6c4 0f0f | 8419 0000 | 0048 83ec | 0848 b860 | ecd6 89f9 | 7f00 00ff | d048 83c4 
  0x000002222fab08a0: 08e9 0c00 | 0000 48b8 | 60ec d689 | f97f 0000 | ffd0 4883 | c420 49c7 | 87a0 0300 | 0000 0000 
  0x000002222fab08c0: 0049 c787 | b003 0000 | 0000 0000 | 49c7 87a8 | 0300 0000 | 0000 00c5 | f877 418b | 8f34 0500 
  0x000002222fab08e0: 00f6 c101 | 0f84 4200 | 0000 f6c1 | 020f 8539 | 0000 0048 | 83ec 2040 | f6c4 0f0f | 8419 0000 
  0x000002222fab0900: 0048 83ec | 0848 b8c0 | 7bd6 89f9 | 7f00 00ff | d048 83c4 | 08e9 0c00 | 0000 48b8 | c07b d689 
  0x000002222fab0920: f97f 0000 | ffd0 4883 | c420 ffe0 | 498b 8fe0 | 0500 0048 | 85c9 0f84 | 5500 0000 | 8b89 9c00 
  0x000002222fab0940: 0000 83f9 | 010f 8546 | 0000 0049 | 8b8f e005 | 0000 8b89 | a000 0000 | 4883 ec20 | 40f6 c40f 
  0x000002222fab0960: 0f84 1900 | 0000 4883 | ec08 48b8 | b07b d689 | f97f 0000 | ffd0 4883 | c408 e90c | 0000 0048 
  0x000002222fab0980: b8b0 7bd6 | 89f9 7f00 | 00ff d048 | 83c4 20ff | e049 837f | 0800 0f84 | 0500 0000 | e95f 05ff 
  0x000002222fab09a0: ff4c 8b6d | c04c 8b75 | c84e 8d74 | f500 c348 | b9e0 2835 | 8af9 7f00 | 0048 83e4 | f048 b830 
  0x000002222fab09c0: 99fc 89f9 | 7f00 00ff | d0f4 448b | 5b28 41f6 | c320 0f84 | fb01 0000 | 488d 55a8 | 4c8b 5a08 
  0x000002222fab09e0: 4d85 db0f | 8572 0100 | 00e8 0500 | 0000 e94d | 0100 0048 | 8d44 2408 | 4c89 6dc0 | 498b cfc5 
  0x000002222fab0a00: f877 4989 | afb0 0300 | 0049 8987 | a003 0000 | 4883 ec20 | 40f6 c40f | 0f84 1900 | 0000 4883 
  0x000002222fab0a20: ec08 48b8 | 90eb d689 | f97f 0000 | ffd0 4883 | c408 e90c | 0000 0048 | b890 ebd6 | 89f9 7f00 
  0x000002222fab0a40: 00ff d048 | 83c4 2049 | c787 a003 | 0000 0000 | 0000 49c7 | 87b0 0300 | 0000 0000 | 0049 c787 
  0x000002222fab0a60: a803 0000 | 0000 0000 | c5f8 7741 | 8b8f 3405 | 0000 f6c1 | 010f 8442 | 0000 00f6 | c102 0f85 
  0x000002222fab0a80: 3900 0000 | 4883 ec20 | 40f6 c40f | 0f84 1900 | 0000 4883 | ec08 48b8 | c07b d689 | f97f 0000 
  0x000002222fab0aa0: ffd0 4883 | c408 e90c | 0000 0048 | b8c0 7bd6 | 89f9 7f00 | 00ff d048 | 83c4 20ff | e049 8b8f 
  0x000002222fab0ac0: e005 0000 | 4885 c90f | 8455 0000 | 008b 899c | 0000 0083 | f901 0f85 | 4600 0000 | 498b 8fe0 
  0x000002222fab0ae0: 0500 008b | 89a0 0000 | 0048 83ec | 2040 f6c4 | 0f0f 8419 | 0000 0048 | 83ec 0848 | b8b0 7bd6 
  0x000002222fab0b00: 89f9 7f00 | 00ff d048 | 83c4 08e9 | 0c00 0000 | 48b8 b07b | d689 f97f | 0000 ffd0 | 4883 c420 
  0x000002222fab0b20: ffe0 4983 | 7f08 000f | 8405 0000 | 00e9 ce03 | ffff 4c8b | 6dc0 4c8b | 75c8 4e8d | 74f5 00c3 
  0x000002222fab0b40: 48b9 e028 | 358a f97f | 0000 4883 | e4f0 48b8 | 3099 fc89 | f97f 0000 | ffd0 f44c | 896d c048 
  0x000002222fab0b60: 8d02 4c8b | 4a08 48c7 | 4208 0000 | 0000 4c8b | 004d 85c0 | 0f84 0b00 | 0000 f04d | 0fb1 010f 
  0x000002222fab0b80: 850c 0000 | 0049 ff8f | 5805 0000 | e93e 0000 | 004c 894a | 0848 8bca | 4883 ec20 | 40f6 c40f 
  0x000002222fab0ba0: 0f84 1900 | 0000 4883 | ec08 48b8 | 20be d689 | f97f 0000 | ffd0 4883 | c408 e90c | 0000 0048 
  0x000002222fab0bc0: b820 bed6 | 89f9 7f00 | 00ff d048 | 83c4 204c | 8b6d c041 | 8b97 e805 | 0000 85d2 | 0f84 5701 
  0x000002222fab0be0: 0000 e805 | 0000 00e9 | 4d01 0000 | 488d 4424 | 084c 896d | c049 8bcf | c5f8 7749 | 89af b003 
  0x000002222fab0c00: 0000 4989 | 87a0 0300 | 0048 83ec | 2040 f6c4 | 0f0f 8419 | 0000 0048 | 83ec 0848 | b850 cdd6 
  0x000002222fab0c20: 89f9 7f00 | 00ff d048 | 83c4 08e9 | 0c00 0000 | 48b8 50cd | d689 f97f | 0000 ffd0 | 4883 c420 
  0x000002222fab0c40: 49c7 87a0 | 0300 0000 | 0000 0049 | c787 b003 | 0000 0000 | 0000 49c7 | 87a8 0300 | 0000 0000 
  0x000002222fab0c60: 00c5 f877 | 418b 8f34 | 0500 00f6 | c101 0f84 | 4200 0000 | f6c1 020f | 8539 0000 | 0048 83ec 
  0x000002222fab0c80: 2040 f6c4 | 0f0f 8419 | 0000 0048 | 83ec 0848 | b8c0 7bd6 | 89f9 7f00 | 00ff d048 | 83c4 08e9 
  0x000002222fab0ca0: 0c00 0000 | 48b8 c07b | d689 f97f | 0000 ffd0 | 4883 c420 | ffe0 498b | 8fe0 0500 | 0048 85c9 
  0x000002222fab0cc0: 0f84 5500 | 0000 8b89 | 9c00 0000 | 83f9 010f | 8546 0000 | 0049 8b8f | e005 0000 | 8b89 a000 
  0x000002222fab0ce0: 0000 4883 | ec20 40f6 | c40f 0f84 | 1900 0000 | 4883 ec08 | 48b8 b07b | d689 f97f | 0000 ffd0 
  0x000002222fab0d00: 4883 c408 | e90c 0000 | 0048 b8b0 | 7bd6 89f9 | 7f00 00ff | d048 83c4 | 20ff e049 | 837f 0800 
  0x000002222fab0d20: 0f84 0500 | 0000 e9d5 | 01ff ff4c | 8b6d c04c | 8b75 c84e | 8d74 f500 | c349 ba6c | 405d 8af9 
  0x000002222fab0d40: 7f00 0041 | 803a 000f | 843e 0000 | 0048 8b55 | e849 8bcf | 4883 ec20 | 40f6 c40f | 0f84 1900 
  0x000002222fab0d60: 0000 4883 | ec08 48b8 | 80b9 0d8a | f97f 0000 | ffd0 4883 | c408 e90c | 0000 0048 | b880 b90d 
  0x000002222fab0d80: 8af9 7f00 | 00ff d048 | 83c4 2048 | 8b04 2448 | 83c4 10c5 | fb10 0424 | 4883 c410 | 4c8b 5d18 
  0x000002222fab0da0: 41ff d34c | 8b5d f8c9 | 5f49 8be3 | ffe7 ba00 | 0000 00e8 | 0500 0000 | e94d 0100 | 0048 8d44 
  0x000002222fab0dc0: 2408 4c89 | 6dc0 498b | cfc5 f877 | 4989 afb0 | 0300 0049 | 8987 a003 | 0000 4883 | ec20 40f6 
  0x000002222fab0de0: c40f 0f84 | 1900 0000 | 4883 ec08 | 48b8 e0b1 | d689 f97f | 0000 ffd0 | 4883 c408 | e90c 0000 
  0x000002222fab0e00: 0048 b8e0 | b1d6 89f9 | 7f00 00ff | d048 83c4 | 2049 c787 | a003 0000 | 0000 0000 | 49c7 87b0 
  0x000002222fab0e20: 0300 0000 | 0000 0049 | c787 a803 | 0000 0000 | 0000 c5f8 | 7741 8b8f | 3405 0000 | f6c1 010f 
  0x000002222fab0e40: 8442 0000 | 00f6 c102 | 0f85 3900 | 0000 4883 | ec20 40f6 | c40f 0f84 | 1900 0000 | 4883 ec08 
  0x000002222fab0e60: 48b8 c07b | d689 f97f | 0000 ffd0 | 4883 c408 | e90c 0000 | 0048 b8c0 | 7bd6 89f9 | 7f00 00ff 
  0x000002222fab0e80: d048 83c4 | 20ff e049 | 8b8f e005 | 0000 4885 | c90f 8455 | 0000 008b | 899c 0000 | 0083 f901 
  0x000002222fab0ea0: 0f85 4600 | 0000 498b | 8fe0 0500 | 008b 89a0 | 0000 0048 | 83ec 2040 | f6c4 0f0f | 8419 0000 
  0x000002222fab0ec0: 0048 83ec | 0848 b8b0 | 7bd6 89f9 | 7f00 00ff | d048 83c4 | 08e9 0c00 | 0000 48b8 | b07b d689 
  0x000002222fab0ee0: f97f 0000 | ffd0 4883 | c420 ffe0 | 4983 7f08 | 000f 8405 | 0000 00e9 | 0400 ffff | 4c8b 6dc0 
  0x000002222fab0f00: 4c8b 75c8 | 4e8d 74f5 | 00c3 488b | 5de8 e9fc | efff ff0f | 1f44 0000 
[/MachCode]

---------------  P R O C E S S  ---------------

Threads class SMR info:
_java_thread_list=0x00000222454aba80, length=17, elements={
0x000002221eb8ec20, 0x000002223843e8a0, 0x0000022245486cd0, 0x000002224548a1b0,
0x000002224548bf80, 0x0000022245490440, 0x00000222454930e0, 0x0000022245498f10,
0x00000222454b88a0, 0x00000222454b8fb0, 0x00000222456d2f00, 0x00000222454b96c0,
0x00000222000205e0, 0x0000022200023e00, 0x00000222000244c0, 0x000002220013b750,
0x00000222021ca500
}

Java Threads: ( => current thread )
=>0x000002221eb8ec20 JavaThread "main"                              [_thread_in_native, id=9620, stack(0x0000005b76500000,0x0000005b76600000) (1024K)]
  0x000002223843e8a0 JavaThread "Reference Handler"          daemon [_thread_blocked, id=556, stack(0x0000005b76d00000,0x0000005b76e00000) (1024K)]
  0x0000022245486cd0 JavaThread "Finalizer"                  daemon [_thread_blocked, id=11316, stack(0x0000005b76e00000,0x0000005b76f00000) (1024K)]
  0x000002224548a1b0 JavaThread "Signal Dispatcher"          daemon [_thread_blocked, id=14044, stack(0x0000005b76f00000,0x0000005b77000000) (1024K)]
  0x000002224548bf80 JavaThread "Attach Listener"            daemon [_thread_blocked, id=16160, stack(0x0000005b77000000,0x0000005b77100000) (1024K)]
  0x0000022245490440 JavaThread "Service Thread"             daemon [_thread_blocked, id=12356, stack(0x0000005b77100000,0x0000005b77200000) (1024K)]
  0x00000222454930e0 JavaThread "Monitor Deflation Thread"   daemon [_thread_blocked, id=14804, stack(0x0000005b77200000,0x0000005b77300000) (1024K)]
  0x0000022245498f10 JavaThread "JVMCI-native CompilerThread0" daemon [_thread_blocked, id=15724, stack(0x0000005b77300000,0x0000005b77400000) (1024K)]
  0x00000222454b88a0 JavaThread "C1 CompilerThread0"         daemon [_thread_blocked, id=15412, stack(0x0000005b77400000,0x0000005b77500000) (1024K)]
  0x00000222454b8fb0 JavaThread "C1 CompilerThread1"         daemon [_thread_blocked, id=10756, stack(0x0000005b77500000,0x0000005b77600000) (1024K)]
  0x00000222456d2f00 JavaThread "Common-Cleaner"             daemon [_thread_blocked, id=3104, stack(0x0000005b77600000,0x0000005b77700000) (1024K)]
  0x00000222454b96c0 JavaThread "C1 CompilerThread2"         daemon [_thread_blocked, id=1984, stack(0x0000005b77700000,0x0000005b77800000) (1024K)]
  0x00000222000205e0 JavaThread "JDWP Transport Listener: dt_socket" daemon [_thread_blocked, id=8584, stack(0x0000005b77900000,0x0000005b77a00000) (1024K)]
  0x0000022200023e00 JavaThread "JDWP Event Helper Thread"   daemon [_thread_blocked, id=16244, stack(0x0000005b77a00000,0x0000005b77b00000) (1024K)]
  0x00000222000244c0 JavaThread "JDWP Command Reader"        daemon [_thread_in_native, id=15836, stack(0x0000005b77b00000,0x0000005b77c00000) (1024K)]
  0x000002220013b750 JavaThread "Notification Thread"        daemon [_thread_blocked, id=15432, stack(0x0000005b77c00000,0x0000005b77d00000) (1024K)]
  0x00000222021ca500 JavaThread "C1 CompilerThread3"         daemon [_thread_blocked, id=6024, stack(0x0000005b78000000,0x0000005b78100000) (1024K)]
Total: 17

Other Threads:
  0x000002223841ab60 VMThread "VM Thread"                           [id=8320, stack(0x0000005b76c00000,0x0000005b76d00000) (1024K)]
  0x000002224546af40 WatcherThread "VM Periodic Task Thread"        [id=1228, stack(0x0000005b76b00000,0x0000005b76c00000) (1024K)]
  0x00000222382c0430 WorkerThread "GC Thread#0"                     [id=9204, stack(0x0000005b76600000,0x0000005b76700000) (1024K)]
  0x00000222117941f0 WorkerThread "GC Thread#1"                     [id=13956, stack(0x0000005b78a00000,0x0000005b78b00000) (1024K)]
  0x00000222050b2500 WorkerThread "GC Thread#2"                     [id=11516, stack(0x0000005b78b00000,0x0000005b78c00000) (1024K)]
  0x0000022210d2e960 WorkerThread "GC Thread#3"                     [id=15688, stack(0x0000005b78c00000,0x0000005b78d00000) (1024K)]
  0x00000222117c3f60 WorkerThread "GC Thread#4"                     [id=7552, stack(0x0000005b78d00000,0x0000005b78e00000) (1024K)]
  0x00000222117c4340 WorkerThread "GC Thread#5"                     [id=12296, stack(0x0000005b78e00000,0x0000005b78f00000) (1024K)]
  0x00000222117d4390 WorkerThread "GC Thread#6"                     [id=14904, stack(0x0000005b78f00000,0x0000005b79000000) (1024K)]
  0x000002221182af60 WorkerThread "GC Thread#7"                     [id=5676, stack(0x0000005b79000000,0x0000005b79100000) (1024K)]
  0x000002221182b340 WorkerThread "GC Thread#8"                     [id=15960, stack(0x0000005b79100000,0x0000005b79200000) (1024K)]
  0x000002221182b720 WorkerThread "GC Thread#9"                     [id=10744, stack(0x0000005b79200000,0x0000005b79300000) (1024K)]
  0x0000022211829c00 WorkerThread "GC Thread#10"                    [id=16240, stack(0x0000005b79300000,0x0000005b79400000) (1024K)]
  0x000002221182a3c0 WorkerThread "GC Thread#11"                    [id=14780, stack(0x0000005b79400000,0x0000005b79500000) (1024K)]
  0x0000022211829fe0 WorkerThread "GC Thread#12"                    [id=12948, stack(0x0000005b79500000,0x0000005b79600000) (1024K)]
  0x000002221182ab80 WorkerThread "GC Thread#13"                    [id=2692, stack(0x0000005b79600000,0x0000005b79700000) (1024K)]
  0x000002221c87df20 ConcurrentGCThread "G1 Main Marker"            [id=3248, stack(0x0000005b76700000,0x0000005b76800000) (1024K)]
  0x000002221c87e750 WorkerThread "G1 Conc#0"                       [id=11748, stack(0x0000005b76800000,0x0000005b76900000) (1024K)]
  0x0000022238397ad0 ConcurrentGCThread "G1 Refine#0"               [id=15516, stack(0x0000005b76900000,0x0000005b76a00000) (1024K)]
  0x0000022238398500 ConcurrentGCThread "G1 Service"                [id=2604, stack(0x0000005b76a00000,0x0000005b76b00000) (1024K)]
Total: 20

Threads with active compile tasks:
Total: 0

VM state: not at safepoint (normal execution)

VM Mutex/Monitor currently owned by a thread: None

Heap address: 0x0000000605c00000, size: 8100 MB, Compressed Oops mode: Zero based, Oop shift amount: 3

CDS archive(s) mapped at: [0x0000022246000000-0x0000022246c60000-0x0000022246c60000), size 12976128, SharedBaseAddress: 0x0000022246000000, ArchiveRelocationMode: 1.
Compressed class space mapped at: 0x0000022247000000-0x0000022287000000, reserved size: 1073741824
Narrow klass base: 0x0000022246000000, Narrow klass shift: 0, Narrow klass range: 0x41000000

GC Precious Log:
 CardTable entry size: 512
 Card Set container configuration: InlinePtr #cards 4 size 8 Array Of Cards #cards 32 size 80 Howl #buckets 8 coarsen threshold 7372 Howl Bitmap #cards 1024 size 144 coarsen threshold 921 Card regions per heap region 1 cards per card region 8192
 CPUs: 20 total, 20 available
 Memory: 32395M
 Large Page Support: Disabled
 NUMA Support: Disabled
 Compressed Oops: Enabled (Zero based)
 Heap Region Size: 4M
 Heap Min Capacity: 8M
 Heap Initial Capacity: 508M
 Heap Max Capacity: 8100M
 Pre-touch: Disabled
 Parallel Workers: 15
 Concurrent Workers: 4
 Concurrent Refinement Workers: 15
 Periodic GC: Disabled

Heap:
 garbage-first heap   total reserved 8294400K, committed 520192K, used 11293K [0x0000000605c00000, 0x0000000800000000)
  region size 4096K, 4 young (16384K), 1 survivors (4096K)
 Metaspace       used 9591K, committed 9792K, reserved 1114112K
  class space    used 638K, committed 704K, reserved 1048576K

Heap Regions: E=young(eden), S=young(survivor), O=old, HS=humongous(starts), HC=humongous(continues), CS=collection set, F=free, TAMS=top-at-mark-start, PB=parsable bottom
|   0|0x0000000605c00000, 0x0000000605c00000, 0x0000000606000000|  0%| F|  |TAMS 0x0000000605c00000| PB 0x0000000605c00000| Untracked |  0
|   1|0x0000000606000000, 0x0000000606000000, 0x0000000606400000|  0%| F|  |TAMS 0x0000000606000000| PB 0x0000000606000000| Untracked |  0
|   2|0x0000000606400000, 0x0000000606400000, 0x0000000606800000|  0%| F|  |TAMS 0x0000000606400000| PB 0x0000000606400000| Untracked |  0
|   3|0x0000000606800000, 0x0000000606800000, 0x0000000606c00000|  0%| F|  |TAMS 0x0000000606800000| PB 0x0000000606800000| Untracked |  0
|   4|0x0000000606c00000, 0x0000000606c00000, 0x0000000607000000|  0%| F|  |TAMS 0x0000000606c00000| PB 0x0000000606c00000| Untracked |  0
|   5|0x0000000607000000, 0x0000000607000000, 0x0000000607400000|  0%| F|  |TAMS 0x0000000607000000| PB 0x0000000607000000| Untracked |  0
|   6|0x0000000607400000, 0x0000000607400000, 0x0000000607800000|  0%| F|  |TAMS 0x0000000607400000| PB 0x0000000607400000| Untracked |  0
|   7|0x0000000607800000, 0x0000000607800000, 0x0000000607c00000|  0%| F|  |TAMS 0x0000000607800000| PB 0x0000000607800000| Untracked |  0
|   8|0x0000000607c00000, 0x0000000607c00000, 0x0000000608000000|  0%| F|  |TAMS 0x0000000607c00000| PB 0x0000000607c00000| Untracked |  0
|   9|0x0000000608000000, 0x0000000608000000, 0x0000000608400000|  0%| F|  |TAMS 0x0000000608000000| PB 0x0000000608000000| Untracked |  0
|  10|0x0000000608400000, 0x0000000608400000, 0x0000000608800000|  0%| F|  |TAMS 0x0000000608400000| PB 0x0000000608400000| Untracked |  0
|  11|0x0000000608800000, 0x0000000608800000, 0x0000000608c00000|  0%| F|  |TAMS 0x0000000608800000| PB 0x0000000608800000| Untracked |  0
|  12|0x0000000608c00000, 0x0000000608c00000, 0x0000000609000000|  0%| F|  |TAMS 0x0000000608c00000| PB 0x0000000608c00000| Untracked |  0
|  13|0x0000000609000000, 0x0000000609000000, 0x0000000609400000|  0%| F|  |TAMS 0x0000000609000000| PB 0x0000000609000000| Untracked |  0
|  14|0x0000000609400000, 0x0000000609400000, 0x0000000609800000|  0%| F|  |TAMS 0x0000000609400000| PB 0x0000000609400000| Untracked |  0
|  15|0x0000000609800000, 0x0000000609800000, 0x0000000609c00000|  0%| F|  |TAMS 0x0000000609800000| PB 0x0000000609800000| Untracked |  0
|  16|0x0000000609c00000, 0x0000000609c00000, 0x000000060a000000|  0%| F|  |TAMS 0x0000000609c00000| PB 0x0000000609c00000| Untracked |  0
|  17|0x000000060a000000, 0x000000060a000000, 0x000000060a400000|  0%| F|  |TAMS 0x000000060a000000| PB 0x000000060a000000| Untracked |  0
|  18|0x000000060a400000, 0x000000060a400000, 0x000000060a800000|  0%| F|  |TAMS 0x000000060a400000| PB 0x000000060a400000| Untracked |  0
|  19|0x000000060a800000, 0x000000060a800000, 0x000000060ac00000|  0%| F|  |TAMS 0x000000060a800000| PB 0x000000060a800000| Untracked |  0
|  20|0x000000060ac00000, 0x000000060ac00000, 0x000000060b000000|  0%| F|  |TAMS 0x000000060ac00000| PB 0x000000060ac00000| Untracked |  0
|  21|0x000000060b000000, 0x000000060b000000, 0x000000060b400000|  0%| F|  |TAMS 0x000000060b000000| PB 0x000000060b000000| Untracked |  0
|  22|0x000000060b400000, 0x000000060b400000, 0x000000060b800000|  0%| F|  |TAMS 0x000000060b400000| PB 0x000000060b400000| Untracked |  0
|  23|0x000000060b800000, 0x000000060b800000, 0x000000060bc00000|  0%| F|  |TAMS 0x000000060b800000| PB 0x000000060b800000| Untracked |  0
|  24|0x000000060bc00000, 0x000000060bc00000, 0x000000060c000000|  0%| F|  |TAMS 0x000000060bc00000| PB 0x000000060bc00000| Untracked |  0
|  25|0x000000060c000000, 0x000000060c000000, 0x000000060c400000|  0%| F|  |TAMS 0x000000060c000000| PB 0x000000060c000000| Untracked |  0
|  26|0x000000060c400000, 0x000000060c400000, 0x000000060c800000|  0%| F|  |TAMS 0x000000060c400000| PB 0x000000060c400000| Untracked |  0
|  27|0x000000060c800000, 0x000000060c800000, 0x000000060cc00000|  0%| F|  |TAMS 0x000000060c800000| PB 0x000000060c800000| Untracked |  0
|  28|0x000000060cc00000, 0x000000060cc00000, 0x000000060d000000|  0%| F|  |TAMS 0x000000060cc00000| PB 0x000000060cc00000| Untracked |  0
|  29|0x000000060d000000, 0x000000060d000000, 0x000000060d400000|  0%| F|  |TAMS 0x000000060d000000| PB 0x000000060d000000| Untracked |  0
|  30|0x000000060d400000, 0x000000060d400000, 0x000000060d800000|  0%| F|  |TAMS 0x000000060d400000| PB 0x000000060d400000| Untracked |  0
|  31|0x000000060d800000, 0x000000060d800000, 0x000000060dc00000|  0%| F|  |TAMS 0x000000060d800000| PB 0x000000060d800000| Untracked |  0
|  32|0x000000060dc00000, 0x000000060dc00000, 0x000000060e000000|  0%| F|  |TAMS 0x000000060dc00000| PB 0x000000060dc00000| Untracked |  0
|  33|0x000000060e000000, 0x000000060e000000, 0x000000060e400000|  0%| F|  |TAMS 0x000000060e000000| PB 0x000000060e000000| Untracked |  0
|  34|0x000000060e400000, 0x000000060e400000, 0x000000060e800000|  0%| F|  |TAMS 0x000000060e400000| PB 0x000000060e400000| Untracked |  0
|  35|0x000000060e800000, 0x000000060e800000, 0x000000060ec00000|  0%| F|  |TAMS 0x000000060e800000| PB 0x000000060e800000| Untracked |  0
|  36|0x000000060ec00000, 0x000000060ec00000, 0x000000060f000000|  0%| F|  |TAMS 0x000000060ec00000| PB 0x000000060ec00000| Untracked |  0
|  37|0x000000060f000000, 0x000000060f000000, 0x000000060f400000|  0%| F|  |TAMS 0x000000060f000000| PB 0x000000060f000000| Untracked |  0
|  38|0x000000060f400000, 0x000000060f400000, 0x000000060f800000|  0%| F|  |TAMS 0x000000060f400000| PB 0x000000060f400000| Untracked |  0
|  39|0x000000060f800000, 0x000000060f800000, 0x000000060fc00000|  0%| F|  |TAMS 0x000000060f800000| PB 0x000000060f800000| Untracked |  0
|  40|0x000000060fc00000, 0x000000060fc00000, 0x0000000610000000|  0%| F|  |TAMS 0x000000060fc00000| PB 0x000000060fc00000| Untracked |  0
|  41|0x0000000610000000, 0x0000000610000000, 0x0000000610400000|  0%| F|  |TAMS 0x0000000610000000| PB 0x0000000610000000| Untracked |  0
|  42|0x0000000610400000, 0x0000000610400000, 0x0000000610800000|  0%| F|  |TAMS 0x0000000610400000| PB 0x0000000610400000| Untracked |  0
|  43|0x0000000610800000, 0x0000000610800000, 0x0000000610c00000|  0%| F|  |TAMS 0x0000000610800000| PB 0x0000000610800000| Untracked |  0
|  44|0x0000000610c00000, 0x0000000610c00000, 0x0000000611000000|  0%| F|  |TAMS 0x0000000610c00000| PB 0x0000000610c00000| Untracked |  0
|  45|0x0000000611000000, 0x0000000611000000, 0x0000000611400000|  0%| F|  |TAMS 0x0000000611000000| PB 0x0000000611000000| Untracked |  0
|  46|0x0000000611400000, 0x0000000611400000, 0x0000000611800000|  0%| F|  |TAMS 0x0000000611400000| PB 0x0000000611400000| Untracked |  0
|  47|0x0000000611800000, 0x0000000611800000, 0x0000000611c00000|  0%| F|  |TAMS 0x0000000611800000| PB 0x0000000611800000| Untracked |  0
|  48|0x0000000611c00000, 0x0000000611c00000, 0x0000000612000000|  0%| F|  |TAMS 0x0000000611c00000| PB 0x0000000611c00000| Untracked |  0
|  49|0x0000000612000000, 0x0000000612000000, 0x0000000612400000|  0%| F|  |TAMS 0x0000000612000000| PB 0x0000000612000000| Untracked |  0
|  50|0x0000000612400000, 0x0000000612400000, 0x0000000612800000|  0%| F|  |TAMS 0x0000000612400000| PB 0x0000000612400000| Untracked |  0
|  51|0x0000000612800000, 0x0000000612800000, 0x0000000612c00000|  0%| F|  |TAMS 0x0000000612800000| PB 0x0000000612800000| Untracked |  0
|  52|0x0000000612c00000, 0x0000000612c00000, 0x0000000613000000|  0%| F|  |TAMS 0x0000000612c00000| PB 0x0000000612c00000| Untracked |  0
|  53|0x0000000613000000, 0x0000000613000000, 0x0000000613400000|  0%| F|  |TAMS 0x0000000613000000| PB 0x0000000613000000| Untracked |  0
|  54|0x0000000613400000, 0x0000000613400000, 0x0000000613800000|  0%| F|  |TAMS 0x0000000613400000| PB 0x0000000613400000| Untracked |  0
|  55|0x0000000613800000, 0x0000000613800000, 0x0000000613c00000|  0%| F|  |TAMS 0x0000000613800000| PB 0x0000000613800000| Untracked |  0
|  56|0x0000000613c00000, 0x0000000613c00000, 0x0000000614000000|  0%| F|  |TAMS 0x0000000613c00000| PB 0x0000000613c00000| Untracked |  0
|  57|0x0000000614000000, 0x0000000614000000, 0x0000000614400000|  0%| F|  |TAMS 0x0000000614000000| PB 0x0000000614000000| Untracked |  0
|  58|0x0000000614400000, 0x0000000614400000, 0x0000000614800000|  0%| F|  |TAMS 0x0000000614400000| PB 0x0000000614400000| Untracked |  0
|  59|0x0000000614800000, 0x0000000614800000, 0x0000000614c00000|  0%| F|  |TAMS 0x0000000614800000| PB 0x0000000614800000| Untracked |  0
|  60|0x0000000614c00000, 0x0000000614c00000, 0x0000000615000000|  0%| F|  |TAMS 0x0000000614c00000| PB 0x0000000614c00000| Untracked |  0
|  61|0x0000000615000000, 0x0000000615000000, 0x0000000615400000|  0%| F|  |TAMS 0x0000000615000000| PB 0x0000000615000000| Untracked |  0
|  62|0x0000000615400000, 0x0000000615400000, 0x0000000615800000|  0%| F|  |TAMS 0x0000000615400000| PB 0x0000000615400000| Untracked |  0
|  63|0x0000000615800000, 0x0000000615800000, 0x0000000615c00000|  0%| F|  |TAMS 0x0000000615800000| PB 0x0000000615800000| Untracked |  0
|  64|0x0000000615c00000, 0x0000000615c00000, 0x0000000616000000|  0%| F|  |TAMS 0x0000000615c00000| PB 0x0000000615c00000| Untracked |  0
|  65|0x0000000616000000, 0x0000000616000000, 0x0000000616400000|  0%| F|  |TAMS 0x0000000616000000| PB 0x0000000616000000| Untracked |  0
|  66|0x0000000616400000, 0x0000000616400000, 0x0000000616800000|  0%| F|  |TAMS 0x0000000616400000| PB 0x0000000616400000| Untracked |  0
|  67|0x0000000616800000, 0x0000000616800000, 0x0000000616c00000|  0%| F|  |TAMS 0x0000000616800000| PB 0x0000000616800000| Untracked |  0
|  68|0x0000000616c00000, 0x0000000616c00000, 0x0000000617000000|  0%| F|  |TAMS 0x0000000616c00000| PB 0x0000000616c00000| Untracked |  0
|  69|0x0000000617000000, 0x0000000617000000, 0x0000000617400000|  0%| F|  |TAMS 0x0000000617000000| PB 0x0000000617000000| Untracked |  0
|  70|0x0000000617400000, 0x0000000617400000, 0x0000000617800000|  0%| F|  |TAMS 0x0000000617400000| PB 0x0000000617400000| Untracked |  0
|  71|0x0000000617800000, 0x0000000617800000, 0x0000000617c00000|  0%| F|  |TAMS 0x0000000617800000| PB 0x0000000617800000| Untracked |  0
|  72|0x0000000617c00000, 0x0000000617c00000, 0x0000000618000000|  0%| F|  |TAMS 0x0000000617c00000| PB 0x0000000617c00000| Untracked |  0
|  73|0x0000000618000000, 0x0000000618000000, 0x0000000618400000|  0%| F|  |TAMS 0x0000000618000000| PB 0x0000000618000000| Untracked |  0
|  74|0x0000000618400000, 0x0000000618400000, 0x0000000618800000|  0%| F|  |TAMS 0x0000000618400000| PB 0x0000000618400000| Untracked |  0
|  75|0x0000000618800000, 0x0000000618800000, 0x0000000618c00000|  0%| F|  |TAMS 0x0000000618800000| PB 0x0000000618800000| Untracked |  0
|  76|0x0000000618c00000, 0x0000000618c00000, 0x0000000619000000|  0%| F|  |TAMS 0x0000000618c00000| PB 0x0000000618c00000| Untracked |  0
|  77|0x0000000619000000, 0x0000000619000000, 0x0000000619400000|  0%| F|  |TAMS 0x0000000619000000| PB 0x0000000619000000| Untracked |  0
|  78|0x0000000619400000, 0x0000000619400000, 0x0000000619800000|  0%| F|  |TAMS 0x0000000619400000| PB 0x0000000619400000| Untracked |  0
|  79|0x0000000619800000, 0x0000000619800000, 0x0000000619c00000|  0%| F|  |TAMS 0x0000000619800000| PB 0x0000000619800000| Untracked |  0
|  80|0x0000000619c00000, 0x0000000619c00000, 0x000000061a000000|  0%| F|  |TAMS 0x0000000619c00000| PB 0x0000000619c00000| Untracked |  0
|  81|0x000000061a000000, 0x000000061a000000, 0x000000061a400000|  0%| F|  |TAMS 0x000000061a000000| PB 0x000000061a000000| Untracked |  0
|  82|0x000000061a400000, 0x000000061a400000, 0x000000061a800000|  0%| F|  |TAMS 0x000000061a400000| PB 0x000000061a400000| Untracked |  0
|  83|0x000000061a800000, 0x000000061a800000, 0x000000061ac00000|  0%| F|  |TAMS 0x000000061a800000| PB 0x000000061a800000| Untracked |  0
|  84|0x000000061ac00000, 0x000000061ac00000, 0x000000061b000000|  0%| F|  |TAMS 0x000000061ac00000| PB 0x000000061ac00000| Untracked |  0
|  85|0x000000061b000000, 0x000000061b000000, 0x000000061b400000|  0%| F|  |TAMS 0x000000061b000000| PB 0x000000061b000000| Untracked |  0
|  86|0x000000061b400000, 0x000000061b400000, 0x000000061b800000|  0%| F|  |TAMS 0x000000061b400000| PB 0x000000061b400000| Untracked |  0
|  87|0x000000061b800000, 0x000000061b800000, 0x000000061bc00000|  0%| F|  |TAMS 0x000000061b800000| PB 0x000000061b800000| Untracked |  0
|  88|0x000000061bc00000, 0x000000061bc00000, 0x000000061c000000|  0%| F|  |TAMS 0x000000061bc00000| PB 0x000000061bc00000| Untracked |  0
|  89|0x000000061c000000, 0x000000061c000000, 0x000000061c400000|  0%| F|  |TAMS 0x000000061c000000| PB 0x000000061c000000| Untracked |  0
|  90|0x000000061c400000, 0x000000061c400000, 0x000000061c800000|  0%| F|  |TAMS 0x000000061c400000| PB 0x000000061c400000| Untracked |  0
|  91|0x000000061c800000, 0x000000061c800000, 0x000000061cc00000|  0%| F|  |TAMS 0x000000061c800000| PB 0x000000061c800000| Untracked |  0
|  92|0x000000061cc00000, 0x000000061cc00000, 0x000000061d000000|  0%| F|  |TAMS 0x000000061cc00000| PB 0x000000061cc00000| Untracked |  0
|  93|0x000000061d000000, 0x000000061d000000, 0x000000061d400000|  0%| F|  |TAMS 0x000000061d000000| PB 0x000000061d000000| Untracked |  0
|  94|0x000000061d400000, 0x000000061d400000, 0x000000061d800000|  0%| F|  |TAMS 0x000000061d400000| PB 0x000000061d400000| Untracked |  0
|  95|0x000000061d800000, 0x000000061d800000, 0x000000061dc00000|  0%| F|  |TAMS 0x000000061d800000| PB 0x000000061d800000| Untracked |  0
|  96|0x000000061dc00000, 0x000000061dc00000, 0x000000061e000000|  0%| F|  |TAMS 0x000000061dc00000| PB 0x000000061dc00000| Untracked |  0
|  97|0x000000061e000000, 0x000000061e000000, 0x000000061e400000|  0%| F|  |TAMS 0x000000061e000000| PB 0x000000061e000000| Untracked |  0
|  98|0x000000061e400000, 0x000000061e400000, 0x000000061e800000|  0%| F|  |TAMS 0x000000061e400000| PB 0x000000061e400000| Untracked |  0
|  99|0x000000061e800000, 0x000000061e800000, 0x000000061ec00000|  0%| F|  |TAMS 0x000000061e800000| PB 0x000000061e800000| Untracked |  0
| 100|0x000000061ec00000, 0x000000061ec00000, 0x000000061f000000|  0%| F|  |TAMS 0x000000061ec00000| PB 0x000000061ec00000| Untracked |  0
| 101|0x000000061f000000, 0x000000061f000000, 0x000000061f400000|  0%| F|  |TAMS 0x000000061f000000| PB 0x000000061f000000| Untracked |  0
| 102|0x000000061f400000, 0x000000061f400000, 0x000000061f800000|  0%| F|  |TAMS 0x000000061f400000| PB 0x000000061f400000| Untracked |  0
| 103|0x000000061f800000, 0x000000061f800000, 0x000000061fc00000|  0%| F|  |TAMS 0x000000061f800000| PB 0x000000061f800000| Untracked |  0
| 104|0x000000061fc00000, 0x000000061fc00000, 0x0000000620000000|  0%| F|  |TAMS 0x000000061fc00000| PB 0x000000061fc00000| Untracked |  0
| 105|0x0000000620000000, 0x0000000620000000, 0x0000000620400000|  0%| F|  |TAMS 0x0000000620000000| PB 0x0000000620000000| Untracked |  0
| 106|0x0000000620400000, 0x0000000620400000, 0x0000000620800000|  0%| F|  |TAMS 0x0000000620400000| PB 0x0000000620400000| Untracked |  0
| 107|0x0000000620800000, 0x0000000620800000, 0x0000000620c00000|  0%| F|  |TAMS 0x0000000620800000| PB 0x0000000620800000| Untracked |  0
| 108|0x0000000620c00000, 0x0000000620c00000, 0x0000000621000000|  0%| F|  |TAMS 0x0000000620c00000| PB 0x0000000620c00000| Untracked |  0
| 109|0x0000000621000000, 0x0000000621000000, 0x0000000621400000|  0%| F|  |TAMS 0x0000000621000000| PB 0x0000000621000000| Untracked |  0
| 110|0x0000000621400000, 0x0000000621400000, 0x0000000621800000|  0%| F|  |TAMS 0x0000000621400000| PB 0x0000000621400000| Untracked |  0
| 111|0x0000000621800000, 0x0000000621800000, 0x0000000621c00000|  0%| F|  |TAMS 0x0000000621800000| PB 0x0000000621800000| Untracked |  0
| 112|0x0000000621c00000, 0x0000000621c00000, 0x0000000622000000|  0%| F|  |TAMS 0x0000000621c00000| PB 0x0000000621c00000| Untracked |  0
| 113|0x0000000622000000, 0x0000000622000000, 0x0000000622400000|  0%| F|  |TAMS 0x0000000622000000| PB 0x0000000622000000| Untracked |  0
| 114|0x0000000622400000, 0x0000000622400000, 0x0000000622800000|  0%| F|  |TAMS 0x0000000622400000| PB 0x0000000622400000| Untracked |  0
| 115|0x0000000622800000, 0x0000000622800000, 0x0000000622c00000|  0%| F|  |TAMS 0x0000000622800000| PB 0x0000000622800000| Untracked |  0
| 116|0x0000000622c00000, 0x0000000622c00000, 0x0000000623000000|  0%| F|  |TAMS 0x0000000622c00000| PB 0x0000000622c00000| Untracked |  0
| 117|0x0000000623000000, 0x0000000623000000, 0x0000000623400000|  0%| F|  |TAMS 0x0000000623000000| PB 0x0000000623000000| Untracked |  0
| 118|0x0000000623400000, 0x0000000623400000, 0x0000000623800000|  0%| F|  |TAMS 0x0000000623400000| PB 0x0000000623400000| Untracked |  0
| 119|0x0000000623800000, 0x0000000623800000, 0x0000000623c00000|  0%| F|  |TAMS 0x0000000623800000| PB 0x0000000623800000| Untracked |  0
| 120|0x0000000623c00000, 0x0000000623f07578, 0x0000000624000000| 75%| S|CS|TAMS 0x0000000623c00000| PB 0x0000000623c00000| Complete |  0
| 121|0x0000000624000000, 0x0000000624000000, 0x0000000624400000|  0%| F|  |TAMS 0x0000000624000000| PB 0x0000000624000000| Untracked |  0
| 122|0x0000000624400000, 0x0000000624400000, 0x0000000624800000|  0%| F|  |TAMS 0x0000000624400000| PB 0x0000000624400000| Untracked |  0
| 123|0x0000000624800000, 0x0000000624800000, 0x0000000624c00000|  0%| F|  |TAMS 0x0000000624800000| PB 0x0000000624800000| Untracked |  0
| 124|0x0000000624c00000, 0x0000000625000000, 0x0000000625000000|100%| E|  |TAMS 0x0000000624c00000| PB 0x0000000624c00000| Complete |  0
| 125|0x0000000625000000, 0x0000000625400000, 0x0000000625400000|100%| E|CS|TAMS 0x0000000625000000| PB 0x0000000625000000| Complete |  0
| 126|0x0000000625400000, 0x0000000625800000, 0x0000000625800000|100%| E|CS|TAMS 0x0000000625400000| PB 0x0000000625400000| Complete |  0

Card table byte_map: [0x0000022239420000,0x000002223a400000] _byte_map_base: 0x00000222363f2000

Marking Bits: (CMBitMap*) 0x000002221ebc3990
 Bits: [0x000002223a400000, 0x0000022242290000)

Polling page: 0x000002221e2e0000

Metaspace:

Usage:
  Non-class:      8.74 MB used.
      Class:    638.58 KB used.
       Both:      9.37 MB used.

Virtual space:
  Non-class space:       64.00 MB reserved,       8.88 MB ( 14%) committed,  1 nodes.
      Class space:        1.00 GB reserved,     704.00 KB ( <1%) committed,  1 nodes.
             Both:        1.06 GB reserved,       9.56 MB ( <1%) committed. 

Chunk freelists:
   Non-Class:  5.73 MB
       Class:  15.25 MB
        Both:  20.98 MB

MaxMetaspaceSize: unlimited
CompressedClassSpaceSize: 1.00 GB
Initial GC threshold: 21.00 MB
Current GC threshold: 21.00 MB
CDS: on
 - commit_granule_bytes: 65536.
 - commit_granule_words: 8192.
 - virtual_space_node_default_size: 8388608.
 - enlarge_chunks_in_place: 1.
 - use_allocation_guard: 0.


Internal statistics:

num_allocs_failed_limit: 0.
num_arena_births: 164.
num_arena_deaths: 0.
num_vsnodes_births: 2.
num_vsnodes_deaths: 0.
num_space_committed: 153.
num_space_uncommitted: 0.
num_chunks_returned_to_freelist: 0.
num_chunks_taken_from_freelist: 467.
num_chunk_merges: 0.
num_chunk_splits: 322.
num_chunks_enlarged: 239.
num_inconsistent_stats: 0.

CodeHeap 'non-profiled nmethods': size=117760Kb used=405Kb max_used=405Kb free=117354Kb
 bounds [0x00000222304a0000, 0x0000022230710000, 0x00000222377a0000]
CodeHeap 'profiled nmethods': size=117760Kb used=2723Kb max_used=2723Kb free=115036Kb
 bounds [0x00000222287a0000, 0x0000022228a50000, 0x000002222faa0000]
CodeHeap 'non-nmethods': size=10240Kb used=3970Kb max_used=4506Kb free=6269Kb
 bounds [0x000002222faa0000, 0x000002222ff10000, 0x00000222304a0000]
 total_blobs=2514 nmethods=1409 adapters=1012
 compilation: enabled
              stopped_count=0, restarted_count=0
 full_count=0

JVMCI Events (20 events):
Event: 0.048 Thread 0x00000222454b5e40 initializing JVMCI runtime 1
Event: 0.048 Thread 0x00000222454b5e40 done waiting for JavaVM references initialization in JVMCI runtime 1
Event: 0.048 Thread 0x00000222454b5e40 initialized JVMCI runtime 1
Event: 1.935 Thread 0x00000222454b5e40 detaching from JVMCI runtime 1: stopping idle compiler thread (0 other threads still attached)
Event: 1.935 Thread 0x00000222454b5e40 shutting down HotSpotJVMCIRuntime for JVMCI runtime 1
Event: 1.935 Thread 0x00000222454b5e40 shut down JVMCI runtime 1
Event: 1.938 Thread 0x00000222454b5e40 destroyed JavaVM[2]@0x0000022a8b9a4280 for JVMCI runtime 1
Event: 1.938 Thread 0x00000222454b5e40 releasing handles for JVMCI runtime 1: oop handles=51, metadata handles={total=256, live=252, blocks=8}
Event: 1.938 Thread 0x00000222454b5e40 detached from JVMCI runtime 1
Event: 4.711 Thread 0x0000022245498f10 detaching from JVMCI runtime 0: releasing idle compiler thread (0 other threads still attached)
Event: 4.711 Thread 0x0000022245498f10 shutting down HotSpotJVMCIRuntime for JVMCI runtime 0
Event: 4.711 Thread 0x0000022245498f10 shut down JVMCI runtime 0
Event: 4.713 Thread 0x0000022245498f10 destroyed JavaVM[1]@0x000002228b9a4280 for JVMCI runtime 0
Event: 4.713 Thread 0x0000022245498f10 releasing handles for JVMCI runtime 0: oop handles=74, metadata handles={total=256, live=248, blocks=8}
Event: 4.713 Thread 0x0000022245498f10 detached from JVMCI runtime 0
Event: 4.995 Thread 0x0000022245498f10 attached to JVMCI runtime 1
Event: 4.996 Thread 0x0000022245498f10 created JavaVM[3]@0x000002228b9a4280 for JVMCI runtime 1
Event: 4.996 Thread 0x0000022245498f10 initializing JVMCI runtime 1
Event: 4.996 Thread 0x0000022245498f10 done waiting for JavaVM references initialization in JVMCI runtime 1
Event: 4.996 Thread 0x0000022245498f10 initialized JVMCI runtime 1

Compilation events (20 events):
Event: 5.032 Thread 0x0000022245498f10 nmethod 1393 0x0000022230502010 code [0x0000022230502180, 0x0000022230502330]
Event: 5.032 Thread 0x0000022245498f10 1392       4       java.util.zip.ZipFile::ensureOpen (40 bytes)
Event: 5.032 Thread 0x0000022245498f10 nmethod 1392 0x0000022230502490 code [0x0000022230502600, 0x0000022230502710]
Event: 5.033 Thread 0x0000022245498f10 1399 %     4       sun.net.www.ParseUtil::firstEncodeIndex @ 7 (86 bytes)
Event: 5.035 Thread 0x00000222021ca500 1400       3       com.kgaft.VulkanLib.Utils.SeriesObject$$Lambda/0x0000022247090c88::test (8 bytes)
Event: 5.035 Thread 0x00000222454b88a0 1401       3       com.kgaft.VulkanLib.Utils.SeriesObject::lambda$new$3 (10 bytes)
Event: 5.035 Thread 0x00000222454b88a0 nmethod 1401 0x0000022228a46d10 code [0x0000022228a46ec0, 0x0000022228a47020]
Event: 5.035 Thread 0x00000222021ca500 nmethod 1400 0x0000022228a47110 code [0x0000022228a472c0, 0x0000022228a476c0]
Event: 5.036 Thread 0x00000222021ca500 1402       3       com.kgaft.VulkanLib.Utils.SeriesObject$$Lambda/0x0000022247091118::test (8 bytes)
Event: 5.036 Thread 0x00000222454b88a0 1403       3       com.kgaft.VulkanLib.Utils.SeriesObject::lambda$new$5 (10 bytes)
Event: 5.036 Thread 0x00000222454b88a0 nmethod 1403 0x0000022228a47810 code [0x0000022228a479c0, 0x0000022228a47b20]
Event: 5.036 Thread 0x00000222021ca500 nmethod 1402 0x0000022228a47c10 code [0x0000022228a47dc0, 0x0000022228a481c0]
Event: 5.040 Thread 0x0000022245498f10 nmethod 1399% 0x0000022230502e90 code [0x0000022230503020, 0x0000022230503568]
Event: 5.040 Thread 0x0000022245498f10 1404       4       java.util.zip.ZipFile$Source::zipCoderForPos (39 bytes)
Event: 5.041 Thread 0x0000022245498f10 nmethod 1404 0x0000022230503810 code [0x0000022230503980, 0x0000022230503a68]
Event: 5.041 Thread 0x00000222454b96c0 1406       3       java.util.Arrays::equals (43 bytes)
Event: 5.042 Thread 0x00000222454b96c0 nmethod 1406 0x0000022228a48310 code [0x0000022228a484e0, 0x0000022228a487c0]
Event: 5.050 Thread 0x00000222021ca500 1408       3       java.lang.invoke.BoundMethodHandle$Species_L::<init> (12 bytes)
Event: 5.050 Thread 0x0000022245498f10 1407       4       java.util.LinkedHashMap::get (29 bytes)
Event: 5.050 Thread 0x00000222021ca500 nmethod 1408 0x0000022228a48890 code [0x0000022228a48a40, 0x0000022228a48c78]

GC Heap History (2 events):
Event: 2.703 GC heap before
{Heap before GC invocations=0 (full 0):
 garbage-first heap   total reserved 8294400K, committed 520192K, used 24576K [0x0000000605c00000, 0x0000000800000000)
  region size 4096K, 6 young (24576K), 0 survivors (0K)
 Metaspace       used 6353K, committed 6592K, reserved 1114112K
  class space    used 417K, committed 512K, reserved 1048576K
}
Event: 2.707 GC heap after
{Heap after GC invocations=1 (full 0):
 garbage-first heap   total reserved 8294400K, committed 520192K, used 3101K [0x0000000605c00000, 0x0000000800000000)
  region size 4096K, 1 young (4096K), 1 survivors (4096K)
 Metaspace       used 6353K, committed 6592K, reserved 1114112K
  class space    used 417K, committed 512K, reserved 1048576K
}

Dll operation events (10 events):
Event: 0.005 Loaded shared library C:\graalvm-jdk-22.0.2+9.1\bin\java.dll
Event: 0.005 Loaded shared library C:\graalvm-jdk-22.0.2+9.1\bin\zip.dll
Event: 0.024 Loaded shared library C:\graalvm-jdk-22.0.2+9.1\bin\jsvml.dll
Event: 0.026 Loaded shared library C:\graalvm-jdk-22.0.2+9.1\bin\jvmcicompiler.dll
Event: 0.068 Loaded shared library C:\graalvm-jdk-22.0.2+9.1\bin\instrument.dll
Event: 0.090 Loaded shared library C:\graalvm-jdk-22.0.2+9.1\bin\net.dll
Event: 0.090 Loaded shared library C:\graalvm-jdk-22.0.2+9.1\bin\nio.dll
Event: 0.094 Loaded shared library C:\graalvm-jdk-22.0.2+9.1\bin\zip.dll
Event: 0.119 Loaded shared library C:\graalvm-jdk-22.0.2+9.1\bin\jimage.dll
Event: 0.135 Loaded shared library C:\!TEMP\lwjgl_kgaft\3.3.3+5\x64\lwjgl.dll

Deoptimization events (20 events):
Event: 0.130 Thread 0x000002221eb8ec20 DEOPT PACKING pc=0x00000222304b5b24 sp=0x0000005b765fd810
Event: 0.130 Thread 0x000002221eb8ec20 DEOPT UNPACKING pc=0x000002222faf4c43 sp=0x0000005b765fcc98 mode 3
Event: 0.160 Thread 0x000002221eb8ec20 Uncommon trap: trap_request=0xffffffed fr.pc=0x00000222304b4a1e relative=0x00000000000028fe
Event: 0.160 Thread 0x000002221eb8ec20 Uncommon trap: reason=null_assert_or_unreached0 action=reinterpret pc=0x00000222304b4a1e method=java.util.HashMap.putVal(ILjava/lang/Object;Ljava/lang/Object;ZZ)Ljava/lang/Object; @ 134 jvmci
Event: 0.160 Thread 0x000002221eb8ec20 DEOPT PACKING pc=0x00000222304b4a1e sp=0x0000005b765fd840
Event: 0.160 Thread 0x000002221eb8ec20 DEOPT UNPACKING pc=0x000002222faf4c43 sp=0x0000005b765fcd00 mode 3
Event: 0.176 Thread 0x000002221eb8ec20 DEOPT PACKING pc=0x00000222287e65f7 sp=0x0000005b765fcb00
Event: 0.176 Thread 0x000002221eb8ec20 DEOPT UNPACKING pc=0x000002222faf4c43 sp=0x0000005b765fbf20 mode 0
Event: 0.226 Thread 0x000002221eb8ec20 DEOPT PACKING pc=0x00000222287b10c8 sp=0x0000005b765fe150
Event: 0.226 Thread 0x000002221eb8ec20 DEOPT UNPACKING pc=0x000002222faf4c43 sp=0x0000005b765fd5b8 mode 0
Event: 0.324 Thread 0x000002221eb8ec20 Uncommon trap: trap_request=0xfffffff5 fr.pc=0x00000222304c8d93 relative=0x00000000000001f3
Event: 0.324 Thread 0x000002221eb8ec20 Uncommon trap: reason=null_check action=reinterpret pc=0x00000222304c8d93 method=java.lang.invoke.VarHandleGuards.guard_LI_I(Ljava/lang/invoke/VarHandle;Ljava/lang/Object;ILjava/lang/invoke/VarHandle$AccessDescriptor;)I @ 0 jvmci
Event: 0.324 Thread 0x000002221eb8ec20 DEOPT PACKING pc=0x00000222304c8d93 sp=0x0000005b765f9bc0
Event: 0.324 Thread 0x000002221eb8ec20 DEOPT UNPACKING pc=0x000002222faf4c43 sp=0x0000005b765f9058 mode 3
Event: 0.449 Thread 0x000002221eb8ec20 DEOPT PACKING pc=0x0000022228842783 sp=0x0000005b765ff0b0
Event: 0.449 Thread 0x000002221eb8ec20 DEOPT UNPACKING pc=0x000002222faf4c43 sp=0x0000005b765fe570 mode 0
Event: 1.976 Thread 0x000002221eb8ec20 DEOPT PACKING pc=0x00000222288249b1 sp=0x0000005b765fdfb0
Event: 1.976 Thread 0x000002221eb8ec20 DEOPT UNPACKING pc=0x000002222faf4c43 sp=0x0000005b765fd410 mode 0
Event: 3.538 Thread 0x000002221eb8ec20 DEOPT PACKING pc=0x0000022228835a43 sp=0x0000005b765fdca0
Event: 3.538 Thread 0x000002221eb8ec20 DEOPT UNPACKING pc=0x000002222faf4c43 sp=0x0000005b765fd118 mode 0

Classes loaded (20 events):
Event: 5.048 Loading class org/lwjgl/vulkan/VkPipelineCreateFlags2CreateInfoKHR
Event: 5.048 Loading class org/lwjgl/vulkan/VkPipelineCreateFlags2CreateInfoKHR done
Event: 5.049 Loading class org/lwjgl/vulkan/VkPipelineRenderingCreateInfoKHR
Event: 5.049 Loading class org/lwjgl/vulkan/VkPipelineRenderingCreateInfoKHR done
Event: 5.049 Loading class org/lwjgl/vulkan/VkPipelineRenderingCreateInfo
Event: 5.049 Loading class org/lwjgl/vulkan/VkPipelineRenderingCreateInfo done
Event: 5.049 Loading class org/lwjgl/vulkan/VkPipelineRepresentativeFragmentTestStateCreateInfoNV
Event: 5.049 Loading class org/lwjgl/vulkan/VkPipelineRepresentativeFragmentTestStateCreateInfoNV done
Event: 5.049 Loading class org/lwjgl/vulkan/VkPipelineLibraryCreateInfoKHR
Event: 5.049 Loading class org/lwjgl/vulkan/VkPipelineLibraryCreateInfoKHR done
Event: 5.049 Loading class org/lwjgl/vulkan/VkPipelineDynamicStateCreateInfo
Event: 5.049 Loading class org/lwjgl/vulkan/VkPipelineDynamicStateCreateInfo done
Event: 5.050 Loading class org/lwjgl/vulkan/VkPipelineTessellationStateCreateInfo
Event: 5.050 Loading class org/lwjgl/vulkan/VkPipelineTessellationStateCreateInfo done
Event: 5.050 Loading class org/lwjgl/vulkan/VkPipelineColorBlendAttachmentState
Event: 5.050 Loading class org/lwjgl/vulkan/VkPipelineColorBlendAttachmentState done
Event: 5.051 Loading class org/lwjgl/vulkan/VkPipelineRenderingCreateInfo$Buffer
Event: 5.051 Loading class org/lwjgl/vulkan/VkPipelineRenderingCreateInfo$Buffer done
Event: 5.052 Loading class org/lwjgl/system/Struct$StructValidation
Event: 5.052 Loading class org/lwjgl/system/Struct$StructValidation done

Classes unloaded (0 events):
No events

Classes redefined (0 events):
No events

Internal exceptions (20 events):
Event: 0.184 Thread 0x000002221eb8ec20 Exception <a 'java/lang/NoSuchMethodError'{0x0000000624e78390}: 'int java.lang.invoke.DirectMethodHandle$Holder.invokeStaticInit(java.lang.Object, java.lang.Object, long, long)'> (0x0000000624e78390) 
thrown [s\open\src\hotspot\share\interpreter\linkResolver.cpp, line 774]
Event: 0.184 Thread 0x000002221eb8ec20 Exception <a 'java/lang/NoSuchMethodError'{0x0000000624e7de18}: 'java.lang.Object java.lang.invoke.DirectMethodHandle$Holder.newInvokeSpecial(java.lang.Object, java.lang.Object, long)'> (0x0000000624e7de18) 
thrown [s\open\src\hotspot\share\interpreter\linkResolver.cpp, line 774]
Event: 0.184 Thread 0x000002221eb8ec20 Exception <a 'java/lang/NoSuchMethodError'{0x0000000624e81f70}: 'java.lang.Object java.lang.invoke.Invokers$Holder.linkToTargetMethod(java.lang.Object, long, java.lang.Object)'> (0x0000000624e81f70) 
thrown [s\open\src\hotspot\share\interpreter\linkResolver.cpp, line 774]
Event: 0.185 Thread 0x000002221eb8ec20 Exception <a 'java/lang/NoSuchMethodError'{0x0000000624e89198}: 'int java.lang.invoke.DirectMethodHandle$Holder.invokeStaticInit(java.lang.Object, java.lang.Object, java.lang.Object, long)'> (0x0000000624e89198) 
thrown [s\open\src\hotspot\share\interpreter\linkResolver.cpp, line 774]
Event: 0.318 Thread 0x000002221eb8ec20 Exception <a 'sun/nio/fs/WindowsException'{0x0000000624942418}> (0x0000000624942418) 
thrown [s\open\src\hotspot\share\prims\jni.cpp, line 520]
Event: 0.318 Thread 0x000002221eb8ec20 Exception <a 'sun/nio/fs/WindowsException'{0x0000000624942658}> (0x0000000624942658) 
thrown [s\open\src\hotspot\share\prims\jni.cpp, line 520]
Event: 0.324 Thread 0x000002221eb8ec20 Implicit null exception at 0x00000222304c8bd7 to 0x00000222304c8d78
Event: 0.446 Thread 0x000002221eb8ec20 Exception <a 'java/lang/NoSuchMethodError'{0x0000000624b9a328}: 'java.lang.Object java.lang.invoke.DirectMethodHandle$Holder.newInvokeSpecial(java.lang.Object, long)'> (0x0000000624b9a328) 
thrown [s\open\src\hotspot\share\interpreter\linkResolver.cpp, line 774]
Event: 1.941 Thread 0x000002221eb8ec20 Exception <a 'java/lang/NoSuchMethodError'{0x0000000624be5910}: 'int java.lang.invoke.DirectMethodHandle$Holder.invokeSpecial(java.lang.Object, java.lang.Object, java.lang.Object, int)'> (0x0000000624be5910) 
thrown [s\open\src\hotspot\share\interpreter\linkResolver.cpp, line 774]
Event: 1.943 Thread 0x000002221eb8ec20 Exception <a 'java/lang/NoSuchMethodError'{0x0000000624bfa170}: 'java.lang.Object java.lang.invoke.DirectMethodHandle$Holder.invokeStatic(java.lang.Object, java.lang.Object, java.lang.Object, java.lang.Object, int)'> (0x0000000624bfa170) 
thrown [s\open\src\hotspot\share\interpreter\linkResolver.cpp, line 774]
Event: 1.981 Thread 0x000002221eb8ec20 Exception <a 'java/lang/NoSuchMethodError'{0x0000000624171568}: 'void java.lang.invoke.DirectMethodHandle$Holder.invokeStatic(java.lang.Object, java.lang.Object, java.lang.Object, java.lang.Object)'> (0x0000000624171568) 
thrown [s\open\src\hotspot\share\interpreter\linkResolver.cpp, line 774]
Event: 2.533 Thread 0x000002221eb8ec20 Exception <a 'java/lang/NoSuchMethodError'{0x00000006242d5c00}: 'void java.lang.invoke.DirectMethodHandle$Holder.invokeStatic(java.lang.Object, long)'> (0x00000006242d5c00) 
thrown [s\open\src\hotspot\share\interpreter\linkResolver.cpp, line 774]
Event: 2.686 Thread 0x000002221eb8ec20 Exception <a 'java/lang/NoSuchMethodError'{0x0000000624370c70}: 'java.lang.Object java.lang.invoke.DirectMethodHandle$Holder.newInvokeSpecial(java.lang.Object, long, long)'> (0x0000000624370c70) 
thrown [s\open\src\hotspot\share\interpreter\linkResolver.cpp, line 774]
Event: 2.708 Thread 0x0000022245486cd0 Exception <a 'java/lang/NoSuchMethodError'{0x00000006254b01f8}: 'void java.lang.invoke.DirectMethodHandle$Holder.invokeVirtual(java.lang.Object, java.lang.Object)'> (0x00000006254b01f8) 
thrown [s\open\src\hotspot\share\interpreter\linkResolver.cpp, line 774]
Event: 2.814 Thread 0x000002221eb8ec20 Exception <a 'java/lang/NoSuchMethodError'{0x00000006256a8fa8}: 'java.lang.Object java.lang.invoke.DirectMethodHandle$Holder.invokeVirtual(java.lang.Object, java.lang.Object, int)'> (0x00000006256a8fa8) 
thrown [s\open\src\hotspot\share\interpreter\linkResolver.cpp, line 774]
Event: 2.831 Thread 0x000002221eb8ec20 Exception <a 'java/lang/NoSuchMethodError'{0x00000006256c4418}: 'void java.lang.invoke.DirectMethodHandle$Holder.invokeSpecial(java.lang.Object, java.lang.Object, long)'> (0x00000006256c4418) 
thrown [s\open\src\hotspot\share\interpreter\linkResolver.cpp, line 774]
Event: 3.497 Thread 0x000002221eb8ec20 Exception <a 'java/lang/NoSuchMethodError'{0x00000006257bab28}: 'java.lang.Object java.lang.invoke.DirectMethodHandle$Holder.newInvokeSpecial(java.lang.Object, java.lang.Object, java.lang.Object, java.lang.Object, java.lang.Object, java.lang.Object)'> (0x00000006257bab28) 
thrown [s\open\src\hotspot\share\interpreter\linkResolver.cpp, line 774]
Event: 3.537 Thread 0x000002221eb8ec20 Exception <a 'sun/nio/fs/WindowsException'{0x0000000625097250}> (0x0000000625097250) 
thrown [s\open\src\hotspot\share\prims\jni.cpp, line 520]
Event: 3.537 Thread 0x000002221eb8ec20 Exception <a 'sun/nio/fs/WindowsException'{0x0000000625097540}> (0x0000000625097540) 
thrown [s\open\src\hotspot\share\prims\jni.cpp, line 520]
Event: 3.654 Thread 0x000002221eb8ec20 Exception <a 'java/lang/NoSuchMethodError'{0x00000006250c1408}: 'java.lang.Object java.lang.invoke.DirectMethodHandle$Holder.invokeVirtual(java.lang.Object, java.lang.Object, java.lang.Object)'> (0x00000006250c1408) 
thrown [s\open\src\hotspot\share\interpreter\linkResolver.cpp, line 774]

ZGC Phase Switch (0 events):
No events

VM Operations (20 events):
Event: 4.679 Executing VM operation: get/set locals
Event: 4.679 Executing VM operation: get/set locals done
Event: 4.679 Executing VM operation: get/set locals
Event: 4.680 Executing VM operation: get/set locals done
Event: 4.680 Executing VM operation: get/set locals
Event: 4.680 Executing VM operation: get/set locals done
Event: 4.680 Executing VM operation: get/set locals
Event: 4.680 Executing VM operation: get/set locals done
Event: 4.680 Executing VM operation: get/set locals
Event: 4.680 Executing VM operation: get/set locals done
Event: 4.680 Executing VM operation: get/set locals
Event: 4.680 Executing VM operation: get/set locals done
Event: 4.681 Executing VM operation: get/set locals
Event: 4.681 Executing VM operation: get/set locals done
Event: 4.681 Executing VM operation: get/set locals
Event: 4.681 Executing VM operation: get/set locals done
Event: 4.681 Executing VM operation: get/set locals
Event: 4.681 Executing VM operation: get/set locals done
Event: 5.016 Executing VM operation: HandshakeAllThreads (Deoptimize)
Event: 5.016 Executing VM operation: HandshakeAllThreads (Deoptimize) done

Memory protections (0 events):
No events

Nmethod flushes (0 events):
No events

Events (20 events):
Event: 0.022 Thread 0x000002221eb8ec20 Thread added: 0x000002223843e8a0
Event: 0.022 Thread 0x000002221eb8ec20 Thread added: 0x0000022245486cd0
Event: 0.022 Thread 0x000002221eb8ec20 Thread added: 0x000002224548a1b0
Event: 0.022 Thread 0x000002221eb8ec20 Thread added: 0x000002224548bf80
Event: 0.022 Thread 0x000002221eb8ec20 Thread added: 0x0000022245490440
Event: 0.022 Thread 0x000002221eb8ec20 Thread added: 0x00000222454930e0
Event: 0.023 Thread 0x000002221eb8ec20 Thread added: 0x0000022245498f10
Event: 0.023 Thread 0x000002221eb8ec20 Thread added: 0x00000222454b88a0
Event: 0.025 Thread 0x00000222454b88a0 Thread added: 0x00000222454b8fb0
Event: 0.039 Thread 0x000002221eb8ec20 Thread added: 0x00000222456d2f00
Event: 0.042 Thread 0x00000222454b8fb0 Thread added: 0x00000222454b96c0
Event: 0.047 Thread 0x00000222454b96c0 Thread added: 0x00000222454b5e40
Event: 0.052 Thread 0x000002221eb8ec20 Thread added: 0x00000222000205e0
Event: 0.052 Thread 0x000002221eb8ec20 Thread added: 0x0000022200023e00
Event: 0.052 Thread 0x00000222000205e0 Thread added: 0x00000222000244c0
Event: 0.077 Thread 0x000002221eb8ec20 Thread added: 0x000002220013b750
Event: 0.325 Thread 0x00000222454b96c0 Thread added: 0x00000222021ca500
Event: 0.325 Thread 0x00000222454b88a0 Thread added: 0x00000222021cdd80
Event: 1.938 Thread 0x00000222454b5e40 Thread exited: 0x00000222454b5e40
Event: 3.497 Thread 0x00000222021cdd80 Thread exited: 0x00000222021cdd80


Dynamic libraries:
0x00007ff654420000 - 0x00007ff654430000 	C:\graalvm-jdk-22.0.2+9.1\bin\java.exe
0x00007ffa04070000 - 0x00007ffa04268000 	C:\Windows\SYSTEM32\ntdll.dll
0x00007ffa03a40000 - 0x00007ffa03b01000 	C:\Windows\System32\KERNEL32.DLL
0x00007ffa01da0000 - 0x00007ffa02096000 	C:\Windows\System32\KERNELBASE.dll
0x00007ff9fc2e0000 - 0x00007ff9fc374000 	C:\Windows\SYSTEM32\apphelp.dll
0x00007ff986510000 - 0x00007ff9869a6000 	C:\Windows\SYSTEM32\AcLayers.DLL
0x00007ffa039a0000 - 0x00007ffa03a3e000 	C:\Windows\System32\msvcrt.dll
0x00007ffa03b10000 - 0x00007ffa03caf000 	C:\Windows\System32\USER32.dll
0x00007ffa018b0000 - 0x00007ffa018d2000 	C:\Windows\System32\win32u.dll
0x00007ffa02500000 - 0x00007ffa0252b000 	C:\Windows\System32\GDI32.dll
0x00007ffa01c80000 - 0x00007ffa01d97000 	C:\Windows\System32\gdi32full.dll
0x00007ffa01b00000 - 0x00007ffa01b9d000 	C:\Windows\System32\msvcp_win.dll
0x00007ffa017b0000 - 0x00007ffa018b0000 	C:\Windows\System32\ucrtbase.dll
0x00007ffa03080000 - 0x00007ffa037ec000 	C:\Windows\System32\SHELL32.dll
0x00007ffa02140000 - 0x00007ffa02195000 	C:\Windows\System32\SHLWAPI.dll
0x00007ffa03cb0000 - 0x00007ffa03d60000 	C:\Windows\System32\ADVAPI32.dll
0x00007ffa020a0000 - 0x00007ffa02140000 	C:\Windows\System32\sechost.dll
0x00007ffa021a0000 - 0x00007ffa022c3000 	C:\Windows\System32\RPCRT4.dll
0x00007ffa01ba0000 - 0x00007ffa01bc7000 	C:\Windows\System32\bcrypt.dll
0x000002221c750000 - 0x000002221c753000 	C:\Windows\SYSTEM32\sfc.dll
0x00007ff9ef060000 - 0x00007ff9ef104000 	C:\Windows\SYSTEM32\WINSPOOL.DRV
0x00007ffa02660000 - 0x00007ffa029b3000 	C:\Windows\System32\combase.dll
0x00007ffa02e30000 - 0x00007ffa02edd000 	C:\Windows\System32\shcore.dll
0x00007ff9e5e70000 - 0x00007ff9e5e82000 	C:\Windows\SYSTEM32\sfc_os.DLL
0x00007ffa022e0000 - 0x00007ffa0230f000 	C:\Windows\System32\IMM32.DLL
0x00007ff9da230000 - 0x00007ff9da247000 	C:\graalvm-jdk-22.0.2+9.1\bin\jli.dll
0x00007ff9d6920000 - 0x00007ff9d693b000 	C:\graalvm-jdk-22.0.2+9.1\bin\VCRUNTIME140.dll
0x00007ffa00ae0000 - 0x00007ffa00d7a000 	C:\Windows\WinSxS\amd64_microsoft.windows.common-controls_6595b64144ccf1df_6.0.19041.4355_none_60b8b9eb71f62e16\COMCTL32.dll
0x00007ff9dfb30000 - 0x00007ff9dfb3c000 	C:\graalvm-jdk-22.0.2+9.1\bin\vcruntime140_1.dll
0x00007ff99be10000 - 0x00007ff99be9e000 	C:\graalvm-jdk-22.0.2+9.1\bin\msvcp140.dll
0x00007ff989990000 - 0x00007ff98a6d9000 	C:\graalvm-jdk-22.0.2+9.1\bin\server\jvm.dll
0x00007ffa02ee0000 - 0x00007ffa02f4b000 	C:\Windows\System32\WS2_32.dll
0x00007ffa01310000 - 0x00007ffa0135b000 	C:\Windows\SYSTEM32\POWRPROF.dll
0x00007ff9ff180000 - 0x00007ff9ff18a000 	C:\Windows\SYSTEM32\VERSION.dll
0x00007ff9ecac0000 - 0x00007ff9ecae7000 	C:\Windows\SYSTEM32\WINMM.dll
0x00007ffa00e70000 - 0x00007ffa00e82000 	C:\Windows\SYSTEM32\UMPDC.dll
0x00007ff9ff110000 - 0x00007ff9ff122000 	C:\Windows\SYSTEM32\kernel.appcore.dll
0x00007ff9d6750000 - 0x00007ff9d675a000 	C:\graalvm-jdk-22.0.2+9.1\bin\jimage.dll
0x00007ffa010a0000 - 0x00007ffa01284000 	C:\Windows\SYSTEM32\DBGHELP.DLL
0x00007ffa01060000 - 0x00007ffa01094000 	C:\Windows\SYSTEM32\dbgcore.DLL
0x00007ffa01720000 - 0x00007ffa017a2000 	C:\Windows\System32\bcryptPrimitives.dll
0x00007ff9f59b0000 - 0x00007ff9f59ec000 	C:\graalvm-jdk-22.0.2+9.1\bin\jdwp.dll
0x00007ff9fbd20000 - 0x00007ff9fbd2f000 	C:\graalvm-jdk-22.0.2+9.1\bin\instrument.dll
0x00007ff9d5270000 - 0x00007ff9d528e000 	C:\graalvm-jdk-22.0.2+9.1\bin\java.dll
0x00007ffa02530000 - 0x00007ffa0265b000 	C:\Windows\System32\ole32.dll
0x00007ff9c6c90000 - 0x00007ff9c6ca7000 	C:\graalvm-jdk-22.0.2+9.1\bin\zip.dll
0x00007ff9fe960000 - 0x00007ff9ff0fe000 	C:\Windows\SYSTEM32\windows.storage.dll
0x00007ffa00a40000 - 0x00007ffa00a6e000 	C:\Windows\SYSTEM32\Wldp.dll
0x00007ffa02320000 - 0x00007ffa023ed000 	C:\Windows\System32\OLEAUT32.dll
0x00007ffa01650000 - 0x00007ffa01674000 	C:\Windows\SYSTEM32\profapi.dll
0x00007ff99bd30000 - 0x00007ff99be07000 	C:\graalvm-jdk-22.0.2+9.1\bin\jsvml.dll
0x00007ff9869b0000 - 0x00007ff989988000 	C:\graalvm-jdk-22.0.2+9.1\bin\jvmcicompiler.dll
0x00007ffa02310000 - 0x00007ffa02318000 	C:\Windows\System32\PSAPI.DLL
0x00007ffa01930000 - 0x00007ffa01a8e000 	C:\Windows\System32\CRYPT32.dll
0x00007ffa01600000 - 0x00007ffa0162e000 	C:\Windows\SYSTEM32\USERENV.dll
0x00007ffa00ab0000 - 0x00007ffa00ad9000 	C:\Windows\SYSTEM32\ncrypt.dll
0x00007ffa00950000 - 0x00007ffa009ba000 	C:\Windows\SYSTEM32\MSWSOCK.dll
0x00007ffa00480000 - 0x00007ffa004bb000 	C:\Windows\SYSTEM32\IPHLPAPI.DLL
0x00007ffa00a70000 - 0x00007ffa00aab000 	C:\Windows\SYSTEM32\NTASN1.dll
0x00007ff9fbcc0000 - 0x00007ff9fbccc000 	C:\graalvm-jdk-22.0.2+9.1\bin\dt_socket.dll
0x00007ff9d5260000 - 0x00007ff9d5270000 	C:\graalvm-jdk-22.0.2+9.1\bin\net.dll
0x00007ff9d49e0000 - 0x00007ff9d49f6000 	C:\graalvm-jdk-22.0.2+9.1\bin\nio.dll
0x00007ff9f5820000 - 0x00007ff9f589b000 	C:\!TEMP\lwjgl_kgaft\3.3.3+5\x64\lwjgl.dll
0x00007ff9e7080000 - 0x00007ff9e7102000 	C:\!TEMP\lwjgl_kgaft\3.3.3+5\x64\glfw.dll
0x00007ff9f5960000 - 0x00007ff9f59a5000 	C:\Windows\SYSTEM32\dinput8.dll
0x00007ff9f9f50000 - 0x00007ff9f9f61000 	C:\Windows\SYSTEM32\xinput1_4.dll
0x00007ffa018e0000 - 0x00007ffa0192e000 	C:\Windows\System32\cfgmgr32.dll
0x00007ffa014a0000 - 0x00007ffa014d3000 	C:\Windows\SYSTEM32\DEVOBJ.dll
0x00007ff9fe270000 - 0x00007ff9fe29f000 	C:\Windows\SYSTEM32\dwmapi.dll
0x00007ff9f26f0000 - 0x00007ff9f2842000 	C:\Windows\SYSTEM32\inputhost.dll
0x00007ff9faea0000 - 0x00007ff9fb1fb000 	C:\Windows\SYSTEM32\CoreUIComponents.dll
0x00007ff9fc7f0000 - 0x00007ff9fc8e2000 	C:\Windows\SYSTEM32\CoreMessaging.dll
0x00007ff9fd310000 - 0x00007ff9fd467000 	C:\Windows\SYSTEM32\wintypes.dll
0x00007ff9fdb60000 - 0x00007ff9fdc56000 	C:\Windows\SYSTEM32\PROPSYS.dll
0x00007ffa01360000 - 0x00007ffa01393000 	C:\Windows\SYSTEM32\ntmarta.dll
0x00007ff9fe130000 - 0x00007ff9fe1ce000 	C:\Windows\system32\uxtheme.dll
0x00007ffa02f50000 - 0x00007ffa03064000 	C:\Windows\System32\MSCTF.dll
0x00007ff9f2850000 - 0x00007ff9f2949000 	C:\Windows\SYSTEM32\textinputframework.dll
0x00007ff9dfdf0000 - 0x00007ff9dff54000 	C:\Windows\SYSTEM32\vulkan-1.dll
0x00007ff9ff190000 - 0x00007ff9ff285000 	C:\Windows\system32\dxgi.dll
0x00007ff9848b0000 - 0x00007ff985a2b000 	C:\Windows\System32\DriverStore\FileRepository\iigd_dch.inf_amd64_ffe7d9986336312b\igvk64.dll
0x00007ff9a06a0000 - 0x00007ff9a07c8000 	C:\Windows\system32\OpenGL32.dll
0x00007ff9e3660000 - 0x00007ff9e368c000 	C:\Windows\SYSTEM32\GLU32.dll
0x00007ff9cf330000 - 0x00007ff9cf768000 	C:\Windows\System32\DriverStore\FileRepository\iigd_dch.inf_amd64_ffe7d9986336312b\igdgmm64.dll
0x00007ff9bc700000 - 0x00007ff9c05ad000 	C:\Windows\System32\DriverStore\FileRepository\iigd_dch.inf_amd64_ffe7d9986336312b\igc64.dll
0x00007ff99e0b0000 - 0x00007ff9a0698000 	C:\Windows\System32\DriverStore\FileRepository\nvami.inf_amd64_228c2297d67d3a38\nvoglv64.dll
0x00007ffa029c0000 - 0x00007ffa02e2e000 	C:\Windows\System32\SETUPAPI.dll
0x00007ff9f9eb0000 - 0x00007ff9f9ec4000 	C:\Windows\SYSTEM32\WTSAPI32.dll
0x00007ffa00e90000 - 0x00007ffa00ea2000 	C:\Windows\SYSTEM32\msasn1.dll
0x00007ff9f7c40000 - 0x00007ff9f7c71000 	C:\Windows\SYSTEM32\cryptnet.dll
0x00007ffa00a00000 - 0x00007ffa00a0c000 	C:\Windows\SYSTEM32\cryptbase.dll
0x00007ff9f7af0000 - 0x00007ff9f7c37000 	C:\Windows\SYSTEM32\drvstore.dll
0x00007ffa01a90000 - 0x00007ffa01af9000 	C:\Windows\System32\WINTRUST.dll
0x00007ffa03de0000 - 0x00007ffa03dfd000 	C:\Windows\System32\imagehlp.dll
0x00007ffa01480000 - 0x00007ffa01498000 	C:\Windows\SYSTEM32\CRYPTSP.dll
0x00007ffa00120000 - 0x00007ffa00154000 	C:\Windows\system32\rsaenh.dll
0x00007ff9f2f40000 - 0x00007ff9f4f2e000 	C:\Windows\System32\DriverStore\FileRepository\nvami.inf_amd64_228c2297d67d3a38\nvgpucomp64.dll
0x00007ffa02450000 - 0x00007ffa024f9000 	C:\Windows\System32\clbcatq.dll
0x00007ff983770000 - 0x00007ff9848a2000 	C:\VulkanSDK\1.3.290.0\Bin\VkLayer_khronos_validation.dll
0x00007ff9c6dc0000 - 0x00007ff9c6e04000 	C:\Windows\SYSTEM32\ControlLib.dll
0x00007ff9c6d30000 - 0x00007ff9c6dbb000 	C:\Windows\System32\DriverStore\FileRepository\iigd_dch.inf_amd64_ffe7d9986336312b\IntelControlLib.dll
0x00007ff997c10000 - 0x00007ff997d54000 	C:\Windows\System32\DriverStore\FileRepository\iigd_dch.inf_amd64_ffe7d9986336312b\igvkMedia64.dll
0x00007ff9c3ff0000 - 0x00007ff9c51d3000 	C:\Windows\System32\DriverStore\FileRepository\iigd_dch.inf_amd64_ffe7d9986336312b\igddxvacommon64.dll
0x00007ff9c22c0000 - 0x00007ff9c3fe1000 	C:\Windows\System32\DriverStore\FileRepository\iigd_dch.inf_amd64_ffe7d9986336312b\media_bin_64.dll
0x00007ff9f6c50000 - 0x00007ff9f6c8b000 	C:\Windows\SYSTEM32\dxcore.dll
0x00007ff9d3640000 - 0x00007ff9d3910000 	C:\Windows\system32\nvspcap64.dll
0x00007ff982d50000 - 0x00007ff983768000 	C:\Windows\System32\DriverStore\FileRepository\nvami.inf_amd64_228c2297d67d3a38\nvcuda64.dll
0x00007ff9eb440000 - 0x00007ff9ebb33000 	C:\Windows\SYSTEM32\nvapi64.dll
0x00007ff9df5f0000 - 0x00007ff9df684000 	C:\Windows\System32\DriverStore\FileRepository\nvami.inf_amd64_228c2297d67d3a38\nvdxgdmal64.dll
0x00007ff97f0c0000 - 0x00007ff982d44000 	C:\Windows\System32\DriverStore\FileRepository\nvami.inf_amd64_228c2297d67d3a38\nvrtum64.dll
0x00007ff99ae40000 - 0x00007ff99aee8000 	C:\Windows\System32\DriverStore\FileRepository\nvami.inf_amd64_228c2297d67d3a38\NvCamera\NvCameraAllowlisting64.dll
0x00007ff9f8500000 - 0x00007ff9f8603000 	C:\Windows\System32\AppXDeploymentClient.dll
0x00007ff9d2d90000 - 0x00007ff9d2ee5000 	C:\Windows\System32\DriverStore\FileRepository\nvami.inf_amd64_228c2297d67d3a38\nvppex.dll
0x00007ff9ffda0000 - 0x00007ff9ffdfb000 	C:\Windows\SYSTEM32\WINSTA.dll
0x00007ff97e860000 - 0x00007ff97ece1000 	C:\!TEMP\lwjgl_kgaft\3.3.3+5\x64\shaderc.dll

dbghelp: loaded successfully - version: 4.0.5 - missing functions: none
symbol engine: initialized successfully - sym options: 0x614 - pdb path: .;C:\graalvm-jdk-22.0.2+9.1\bin;C:\Windows\SYSTEM32;C:\Windows\WinSxS\amd64_microsoft.windows.common-controls_6595b64144ccf1df_6.0.19041.4355_none_60b8b9eb71f62e16;C:\graalvm-jdk-22.0.2+9.1\bin\server;C:\!TEMP\lwjgl_kgaft\3.3.3+5\x64;C:\Windows\System32\DriverStore\FileRepository\iigd_dch.inf_amd64_ffe7d9986336312b;C:\Windows\System32\DriverStore\FileRepository\nvami.inf_amd64_228c2297d67d3a38;C:\VulkanSDK\1.3.290.0\Bin;C:\Windows\System32\DriverStore\FileRepository\nvami.inf_amd64_228c2297d67d3a38\NvCamera

VM Arguments:
jvm_args: -XX:ThreadPriorityPolicy=1 -XX:+UnlockExperimentalVMOptions -XX:+EnableJVMCIProduct -XX:-UnlockExperimentalVMOptions -agentlib:jdwp=transport=dt_socket,address=127.0.0.1:50928,suspend=y,server=n -javaagent:C:\Users\kgaft\AppData\Local\JetBrains\IdeaIC2024.1\captureAgent\debugger-agent.jar -Dfile.encoding=UTF-8 -Dsun.stdout.encoding=UTF-8 -Dsun.stderr.encoding=UTF-8 
java_command: com.kgaft.VulkanLib.Main
java_class_path (initial): C:\Users\kgaft\Documents\VulkanLib\target\classes;C:\Users\kgaft\.m2\repository\org\lwjgl\lwjgl\3.3.3\lwjgl-3.3.3.jar;C:\Users\kgaft\.m2\repository\org\lwjgl\lwjgl-assimp\3.3.3\lwjgl-assimp-3.3.3.jar;C:\Users\kgaft\.m2\repository\org\lwjgl\lwjgl-glfw\3.3.3\lwjgl-glfw-3.3.3.jar;C:\Users\kgaft\.m2\repository\org\lwjgl\lwjgl-stb\3.3.3\lwjgl-stb-3.3.3.jar;C:\Users\kgaft\.m2\repository\org\lwjgl\lwjgl-vulkan\3.3.3\lwjgl-vulkan-3.3.3.jar;C:\Users\kgaft\.m2\repository\org\lwjgl\lwjgl-shaderc\3.3.3\lwjgl-shaderc-3.3.3.jar;C:\Users\kgaft\.m2\repository\org\lwjgl\lwjgl\3.3.3\lwjgl-3.3.3-natives-windows.jar;C:\Users\kgaft\.m2\repository\org\lwjgl\lwjgl-assimp\3.3.3\lwjgl-assimp-3.3.3-natives-windows.jar;C:\Users\kgaft\.m2\repository\org\lwjgl\lwjgl-glfw\3.3.3\lwjgl-glfw-3.3.3-natives-windows.jar;C:\Users\kgaft\.m2\repository\org\lwjgl\lwjgl-shaderc\3.3.3\lwjgl-shaderc-3.3.3-natives-windows.jar;C:\Users\kgaft\.m2\repository\org\lwjgl\lwjgl-stb\3.3.3\lwjgl-stb-3.3.3-natives-windows.jar;C:\Users\kgaft\.m2\repository\org\joml\joml\1.10.6\joml-1.10.6.jar;C:\Users\kgaft\.m2\repository\org\jetbrains\kotlin\kotlin-stdlib-jdk8\1.8.20\kotlin-stdlib-jdk8-1.8.20.jar;C:\Users\kgaft\.m2\repository\org\jetbrains\kotlin\kotlin-stdlib\1.8.20\kotlin-stdlib-1.8.20.jar;C:\Users\kgaft\.m2\repository\org\jetbrains\kotlin\kotlin-stdlib-common\1.8.20\kotlin-stdlib-common-1.8.20.jar;C:\Users\kgaft\.m2\repository\org\jetbrains\annotations\13.0\annotations-13.0.jar;C:\Users\kgaft\.m2\repository\org\jetbrains\kotlin\kotlin-stdlib-jdk7\1.8.20\kotlin-stdlib-jdk7-1.8.20.jar;C:\Program Files\JetBrains\IntelliJ IDEA Community Edition 2024.1.4\lib\idea_rt.jar
Launcher Type: SUN_STANDARD

[Global flags]
     intx CICompilerCount                          = 12                                        {product} {ergonomic}
     uint ConcGCThreads                            = 4                                         {product} {ergonomic}
     bool EnableJVMCIProduct                       = true                                {JVMCI product} {jimage}
     uint G1ConcRefinementThreads                  = 15                                        {product} {ergonomic}
   size_t G1HeapRegionSize                         = 4194304                                   {product} {ergonomic}
   size_t InitialHeapSize                          = 532676608                                 {product} {ergonomic}
   size_t MarkStackSize                            = 4194304                                   {product} {ergonomic}
   size_t MaxHeapSize                              = 8493465600                                {product} {ergonomic}
   size_t MaxNewSize                               = 5096079360                                {product} {ergonomic}
   size_t MinHeapDeltaBytes                        = 4194304                                   {product} {ergonomic}
   size_t MinHeapSize                              = 8388608                                   {product} {ergonomic}
    uintx NonNMethodCodeHeapSize                   = 10453100                               {pd product} {ergonomic}
    uintx NonProfiledCodeHeapSize                  = 120602570                              {pd product} {ergonomic}
    uintx ProfiledCodeHeapSize                     = 120602570                              {pd product} {ergonomic}
    uintx ReservedCodeCacheSize                    = 251658240                              {pd product} {ergonomic}
     bool SegmentedCodeCache                       = true                                      {product} {ergonomic}
   size_t SoftMaxHeapSize                          = 8493465600                             {manageable} {ergonomic}
      int ThreadPriorityPolicy                     = 1                                         {product} {jimage}
     bool UseCompressedOops                        = true                           {product lp64_product} {ergonomic}
     bool UseG1GC                                  = true                                      {product} {ergonomic}
     bool UseLargePagesIndividualAllocation        = false                                  {pd product} {ergonomic}

Logging:
Log output configuration:
 #0: stdout all=warning uptime,level,tags foldmultilines=false
 #1: stderr all=off uptime,level,tags foldmultilines=false

Environment Variables:
JAVA_HOME=C:\graalvm-jdk-22.0.2+9.1
PATH=C:\Windows\system32;C:\Windows;C:\Windows\System32\Wbem;C:\Windows\System32\WindowsPowerShell\v1.0\;C:\Windows\System32\OpenSSH\;C:\Program Files (x86)\NVIDIA Corporation\PhysX\Common;C:\Program Files\NVIDIA Corporation\NVIDIA NvDLISR;C:\Program Files (x86)\Windows Kits\10\Windows Performance Toolkit\;C:\Program Files\CMake\bin;C:\graalvm-jdk-22.0.2+9.1\bin;C:\Program Files\Git\cmd;C:\Users\kgaft\AppData\Local\Microsoft\WindowsApps;;C:\Program Files\JetBrains\IntelliJ IDEA Community Edition 2024.1.4\bin;
USERNAME=kgaft
OS=Windows_NT
PROCESSOR_IDENTIFIER=Intel64 Family 6 Model 154 Stepping 3, GenuineIntel
TMP=C:\!TEMP
TEMP=C:\!TEMP




Periodic native trim disabled

---------------  S Y S T E M  ---------------

OS:
 Windows 10 , 64 bit Build 19041 (10.0.19041.4597)
OS uptime: 0 days 4:16 hours

CPU: total 20 (initial active 20) (10 cores per cpu, 2 threads per core) family 6 model 154 stepping 3 microcode 0x421, cx8, cmov, fxsr, ht, mmx, 3dnowpref, sse, sse2, sse3, ssse3, sse4.1, sse4.2, popcnt, lzcnt, tsc, tscinvbit, avx, avx2, aes, erms, clmul, bmi1, bmi2, adx, sha, fma, vzeroupper, clflush, clflushopt, clwb, serialize, rdtscp, rdpid, fsrm, f16c, pku, cet_ibt, cet_ss
Processor Information for all 20 processors :
  Max Mhz: 2300, Current Mhz: 2300, Mhz Limit: 2300

Memory: 4k page, system-wide physical 32395M (22123M free)
TotalPageFile size 40591M (AvailPageFile size 27824M)
current process WorkingSet (physical memory assigned to process): 380M, peak: 382M
current process commit charge ("private bytes"): 939M, peak: 939M

vm_info: Java HotSpot(TM) 64-Bit Server VM (22.0.2+9-jvmci-b01) for windows-amd64 JRE (22.0.2+9-jvmci-b01), built on 2024-06-05T21:30:56Z by "OCIWIN18Buildbot" with MS VC++ 17.6 (VS2022)

END.
