#
# A fatal error has been detected by the Java Runtime Environment:
#
#  SIGSEGV (0xb) at pc=0x00007f600815ea55, pid=8852, tid=8856
#
# JRE version: OpenJDK Runtime Environment 21.0.3_p9 (21.0.3+9) (build 21.0.3+9)
# Java VM: OpenJDK 64-Bit Server VM 21.0.3_p9 (21.0.3+9, mixed mode, sharing, tiered, compressed oops, compressed class ptrs, g1 gc, linux-amd64)
# Problematic frame:
# C  [libc.so.6+0x158a55]
#
# No core dump will be written. Core dumps have been disabled. To enable core dumping, try "ulimit -c unlimited" before starting Java again
#
# If you would like to submit a bug report, please visit:
#   https://bugs.openjdk.java.net
# The crash happened outside the Java Virtual Machine in native code.
# See problematic frame for where to report the bug.
#

---------------  S U M M A R Y ------------

Command Line: -agentlib:jdwp=transport=dt_socket,address=127.0.0.1:38729,suspend=y,server=n -javaagent:/home/kgaft/TarBalls/idea-IC-241.18034.62/plugins/java/lib/rt/debugger-agent.jar -Dfile.encoding=UTF-8 -Dsun.stdout.encoding=UTF-8 -Dsun.stderr.encoding=UTF-8 com.kgaft.VulkanLib.Main

Host: AMD Ryzen 7 5700X 8-Core Processor, 16 cores, 23G, DISTRIB_ID="Gentoo"
Time: Sun Jul 14 22:54:59 2024 MSK elapsed time: 170.946618 seconds (0d 0h 2m 50s)

---------------  T H R E A D  ---------------

Current thread (0x00007f600002c580):  JavaThread "main"             [_thread_in_native, id=8856, stack(0x00007f6006b00000,0x00007f6006c00000) (1024K)]

Stack: [0x00007f6006b00000,0x00007f6006c00000],  sp=0x00007f6006bfdb88,  free space=1014k
Native frames: (J=compiled Java code, j=interpreted, Vv=VM code, C=native code)
C  [libc.so.6+0x158a55]
Java frames: (J=compiled Java code, j=interpreted, Vv=VM code)
j  org.lwjgl.system.JNI.callPPPPI(JJJJJ)I+0
j  org.lwjgl.vulkan.VK10.nvkCreateDevice(Lorg/lwjgl/vulkan/VkPhysicalDevice;JJJ)I+29
j  org.lwjgl.vulkan.VK10.vkCreateDevice(Lorg/lwjgl/vulkan/VkPhysicalDevice;Lorg/lwjgl/vulkan/VkDeviceCreateInfo;Lorg/lwjgl/vulkan/VkAllocationCallbacks;Lorg/lwjgl/PointerBuffer;)I+24
j  com.kgaft.VulkanLib.Device.LogicalDevice.LogicalDevice.<init>(Lcom/kgaft/VulkanLib/Instance/Instance;Lcom/kgaft/VulkanLib/Device/PhysicalDevice/PhysicalDevice;Lcom/kgaft/VulkanLib/Device/DeviceBuilder;Lcom/kgaft/VulkanLib/Device/PhysicalDevice/DeviceSuitabilityResults;)V+522
j  com.kgaft.VulkanLib.Main.main([Ljava/lang/String;)V+201
v  ~StubRoutines::call_stub 0x00007f5fefc5fcc6

siginfo: si_signo: 11 (SIGSEGV), si_code: 1 (SEGV_MAPERR), si_addr: 0x0000000000000010

Registers:
RAX=0x00007f600016adb0, RBX=0x00007f6006bfdce0, RCX=0x00007f6000000030, RDX=0x0000000000000004
RSP=0x00007f6006bfdb88, RBP=0x00007f6000567510, RSI=0x0000000000000010, RDI=0x00007f600016adb0
R8 =0x0000000000000020, R9 =0x0000000000000001, R10=0x0000000000000000, R11=0x0000000000000001
R12=0x00007f6006bfe490, R13=0x00007f5f30021ef8, R14=0x0000000000000001, R15=0x00007f6006bfe490
RIP=0x00007f600815ea55, EFLAGS=0x0000000000010246, CSGSFS=0x002b000000000033, ERR=0x0000000000000004
  TRAPNO=0x000000000000000e


Register to memory mapping:

RAX=0x00007f600016adb0 points into unknown readable memory: 0x00007f60000000c0 | c0 00 00 00 60 7f 00 00
RBX=0x00007f6006bfdce0 is pointing into the stack for thread: 0x00007f600002c580
RCX=0x00007f6000000030 points into unknown readable memory: 0x0000000200000000 | 00 00 00 00 02 00 00 00
RDX=0x0000000000000004 is an unknown value
RSP=0x00007f6006bfdb88 is pointing into the stack for thread: 0x00007f600002c580
RBP=0x00007f6000567510 points into unknown readable memory: 0x0000000000000002 | 02 00 00 00 00 00 00 00
RSI=0x0000000000000010 is an unknown value
RDI=0x00007f600016adb0 points into unknown readable memory: 0x00007f60000000c0 | c0 00 00 00 60 7f 00 00
R8 =0x0000000000000020 is an unknown value
R9 =0x0000000000000001 is an unknown value
R10=0x0 is null
R11=0x0000000000000001 is an unknown value
R12=0x00007f6006bfe490 is pointing into the stack for thread: 0x00007f600002c580
R13=0x00007f5f30021ef8 points into unknown readable memory: 0x0000000000000002 | 02 00 00 00 00 00 00 00
R14=0x0000000000000001 is an unknown value
R15=0x00007f6006bfe490 is pointing into the stack for thread: 0x00007f600002c580

Top of Stack: (sp=0x00007f6006bfdb88)
0x00007f6006bfdb88:   00007f5fcd8320a7 00007f6006bfdeb0
0x00007f6006bfdb98:   00007f6006bfe310 00007f6006bfdd30
0x00007f6006bfdba8:   00007f6006bfdca0 00007f60007ead40
0x00007f6006bfdbb8:   00007f5fccfcc0a0 000000000000177c
0x00007f6006bfdbc8:   0000000000000000 0000000000000000
0x00007f6006bfdbd8:   0000000000000000 00007f5f784d9868
0x00007f6006bfdbe8:   00007f5fe040ac40 00007f60007ec180
0x00007f6006bfdbf8:   00007f5fe0409910 0000000000403000
0x00007f6006bfdc08:   00007f6006bfdce0 00007f6006bfdd10
0x00007f6006bfdc18:   00007f6007e31420 0000000000000000
0x00007f6006bfdc28:   00007f6006bfe448 0000000000000000
0x00007f6006bfdc38:   00007f60006f2430 0000000000000000
0x00007f6006bfdc48:   0000000000000000 0000000000000000
0x00007f6006bfdc58:   0000000000000000 0000000000000000
0x00007f6006bfdc68:   0000000000000000 0000000000000000
0x00007f6006bfdc78:   0000000000000000 0000000000000000
0x00007f6006bfdc88:   0000000000000000 0000000000000000
0x00007f6006bfdc98:   0000000000000000 415f4b5600000001
0x00007f6006bfdca8:   00007f6006bfdd10 00007f6006bfdd10
0x00007f6006bfdcb8:   00007f5f3400d1e2 00007f6006bfde90
0x00007f6006bfdcc8:   0000000000000000 00007f600002c938
0x00007f6006bfdcd8:   00007f5ffffb4946 00007f6000000003
0x00007f6006bfdce8:   00007f60001f1840 0000000100000000
0x00007f6006bfdcf8:   00007f5f30021ef8 00007f6000000001
0x00007f6006bfdd08:   00007f60009a19c0 00007f6000000011
0x00007f6006bfdd18:   00007f60009a2280 0000000000000000
0x00007f6006bfdd28:   00007f6006bfddf8 0001000001000001
0x00007f6006bfdd38:   0002020202020000 0000000000000000
0x00007f6006bfdd48:   0001000001000000 0000000000000000
0x00007f6006bfdd58:   0200010101010000 0101010000000000
0x00007f6006bfdd68:   0002000000020202 0102020002020000
0x00007f6006bfdd78:   0202010000000200 0100020202020202 

Instructions: (pc=0x00007f600815ea55)
0x00007f600815e955:   89 f8 48 01 d0 eb 1b 0f 1f 40 00 f3 0f 1e fa 48
0x00007f600815e965:   39 d1 0f 82 b3 d5 fb ff 0f 1f 00 f3 0f 1e fa 48
0x00007f600815e975:   89 f8 48 83 fa 20 0f 82 af 00 00 00 c5 fe 6f 06
0x00007f600815e985:   48 83 fa 40 0f 87 3e 01 00 00 c5 fe 6f 4c 16 e0
0x00007f600815e995:   c5 fe 7f 07 c5 fe 7f 4c 17 e0 c5 f8 77 c3 66 66
0x00007f600815e9a5:   2e 0f 1f 84 00 00 00 00 00 66 90 f3 0f 1e fa 48
0x00007f600815e9b5:   39 d1 0f 82 63 d5 fb ff 0f 1f 00 f3 0f 1e fa 48
0x00007f600815e9c5:   89 f8 48 01 d0 eb 3b 0f 1f 40 00 f3 0f 1e fa 48
0x00007f600815e9d5:   39 d1 0f 82 43 d5 fb ff 66 66 2e 0f 1f 84 00 00
0x00007f600815e9e5:   00 00 00 66 66 2e 0f 1f 84 00 00 00 00 00 66 66
0x00007f600815e9f5:   2e 0f 1f 84 00 00 00 00 00 66 90 f3 0f 1e fa 48
0x00007f600815ea05:   89 f8 48 83 fa 20 72 23 c5 fe 6f 06 48 83 fa 40
0x00007f600815ea15:   0f 87 a5 00 00 00 c5 fe 6f 4c 16 e0 c5 fe 7f 07
0x00007f600815ea25:   c5 fe 7f 4c 17 e0 c5 f8 77 c3 90 83 fa 10 73 2d
0x00007f600815ea35:   83 fa 08 73 46 83 fa 04 73 16 83 fa 01 7c 10 8a
0x00007f600815ea45:   0e 74 0a 0f b7 74 16 fe 66 89 74 17 fe 88 0f c3
0x00007f600815ea55:   8b 4c 16 fc 8b 36 89 4c 17 fc 89 37 c3 c5 fa 6f
0x00007f600815ea65:   06 c5 fa 6f 4c 16 f0 c5 fa 7f 07 c5 fa 7f 4c 17
0x00007f600815ea75:   f0 c3 66 0f 1f 84 00 00 00 00 00 48 8b 4c 16 f8
0x00007f600815ea85:   48 8b 36 48 89 37 48 89 4c 17 f8 c3 c5 fe 6f 54
0x00007f600815ea95:   16 e0 c5 fe 6f 5c 16 c0 c5 fe 7f 07 c5 fe 7f 4f
0x00007f600815eaa5:   20 c5 fe 7f 54 17 e0 c5 fe 7f 5c 17 c0 c5 f8 77
0x00007f600815eab5:   c3 66 2e 0f 1f 84 00 00 00 00 00 48 3b 15 51 07
0x00007f600815eac5:   08 00 0f 87 f3 01 00 00 48 81 fa 00 01 00 00 77
0x00007f600815ead5:   5f c5 fe 6f 4e 20 48 81 fa 80 00 00 00 76 ad c5
0x00007f600815eae5:   fe 6f 56 40 c5 fe 6f 5e 60 c5 fe 6f 64 16 e0 c5
0x00007f600815eaf5:   fe 6f 6c 16 c0 c5 fe 6f 74 16 a0 c5 fe 6f 7c 16
0x00007f600815eb05:   80 c5 fe 7f 07 c5 fe 7f 4f 20 c5 fe 7f 57 40 c5
0x00007f600815eb15:   fe 7f 5f 60 c5 fe 7f 64 17 e0 c5 fe 7f 6c 17 c0
0x00007f600815eb25:   c5 fe 7f 74 17 a0 c5 fe 7f 7c 17 80 c5 f8 77 c3
0x00007f600815eb35:   48 89 f9 48 29 f1 48 39 d1 0f 82 ac 00 00 00 48
0x00007f600815eb45:   3b 15 e5 76 08 00 0f 87 cf 01 00 00 4c 8d 04 11 


Stack slot to memory mapping:

stack at sp + 0 slots: 0x00007f5fcd8320a7: <offset 0x00000000012320a7> in /opt/vulkan_sdk/1.3.283.0/x86_64/lib/libVkLayer_khronos_validation.so at 0x00007f5fcc600000
stack at sp + 1 slots: 0x00007f6006bfdeb0 is pointing into the stack for thread: 0x00007f600002c580
stack at sp + 2 slots: 0x00007f6006bfe310 is pointing into the stack for thread: 0x00007f600002c580
stack at sp + 3 slots: 0x00007f6006bfdd30 is pointing into the stack for thread: 0x00007f600002c580
stack at sp + 4 slots: 0x00007f6006bfdca0 is pointing into the stack for thread: 0x00007f600002c580
stack at sp + 5 slots: 0x00007f60007ead40 points into unknown readable memory: 0x00007f5fcde8f0d0 | d0 f0 e8 cd 5f 7f 00 00
stack at sp + 6 slots: 0x00007f5fccfcc0a0: <offset 0x00000000009cc0a0> in /opt/vulkan_sdk/1.3.283.0/x86_64/lib/libVkLayer_khronos_validation.so at 0x00007f5fcc600000
stack at sp + 7 slots: 0x000000000000177c is an unknown value


---------------  P R O C E S S  ---------------

Threads class SMR info:
_java_thread_list=0x00007f5f28003e80, length=11, elements={
0x00007f600002c580, 0x00007f6000181070, 0x00007f60001826c0, 0x00007f6000184190,
0x00007f60001857d0, 0x00007f6000186d70, 0x00007f6000188930, 0x00007f6000189ff0,
0x00007f60001a3e40, 0x00007f6000204c00, 0x00007f600021c620
}

Java Threads: ( => current thread )
=>0x00007f600002c580 JavaThread "main"                              [_thread_in_native, id=8856, stack(0x00007f6006b00000,0x00007f6006c00000) (1024K)]
  0x00007f6000181070 JavaThread "Reference Handler"          daemon [_thread_blocked, id=8869, stack(0x00007f5fe13f7000,0x00007f5fe14f7000) (1024K)]
  0x00007f60001826c0 JavaThread "Finalizer"                  daemon [_thread_blocked, id=8871, stack(0x00007f5fe12f7000,0x00007f5fe13f7000) (1024K)]
  0x00007f6000184190 JavaThread "Signal Dispatcher"          daemon [_thread_blocked, id=8874, stack(0x00007f5fe11f7000,0x00007f5fe12f7000) (1024K)]
  0x00007f60001857d0 JavaThread "Service Thread"             daemon [_thread_blocked, id=8876, stack(0x00007f5fe10f7000,0x00007f5fe11f7000) (1024K)]
  0x00007f6000186d70 JavaThread "Monitor Deflation Thread"   daemon [_thread_blocked, id=8878, stack(0x00007f5fe0ff7000,0x00007f5fe10f7000) (1024K)]
  0x00007f6000188930 JavaThread "C2 CompilerThread0"         daemon [_thread_blocked, id=8880, stack(0x00007f5fe0ef7000,0x00007f5fe0ff7000) (1024K)]
  0x00007f6000189ff0 JavaThread "C1 CompilerThread0"         daemon [_thread_blocked, id=8881, stack(0x00007f5fe0df7000,0x00007f5fe0ef7000) (1024K)]
  0x00007f60001a3e40 JavaThread "Common-Cleaner"             daemon [_thread_blocked, id=8884, stack(0x00007f5fe0c27000,0x00007f5fe0d27000) (1024K)]
  0x00007f6000204c00 JavaThread "JDWP Event Helper Thread"   daemon [_thread_blocked, id=8890, stack(0x00007f5fe0927000,0x00007f5fe0a27000) (1024K)]
  0x00007f600021c620 JavaThread "Notification Thread"        daemon [_thread_blocked, id=8894, stack(0x00007f5fe0727000,0x00007f5fe0827000) (1024K)]
Total: 11

Other Threads:
  0x00007f6000174b20 VMThread "VM Thread"                           [id=8867, stack(0x00007f5fe14f8000,0x00007f5fe15f8000) (1024K)]
  0x00007f600015a270 WatcherThread "VM Periodic Task Thread"        [id=8865, stack(0x00007f5fe15f9000,0x00007f5fe16f9000) (1024K)]
  0x00007f60000b31d0 WorkerThread "GC Thread#0"                     [id=8858, stack(0x00007f6004b00000,0x00007f6004c00000) (1024K)]
  0x00007f5f70011050 WorkerThread "GC Thread#1"                     [id=8922, stack(0x00007f5fd8ad3000,0x00007f5fd8bd3000) (1024K)]
  0x00007f5f70011d60 WorkerThread "GC Thread#2"                     [id=8923, stack(0x00007f5fd8100000,0x00007f5fd8200000) (1024K)]
  0x00007f5f70012ad0 WorkerThread "GC Thread#3"                     [id=8924, stack(0x00007f5fce100000,0x00007f5fce200000) (1024K)]
  0x00007f5f70013870 WorkerThread "GC Thread#4"                     [id=8925, stack(0x00007f5fcc500000,0x00007f5fcc600000) (1024K)]
  0x00007f5f70014660 WorkerThread "GC Thread#5"                     [id=8926, stack(0x00007f5fcc3ff000,0x00007f5fcc4ff000) (1024K)]
  0x00007f5f70015450 WorkerThread "GC Thread#6"                     [id=8927, stack(0x00007f5fcc2fe000,0x00007f5fcc3fe000) (1024K)]
  0x00007f5f70016240 WorkerThread "GC Thread#7"                     [id=8928, stack(0x00007f5fcc1fd000,0x00007f5fcc2fd000) (1024K)]
  0x00007f5f70017030 WorkerThread "GC Thread#8"                     [id=8929, stack(0x00007f5fcc0fc000,0x00007f5fcc1fc000) (1024K)]
  0x00007f5f7001e100 WorkerThread "GC Thread#9"                     [id=8930, stack(0x00007f5f82f00000,0x00007f5f83000000) (1024K)]
  0x00007f60000c0310 ConcurrentGCThread "G1 Main Marker"            [id=8860, stack(0x00007f60049ff000,0x00007f6004aff000) (1024K)]
  0x00007f60000c12b0 WorkerThread "G1 Conc#0"                       [id=8861, stack(0x00007f60048fe000,0x00007f60049fe000) (1024K)]
  0x00007f6000148640 ConcurrentGCThread "G1 Refine#0"               [id=8862, stack(0x00007f5fe17fb000,0x00007f5fe18fb000) (1024K)]
  0x00007f60001495f0 ConcurrentGCThread "G1 Service"                [id=8863, stack(0x00007f5fe16fa000,0x00007f5fe17fa000) (1024K)]
Total: 16

Threads with active compile tasks:
Total: 0

VM state: not at safepoint (normal execution)

VM Mutex/Monitor currently owned by a thread: None

Heap address: 0x0000000689c00000, size: 5988 MB, Compressed Oops mode: Zero based, Oop shift amount: 3

CDS archive(s) mapped at: [0x00007f5f83000000-0x00007f5f83cab000-0x00007f5f83cab000), size 13283328, SharedBaseAddress: 0x00007f5f83000000, ArchiveRelocationMode: 1.
Compressed class space mapped at: 0x00007f5f84000000-0x00007f5fc4000000, reserved size: 1073741824
Narrow klass base: 0x00007f5f83000000, Narrow klass shift: 0, Narrow klass range: 0x100000000

GC Precious Log:
 CardTable entry size: 512
 Card Set container configuration: InlinePtr #cards 4 size 8 Array Of Cards #cards 32 size 80 Howl #buckets 8 coarsen threshold 7372 Howl Bitmap #cards 1024 size 144 coarsen threshold 921 Card regions per heap region 1 cards per card region 8192
 CPUs: 16 total, 16 available
 Memory: 23936M
 Large Page Support: Disabled
 NUMA Support: Disabled
 Compressed Oops: Enabled (Zero based)
 Heap Region Size: 4M
 Heap Min Capacity: 8M
 Heap Initial Capacity: 376M
 Heap Max Capacity: 5988M
 Pre-touch: Disabled
 Parallel Workers: 13
 Concurrent Workers: 3
 Concurrent Refinement Workers: 13
 Periodic GC: Disabled

Heap:
 garbage-first heap   total 389120K, used 12045K [0x0000000689c00000, 0x0000000800000000)
  region size 4096K, 4 young (16384K), 1 survivors (4096K)
 Metaspace       used 8870K, committed 9152K, reserved 1114112K
  class space    used 613K, committed 704K, reserved 1048576K

Heap Regions: E=young(eden), S=young(survivor), O=old, HS=humongous(starts), HC=humongous(continues), CS=collection set, F=free, TAMS=top-at-mark-start, PB=parsable bottom
|   0|0x0000000689c00000, 0x0000000689c00000, 0x000000068a000000|  0%| F|  |TAMS 0x0000000689c00000| PB 0x0000000689c00000| Untracked 
|   1|0x000000068a000000, 0x000000068a000000, 0x000000068a400000|  0%| F|  |TAMS 0x000000068a000000| PB 0x000000068a000000| Untracked 
|   2|0x000000068a400000, 0x000000068a400000, 0x000000068a800000|  0%| F|  |TAMS 0x000000068a400000| PB 0x000000068a400000| Untracked 
|   3|0x000000068a800000, 0x000000068a800000, 0x000000068ac00000|  0%| F|  |TAMS 0x000000068a800000| PB 0x000000068a800000| Untracked 
|   4|0x000000068ac00000, 0x000000068ac00000, 0x000000068b000000|  0%| F|  |TAMS 0x000000068ac00000| PB 0x000000068ac00000| Untracked 
|   5|0x000000068b000000, 0x000000068b000000, 0x000000068b400000|  0%| F|  |TAMS 0x000000068b000000| PB 0x000000068b000000| Untracked 
|   6|0x000000068b400000, 0x000000068b400000, 0x000000068b800000|  0%| F|  |TAMS 0x000000068b400000| PB 0x000000068b400000| Untracked 
|   7|0x000000068b800000, 0x000000068b800000, 0x000000068bc00000|  0%| F|  |TAMS 0x000000068b800000| PB 0x000000068b800000| Untracked 
|   8|0x000000068bc00000, 0x000000068bc00000, 0x000000068c000000|  0%| F|  |TAMS 0x000000068bc00000| PB 0x000000068bc00000| Untracked 
|   9|0x000000068c000000, 0x000000068c000000, 0x000000068c400000|  0%| F|  |TAMS 0x000000068c000000| PB 0x000000068c000000| Untracked 
|  10|0x000000068c400000, 0x000000068c400000, 0x000000068c800000|  0%| F|  |TAMS 0x000000068c400000| PB 0x000000068c400000| Untracked 
|  11|0x000000068c800000, 0x000000068c800000, 0x000000068cc00000|  0%| F|  |TAMS 0x000000068c800000| PB 0x000000068c800000| Untracked 
|  12|0x000000068cc00000, 0x000000068cc00000, 0x000000068d000000|  0%| F|  |TAMS 0x000000068cc00000| PB 0x000000068cc00000| Untracked 
|  13|0x000000068d000000, 0x000000068d000000, 0x000000068d400000|  0%| F|  |TAMS 0x000000068d000000| PB 0x000000068d000000| Untracked 
|  14|0x000000068d400000, 0x000000068d400000, 0x000000068d800000|  0%| F|  |TAMS 0x000000068d400000| PB 0x000000068d400000| Untracked 
|  15|0x000000068d800000, 0x000000068d800000, 0x000000068dc00000|  0%| F|  |TAMS 0x000000068d800000| PB 0x000000068d800000| Untracked 
|  16|0x000000068dc00000, 0x000000068dc00000, 0x000000068e000000|  0%| F|  |TAMS 0x000000068dc00000| PB 0x000000068dc00000| Untracked 
|  17|0x000000068e000000, 0x000000068e000000, 0x000000068e400000|  0%| F|  |TAMS 0x000000068e000000| PB 0x000000068e000000| Untracked 
|  18|0x000000068e400000, 0x000000068e400000, 0x000000068e800000|  0%| F|  |TAMS 0x000000068e400000| PB 0x000000068e400000| Untracked 
|  19|0x000000068e800000, 0x000000068e800000, 0x000000068ec00000|  0%| F|  |TAMS 0x000000068e800000| PB 0x000000068e800000| Untracked 
|  20|0x000000068ec00000, 0x000000068ec00000, 0x000000068f000000|  0%| F|  |TAMS 0x000000068ec00000| PB 0x000000068ec00000| Untracked 
|  21|0x000000068f000000, 0x000000068f000000, 0x000000068f400000|  0%| F|  |TAMS 0x000000068f000000| PB 0x000000068f000000| Untracked 
|  22|0x000000068f400000, 0x000000068f400000, 0x000000068f800000|  0%| F|  |TAMS 0x000000068f400000| PB 0x000000068f400000| Untracked 
|  23|0x000000068f800000, 0x000000068f800000, 0x000000068fc00000|  0%| F|  |TAMS 0x000000068f800000| PB 0x000000068f800000| Untracked 
|  24|0x000000068fc00000, 0x000000068fc00000, 0x0000000690000000|  0%| F|  |TAMS 0x000000068fc00000| PB 0x000000068fc00000| Untracked 
|  25|0x0000000690000000, 0x0000000690000000, 0x0000000690400000|  0%| F|  |TAMS 0x0000000690000000| PB 0x0000000690000000| Untracked 
|  26|0x0000000690400000, 0x0000000690400000, 0x0000000690800000|  0%| F|  |TAMS 0x0000000690400000| PB 0x0000000690400000| Untracked 
|  27|0x0000000690800000, 0x0000000690800000, 0x0000000690c00000|  0%| F|  |TAMS 0x0000000690800000| PB 0x0000000690800000| Untracked 
|  28|0x0000000690c00000, 0x0000000690c00000, 0x0000000691000000|  0%| F|  |TAMS 0x0000000690c00000| PB 0x0000000690c00000| Untracked 
|  29|0x0000000691000000, 0x0000000691000000, 0x0000000691400000|  0%| F|  |TAMS 0x0000000691000000| PB 0x0000000691000000| Untracked 
|  30|0x0000000691400000, 0x0000000691400000, 0x0000000691800000|  0%| F|  |TAMS 0x0000000691400000| PB 0x0000000691400000| Untracked 
|  31|0x0000000691800000, 0x0000000691800000, 0x0000000691c00000|  0%| F|  |TAMS 0x0000000691800000| PB 0x0000000691800000| Untracked 
|  32|0x0000000691c00000, 0x0000000691c00000, 0x0000000692000000|  0%| F|  |TAMS 0x0000000691c00000| PB 0x0000000691c00000| Untracked 
|  33|0x0000000692000000, 0x0000000692000000, 0x0000000692400000|  0%| F|  |TAMS 0x0000000692000000| PB 0x0000000692000000| Untracked 
|  34|0x0000000692400000, 0x0000000692400000, 0x0000000692800000|  0%| F|  |TAMS 0x0000000692400000| PB 0x0000000692400000| Untracked 
|  35|0x0000000692800000, 0x0000000692800000, 0x0000000692c00000|  0%| F|  |TAMS 0x0000000692800000| PB 0x0000000692800000| Untracked 
|  36|0x0000000692c00000, 0x0000000692c00000, 0x0000000693000000|  0%| F|  |TAMS 0x0000000692c00000| PB 0x0000000692c00000| Untracked 
|  37|0x0000000693000000, 0x0000000693000000, 0x0000000693400000|  0%| F|  |TAMS 0x0000000693000000| PB 0x0000000693000000| Untracked 
|  38|0x0000000693400000, 0x0000000693400000, 0x0000000693800000|  0%| F|  |TAMS 0x0000000693400000| PB 0x0000000693400000| Untracked 
|  39|0x0000000693800000, 0x0000000693800000, 0x0000000693c00000|  0%| F|  |TAMS 0x0000000693800000| PB 0x0000000693800000| Untracked 
|  40|0x0000000693c00000, 0x0000000693c00000, 0x0000000694000000|  0%| F|  |TAMS 0x0000000693c00000| PB 0x0000000693c00000| Untracked 
|  41|0x0000000694000000, 0x0000000694000000, 0x0000000694400000|  0%| F|  |TAMS 0x0000000694000000| PB 0x0000000694000000| Untracked 
|  42|0x0000000694400000, 0x0000000694400000, 0x0000000694800000|  0%| F|  |TAMS 0x0000000694400000| PB 0x0000000694400000| Untracked 
|  43|0x0000000694800000, 0x0000000694800000, 0x0000000694c00000|  0%| F|  |TAMS 0x0000000694800000| PB 0x0000000694800000| Untracked 
|  44|0x0000000694c00000, 0x0000000694c00000, 0x0000000695000000|  0%| F|  |TAMS 0x0000000694c00000| PB 0x0000000694c00000| Untracked 
|  45|0x0000000695000000, 0x0000000695000000, 0x0000000695400000|  0%| F|  |TAMS 0x0000000695000000| PB 0x0000000695000000| Untracked 
|  46|0x0000000695400000, 0x0000000695400000, 0x0000000695800000|  0%| F|  |TAMS 0x0000000695400000| PB 0x0000000695400000| Untracked 
|  47|0x0000000695800000, 0x0000000695800000, 0x0000000695c00000|  0%| F|  |TAMS 0x0000000695800000| PB 0x0000000695800000| Untracked 
|  48|0x0000000695c00000, 0x0000000695c00000, 0x0000000696000000|  0%| F|  |TAMS 0x0000000695c00000| PB 0x0000000695c00000| Untracked 
|  49|0x0000000696000000, 0x0000000696000000, 0x0000000696400000|  0%| F|  |TAMS 0x0000000696000000| PB 0x0000000696000000| Untracked 
|  50|0x0000000696400000, 0x0000000696400000, 0x0000000696800000|  0%| F|  |TAMS 0x0000000696400000| PB 0x0000000696400000| Untracked 
|  51|0x0000000696800000, 0x0000000696800000, 0x0000000696c00000|  0%| F|  |TAMS 0x0000000696800000| PB 0x0000000696800000| Untracked 
|  52|0x0000000696c00000, 0x0000000696c00000, 0x0000000697000000|  0%| F|  |TAMS 0x0000000696c00000| PB 0x0000000696c00000| Untracked 
|  53|0x0000000697000000, 0x0000000697000000, 0x0000000697400000|  0%| F|  |TAMS 0x0000000697000000| PB 0x0000000697000000| Untracked 
|  54|0x0000000697400000, 0x0000000697400000, 0x0000000697800000|  0%| F|  |TAMS 0x0000000697400000| PB 0x0000000697400000| Untracked 
|  55|0x0000000697800000, 0x0000000697800000, 0x0000000697c00000|  0%| F|  |TAMS 0x0000000697800000| PB 0x0000000697800000| Untracked 
|  56|0x0000000697c00000, 0x0000000697c00000, 0x0000000698000000|  0%| F|  |TAMS 0x0000000697c00000| PB 0x0000000697c00000| Untracked 
|  57|0x0000000698000000, 0x0000000698000000, 0x0000000698400000|  0%| F|  |TAMS 0x0000000698000000| PB 0x0000000698000000| Untracked 
|  58|0x0000000698400000, 0x0000000698400000, 0x0000000698800000|  0%| F|  |TAMS 0x0000000698400000| PB 0x0000000698400000| Untracked 
|  59|0x0000000698800000, 0x0000000698800000, 0x0000000698c00000|  0%| F|  |TAMS 0x0000000698800000| PB 0x0000000698800000| Untracked 
|  60|0x0000000698c00000, 0x0000000698c00000, 0x0000000699000000|  0%| F|  |TAMS 0x0000000698c00000| PB 0x0000000698c00000| Untracked 
|  61|0x0000000699000000, 0x0000000699000000, 0x0000000699400000|  0%| F|  |TAMS 0x0000000699000000| PB 0x0000000699000000| Untracked 
|  62|0x0000000699400000, 0x0000000699400000, 0x0000000699800000|  0%| F|  |TAMS 0x0000000699400000| PB 0x0000000699400000| Untracked 
|  63|0x0000000699800000, 0x0000000699800000, 0x0000000699c00000|  0%| F|  |TAMS 0x0000000699800000| PB 0x0000000699800000| Untracked 
|  64|0x0000000699c00000, 0x0000000699c00000, 0x000000069a000000|  0%| F|  |TAMS 0x0000000699c00000| PB 0x0000000699c00000| Untracked 
|  65|0x000000069a000000, 0x000000069a000000, 0x000000069a400000|  0%| F|  |TAMS 0x000000069a000000| PB 0x000000069a000000| Untracked 
|  66|0x000000069a400000, 0x000000069a400000, 0x000000069a800000|  0%| F|  |TAMS 0x000000069a400000| PB 0x000000069a400000| Untracked 
|  67|0x000000069a800000, 0x000000069a800000, 0x000000069ac00000|  0%| F|  |TAMS 0x000000069a800000| PB 0x000000069a800000| Untracked 
|  68|0x000000069ac00000, 0x000000069ac00000, 0x000000069b000000|  0%| F|  |TAMS 0x000000069ac00000| PB 0x000000069ac00000| Untracked 
|  69|0x000000069b000000, 0x000000069b000000, 0x000000069b400000|  0%| F|  |TAMS 0x000000069b000000| PB 0x000000069b000000| Untracked 
|  70|0x000000069b400000, 0x000000069b400000, 0x000000069b800000|  0%| F|  |TAMS 0x000000069b400000| PB 0x000000069b400000| Untracked 
|  71|0x000000069b800000, 0x000000069b800000, 0x000000069bc00000|  0%| F|  |TAMS 0x000000069b800000| PB 0x000000069b800000| Untracked 
|  72|0x000000069bc00000, 0x000000069bc00000, 0x000000069c000000|  0%| F|  |TAMS 0x000000069bc00000| PB 0x000000069bc00000| Untracked 
|  73|0x000000069c000000, 0x000000069c000000, 0x000000069c400000|  0%| F|  |TAMS 0x000000069c000000| PB 0x000000069c000000| Untracked 
|  74|0x000000069c400000, 0x000000069c400000, 0x000000069c800000|  0%| F|  |TAMS 0x000000069c400000| PB 0x000000069c400000| Untracked 
|  75|0x000000069c800000, 0x000000069c800000, 0x000000069cc00000|  0%| F|  |TAMS 0x000000069c800000| PB 0x000000069c800000| Untracked 
|  76|0x000000069cc00000, 0x000000069cc00000, 0x000000069d000000|  0%| F|  |TAMS 0x000000069cc00000| PB 0x000000069cc00000| Untracked 
|  77|0x000000069d000000, 0x000000069d000000, 0x000000069d400000|  0%| F|  |TAMS 0x000000069d000000| PB 0x000000069d000000| Untracked 
|  78|0x000000069d400000, 0x000000069d400000, 0x000000069d800000|  0%| F|  |TAMS 0x000000069d400000| PB 0x000000069d400000| Untracked 
|  79|0x000000069d800000, 0x000000069d800000, 0x000000069dc00000|  0%| F|  |TAMS 0x000000069d800000| PB 0x000000069d800000| Untracked 
|  80|0x000000069dc00000, 0x000000069dc00000, 0x000000069e000000|  0%| F|  |TAMS 0x000000069dc00000| PB 0x000000069dc00000| Untracked 
|  81|0x000000069e000000, 0x000000069e000000, 0x000000069e400000|  0%| F|  |TAMS 0x000000069e000000| PB 0x000000069e000000| Untracked 
|  82|0x000000069e400000, 0x000000069e400000, 0x000000069e800000|  0%| F|  |TAMS 0x000000069e400000| PB 0x000000069e400000| Untracked 
|  83|0x000000069e800000, 0x000000069e800000, 0x000000069ec00000|  0%| F|  |TAMS 0x000000069e800000| PB 0x000000069e800000| Untracked 
|  84|0x000000069ec00000, 0x000000069ec00000, 0x000000069f000000|  0%| F|  |TAMS 0x000000069ec00000| PB 0x000000069ec00000| Untracked 
|  85|0x000000069f000000, 0x000000069f000000, 0x000000069f400000|  0%| F|  |TAMS 0x000000069f000000| PB 0x000000069f000000| Untracked 
|  86|0x000000069f400000, 0x000000069f400000, 0x000000069f800000|  0%| F|  |TAMS 0x000000069f400000| PB 0x000000069f400000| Untracked 
|  87|0x000000069f800000, 0x000000069f800000, 0x000000069fc00000|  0%| F|  |TAMS 0x000000069f800000| PB 0x000000069f800000| Untracked 
|  88|0x000000069fc00000, 0x000000069febbb78, 0x00000006a0000000| 68%| S|CS|TAMS 0x000000069fc00000| PB 0x000000069fc00000| Complete 
|  89|0x00000006a0000000, 0x00000006a0000000, 0x00000006a0400000|  0%| F|  |TAMS 0x00000006a0000000| PB 0x00000006a0000000| Untracked 
|  90|0x00000006a0400000, 0x00000006a0400000, 0x00000006a0800000|  0%| F|  |TAMS 0x00000006a0400000| PB 0x00000006a0400000| Untracked 
|  91|0x00000006a0800000, 0x00000006a09dae98, 0x00000006a0c00000| 46%| E|  |TAMS 0x00000006a0800000| PB 0x00000006a0800000| Complete 
|  92|0x00000006a0c00000, 0x00000006a1000000, 0x00000006a1000000|100%| E|CS|TAMS 0x00000006a0c00000| PB 0x00000006a0c00000| Complete 
|  93|0x00000006a1000000, 0x00000006a1400000, 0x00000006a1400000|100%| E|CS|TAMS 0x00000006a1000000| PB 0x00000006a1000000| Complete 
|1496|0x00000007ffc00000, 0x00000007ffd07900, 0x0000000800000000| 25%| O|  |TAMS 0x00000007ffc00000| PB 0x00000007ffc00000| Untracked 

Card table byte_map: [0x00007f5fe7c00000,0x00007f5fe87b2000] _byte_map_base: 0x00007f5fe47b2000

Marking Bits: (CMBitMap*) 0x00007f60000b3cf0
 Bits: [0x00007f5fe1e00000, 0x00007f5fe7b90000)

Polling page: 0x00007f60081ed000

Metaspace:

Usage:
  Non-class:      8.06 MB used.
      Class:    613.20 KB used.
       Both:      8.66 MB used.

Virtual space:
  Non-class space:       64.00 MB reserved,       8.25 MB ( 13%) committed,  1 nodes.
      Class space:        1.00 GB reserved,     704.00 KB ( <1%) committed,  1 nodes.
             Both:        1.06 GB reserved,       8.94 MB ( <1%) committed. 

Chunk freelists:
   Non-Class:  6.12 MB
       Class:  15.25 MB
        Both:  21.37 MB

MaxMetaspaceSize: unlimited
CompressedClassSpaceSize: 1.00 GB
Initial GC threshold: 21.00 MB
Current GC threshold: 21.00 MB
CDS: on
 - commit_granule_bytes: 65536.
 - commit_granule_words: 8192.
 - virtual_space_node_default_size: 8388608.
 - enlarge_chunks_in_place: 1.
 - use_allocation_guard: 0.


Internal statistics:

num_allocs_failed_limit: 0.
num_arena_births: 230.
num_arena_deaths: 0.
num_vsnodes_births: 2.
num_vsnodes_deaths: 0.
num_space_committed: 143.
num_space_uncommitted: 0.
num_chunks_returned_to_freelist: 0.
num_chunks_taken_from_freelist: 479.
num_chunk_merges: 0.
num_chunk_splits: 363.
num_chunks_enlarged: 269.
num_inconsistent_stats: 0.

CodeHeap 'non-profiled nmethods': size=119168Kb used=420Kb max_used=420Kb free=118747Kb
 bounds [0x00007f5ff03a0000, 0x00007f5ff0610000, 0x00007f5ff7800000]
CodeHeap 'profiled nmethods': size=119164Kb used=2242Kb max_used=2242Kb free=116921Kb
 bounds [0x00007f5fe8800000, 0x00007f5fe8a70000, 0x00007f5fefc5f000]
CodeHeap 'non-nmethods': size=7428Kb used=2137Kb max_used=3829Kb free=5290Kb
 bounds [0x00007f5fefc5f000, 0x00007f5ff001f000, 0x00007f5ff03a0000]
 total_blobs=2388 nmethods=1300 adapters=994
 compilation: enabled
              stopped_count=0, restarted_count=0
 full_count=0

Compilation events (20 events):
Event: 25.605 Thread 0x00007f6000189ff0 nmethod 1283 0x00007f5fe8a2b290 code [0x00007f5fe8a2b420, 0x00007f5fe8a2b530]
Event: 25.605 Thread 0x00007f6000189ff0 1287       3       jdk.internal.org.objectweb.asm.Type::getReturnTypeOffset (64 bytes)
Event: 25.606 Thread 0x00007f6000189ff0 nmethod 1287 0x00007f5fe8a2b590 code [0x00007f5fe8a2b880, 0x00007f5fe8a2ca00]
Event: 25.606 Thread 0x00007f6000189ff0 1288       3       java.util.ArrayList::isEmpty (13 bytes)
Event: 25.606 Thread 0x00007f6000189ff0 nmethod 1288 0x00007f5fe8a2d110 code [0x00007f5fe8a2d2a0, 0x00007f5fe8a2d400]
Event: 25.606 Thread 0x00007f6000189ff0 1289       3       java.util.ArrayList::iterator (9 bytes)
Event: 25.606 Thread 0x00007f6000189ff0 nmethod 1289 0x00007f5fe8a2d490 code [0x00007f5fe8a2d640, 0x00007f5fe8a2d8d8]
Event: 25.606 Thread 0x00007f6000189ff0 1290       3       java.util.ArrayList$Itr::<init> (26 bytes)
Event: 25.606 Thread 0x00007f6000189ff0 nmethod 1290 0x00007f5fe8a2da10 code [0x00007f5fe8a2dbc0, 0x00007f5fe8a2dd98]
Event: 25.606 Thread 0x00007f6000189ff0 1292       3       java.lang.invoke.MethodHandles$Lookup::checkSecurityManager (97 bytes)
Event: 25.606 Thread 0x00007f6000189ff0 nmethod 1292 0x00007f5fe8a2de90 code [0x00007f5fe8a2e0a0, 0x00007f5fe8a2e5b8]
Event: 25.606 Thread 0x00007f6000189ff0 1294       3       java.lang.invoke.InvokerBytecodeGenerator::emitReferenceCast (188 bytes)
Event: 25.606 Thread 0x00007f6000189ff0 nmethod 1294 0x00007f5fe8a2e790 code [0x00007f5fe8a2ea60, 0x00007f5fe8a2f750]
Event: 170.943 Thread 0x00007f6000189ff0 1295       3       java.lang.invoke.MemberName::getType (19 bytes)
Event: 170.944 Thread 0x00007f6000189ff0 nmethod 1295 0x00007f5fe8a2fb10 code [0x00007f5fe8a2fce0, 0x00007f5fe8a2ffe0]
